#Build: Fabric Compiler 2020.3-Lite, Build 71107, Mar 15 18:01 2021
#Install: D:\pango\PDS_2020.3-Lite\bin
#Application name: pds_shell.exe
#OS: Windows 10 10.0.19044
#Hostname: DESKTOP-CRQ4OKO
Generated by Fabric Compiler (version 2020.3-Lite build 71107) at Tue Nov  8 20:27:57 2022
Compiling verification operator library.
Loading technology operator library.
Compiling technology operator library.
Compiling technology operator (valence) library.
I: Enable Verilog2k features and keywords
Executing : .rtl_analyze -include_path {E:/Arm/purple_light/ddr3_hdmi_v3/ddr3_hdmi} E:/Arm/purple_light/ddr3_hdmi_v3/ddr3_hdmi/source/i2c_master/i2c_master_bit_ctrl.v
I: Verilog-0001: Analyzing file E:/Arm/purple_light/ddr3_hdmi_v3/ddr3_hdmi/source/i2c_master/i2c_master_bit_ctrl.v
I: Verilog-0002: [E:/Arm/purple_light/ddr3_hdmi_v3/ddr3_hdmi/source/i2c_master/i2c_master_bit_ctrl.v(line number: 143)] Analyzing module i2c_master_bit_ctrl (library work)
Parsing done.
Executing : .rtl_analyze -include_path {E:/Arm/purple_light/ddr3_hdmi_v3/ddr3_hdmi} E:/Arm/purple_light/ddr3_hdmi_v3/ddr3_hdmi/source/i2c_master/i2c_master_bit_ctrl.v successfully.
Executing : .rtl_analyze -include_path {E:/Arm/purple_light/ddr3_hdmi_v3/ddr3_hdmi} E:/Arm/purple_light/ddr3_hdmi_v3/ddr3_hdmi/source/i2c_master/i2c_master_byte_ctrl.v
I: Verilog-0001: Analyzing file E:/Arm/purple_light/ddr3_hdmi_v3/ddr3_hdmi/source/i2c_master/i2c_master_byte_ctrl.v
W: Public-4030: File 'E:/Arm/purple_light/ddr3_hdmi_v3/ddr3_hdmi/source/i2c_master/i2c_master_defines.v' has been added. It is skipped.
I: Verilog-0002: [E:/Arm/purple_light/ddr3_hdmi_v3/ddr3_hdmi/source/i2c_master/i2c_master_byte_ctrl.v(line number: 75)] Analyzing module i2c_master_byte_ctrl (library work)
Parsing done.
Executing : .rtl_analyze -include_path {E:/Arm/purple_light/ddr3_hdmi_v3/ddr3_hdmi} E:/Arm/purple_light/ddr3_hdmi_v3/ddr3_hdmi/source/i2c_master/i2c_master_byte_ctrl.v successfully.
W: Public-4030: File 'E:/Arm/purple_light/ddr3_hdmi_v3/ddr3_hdmi/source/i2c_master/i2c_master_defines.v' has been added. It is skipped.
Executing : .rtl_analyze -include_path {E:/Arm/purple_light/ddr3_hdmi_v3/ddr3_hdmi} E:/Arm/purple_light/ddr3_hdmi_v3/ddr3_hdmi/source/i2c_master/i2c_master_defines.v
I: Verilog-0001: Analyzing file E:/Arm/purple_light/ddr3_hdmi_v3/ddr3_hdmi/source/i2c_master/i2c_master_defines.v
Parsing done.
Executing : .rtl_analyze -include_path {E:/Arm/purple_light/ddr3_hdmi_v3/ddr3_hdmi} E:/Arm/purple_light/ddr3_hdmi_v3/ddr3_hdmi/source/i2c_master/i2c_master_defines.v successfully.
Executing : .rtl_analyze -include_path {E:/Arm/purple_light/ddr3_hdmi_v3/ddr3_hdmi} E:/Arm/purple_light/ddr3_hdmi_v3/ddr3_hdmi/source/i2c_master/i2c_master_top.v
I: Verilog-0001: Analyzing file E:/Arm/purple_light/ddr3_hdmi_v3/ddr3_hdmi/source/i2c_master/i2c_master_top.v
I: Verilog-0002: [E:/Arm/purple_light/ddr3_hdmi_v3/ddr3_hdmi/source/i2c_master/i2c_master_top.v(line number: 30)] Analyzing module i2c_master_top (library work)
Parsing done.
Executing : .rtl_analyze -include_path {E:/Arm/purple_light/ddr3_hdmi_v3/ddr3_hdmi} E:/Arm/purple_light/ddr3_hdmi_v3/ddr3_hdmi/source/i2c_master/i2c_master_top.v successfully.
Executing : .rtl_analyze -include_path {E:/Arm/purple_light/ddr3_hdmi_v3/ddr3_hdmi} E:/Arm/purple_light/ddr3_hdmi_v3/ddr3_hdmi/source/i2c_master/timescale.v
I: Verilog-0001: Analyzing file E:/Arm/purple_light/ddr3_hdmi_v3/ddr3_hdmi/source/i2c_master/timescale.v
Parsing done.
Executing : .rtl_analyze -include_path {E:/Arm/purple_light/ddr3_hdmi_v3/ddr3_hdmi} E:/Arm/purple_light/ddr3_hdmi_v3/ddr3_hdmi/source/i2c_master/timescale.v successfully.
Executing : .rtl_analyze -include_path {E:/Arm/purple_light/ddr3_hdmi_v3/ddr3_hdmi} E:/Arm/purple_light/ddr3_hdmi_v3/ddr3_hdmi/source/sources_1/aq_axi_master.v
I: Verilog-0001: Analyzing file E:/Arm/purple_light/ddr3_hdmi_v3/ddr3_hdmi/source/sources_1/aq_axi_master.v
I: Verilog-0002: [E:/Arm/purple_light/ddr3_hdmi_v3/ddr3_hdmi/source/sources_1/aq_axi_master.v(line number: 39)] Analyzing module aq_axi_master (library work)
Parsing done.
Executing : .rtl_analyze -include_path {E:/Arm/purple_light/ddr3_hdmi_v3/ddr3_hdmi} E:/Arm/purple_light/ddr3_hdmi_v3/ddr3_hdmi/source/sources_1/aq_axi_master.v successfully.
Executing : .rtl_analyze -include_path {E:/Arm/purple_light/ddr3_hdmi_v3/ddr3_hdmi} E:/Arm/purple_light/ddr3_hdmi_v3/ddr3_hdmi/source/sources_1/cmos_8_16bit.v
I: Verilog-0001: Analyzing file E:/Arm/purple_light/ddr3_hdmi_v3/ddr3_hdmi/source/sources_1/cmos_8_16bit.v
I: Verilog-0002: [E:/Arm/purple_light/ddr3_hdmi_v3/ddr3_hdmi/source/sources_1/cmos_8_16bit.v(line number: 30)] Analyzing module cmos_8_16bit (library work)
Parsing done.
Executing : .rtl_analyze -include_path {E:/Arm/purple_light/ddr3_hdmi_v3/ddr3_hdmi} E:/Arm/purple_light/ddr3_hdmi_v3/ddr3_hdmi/source/sources_1/cmos_8_16bit.v successfully.
Executing : .rtl_analyze -include_path {E:/Arm/purple_light/ddr3_hdmi_v3/ddr3_hdmi} E:/Arm/purple_light/ddr3_hdmi_v3/ddr3_hdmi/source/sources_1/cmos_write_req_gen.v
I: Verilog-0001: Analyzing file E:/Arm/purple_light/ddr3_hdmi_v3/ddr3_hdmi/source/sources_1/cmos_write_req_gen.v
I: Verilog-0002: [E:/Arm/purple_light/ddr3_hdmi_v3/ddr3_hdmi/source/sources_1/cmos_write_req_gen.v(line number: 30)] Analyzing module cmos_write_req_gen (library work)
Parsing done.
Executing : .rtl_analyze -include_path {E:/Arm/purple_light/ddr3_hdmi_v3/ddr3_hdmi} E:/Arm/purple_light/ddr3_hdmi_v3/ddr3_hdmi/source/sources_1/cmos_write_req_gen.v successfully.
Executing : .rtl_analyze -include_path {E:/Arm/purple_light/ddr3_hdmi_v3/ddr3_hdmi} E:/Arm/purple_light/ddr3_hdmi_v3/ddr3_hdmi/source/sources_1/color_bar.v
I: Verilog-0001: Analyzing file E:/Arm/purple_light/ddr3_hdmi_v3/ddr3_hdmi/source/sources_1/color_bar.v
I: Verilog-0002: [E:/Arm/purple_light/ddr3_hdmi_v3/ddr3_hdmi/source/sources_1/color_bar.v(line number: 33)] Analyzing module color_bar (library work)
Parsing done.
Executing : .rtl_analyze -include_path {E:/Arm/purple_light/ddr3_hdmi_v3/ddr3_hdmi} E:/Arm/purple_light/ddr3_hdmi_v3/ddr3_hdmi/source/sources_1/color_bar.v successfully.
Executing : .rtl_analyze -include_path {E:/Arm/purple_light/ddr3_hdmi_v3/ddr3_hdmi} E:/Arm/purple_light/ddr3_hdmi_v3/ddr3_hdmi/source/sources_1/frame_fifo_read.v
I: Verilog-0001: Analyzing file E:/Arm/purple_light/ddr3_hdmi_v3/ddr3_hdmi/source/sources_1/frame_fifo_read.v
I: Verilog-0002: [E:/Arm/purple_light/ddr3_hdmi_v3/ddr3_hdmi/source/sources_1/frame_fifo_read.v(line number: 31)] Analyzing module frame_fifo_read (library work)
Parsing done.
Executing : .rtl_analyze -include_path {E:/Arm/purple_light/ddr3_hdmi_v3/ddr3_hdmi} E:/Arm/purple_light/ddr3_hdmi_v3/ddr3_hdmi/source/sources_1/frame_fifo_read.v successfully.
Executing : .rtl_analyze -include_path {E:/Arm/purple_light/ddr3_hdmi_v3/ddr3_hdmi} E:/Arm/purple_light/ddr3_hdmi_v3/ddr3_hdmi/source/sources_1/frame_fifo_write.v
I: Verilog-0001: Analyzing file E:/Arm/purple_light/ddr3_hdmi_v3/ddr3_hdmi/source/sources_1/frame_fifo_write.v
I: Verilog-0002: [E:/Arm/purple_light/ddr3_hdmi_v3/ddr3_hdmi/source/sources_1/frame_fifo_write.v(line number: 31)] Analyzing module frame_fifo_write (library work)
Parsing done.
Executing : .rtl_analyze -include_path {E:/Arm/purple_light/ddr3_hdmi_v3/ddr3_hdmi} E:/Arm/purple_light/ddr3_hdmi_v3/ddr3_hdmi/source/sources_1/frame_fifo_write.v successfully.
Executing : .rtl_analyze -include_path {E:/Arm/purple_light/ddr3_hdmi_v3/ddr3_hdmi} E:/Arm/purple_light/ddr3_hdmi_v3/ddr3_hdmi/source/sources_1/frame_read_write.v
I: Verilog-0001: Analyzing file E:/Arm/purple_light/ddr3_hdmi_v3/ddr3_hdmi/source/sources_1/frame_read_write.v
I: Verilog-0002: [E:/Arm/purple_light/ddr3_hdmi_v3/ddr3_hdmi/source/sources_1/frame_read_write.v(line number: 31)] Analyzing module frame_read_write (library work)
Parsing done.
Executing : .rtl_analyze -include_path {E:/Arm/purple_light/ddr3_hdmi_v3/ddr3_hdmi} E:/Arm/purple_light/ddr3_hdmi_v3/ddr3_hdmi/source/sources_1/frame_read_write.v successfully.
Executing : .rtl_analyze -include_path {E:/Arm/purple_light/ddr3_hdmi_v3/ddr3_hdmi} E:/Arm/purple_light/ddr3_hdmi_v3/ddr3_hdmi/source/sources_1/lut_ov5640_rgb565_1024_768.v
I: Verilog-0001: Analyzing file E:/Arm/purple_light/ddr3_hdmi_v3/ddr3_hdmi/source/sources_1/lut_ov5640_rgb565_1024_768.v
I: Verilog-0002: [E:/Arm/purple_light/ddr3_hdmi_v3/ddr3_hdmi/source/sources_1/lut_ov5640_rgb565_1024_768.v(line number: 30)] Analyzing module lut_ov5640_rgb565_1024_768 (library work)
Parsing done.
Executing : .rtl_analyze -include_path {E:/Arm/purple_light/ddr3_hdmi_v3/ddr3_hdmi} E:/Arm/purple_light/ddr3_hdmi_v3/ddr3_hdmi/source/sources_1/lut_ov5640_rgb565_1024_768.v successfully.
Executing : .rtl_analyze -include_path {E:/Arm/purple_light/ddr3_hdmi_v3/ddr3_hdmi} E:/Arm/purple_light/ddr3_hdmi_v3/ddr3_hdmi/source/sources_1/top.v
I: Verilog-0001: Analyzing file E:/Arm/purple_light/ddr3_hdmi_v3/ddr3_hdmi/source/sources_1/top.v
I: Verilog-0002: [E:/Arm/purple_light/ddr3_hdmi_v3/ddr3_hdmi/source/sources_1/top.v(line number: 30)] Analyzing module top (library work)
Parsing done.
Executing : .rtl_analyze -include_path {E:/Arm/purple_light/ddr3_hdmi_v3/ddr3_hdmi} E:/Arm/purple_light/ddr3_hdmi_v3/ddr3_hdmi/source/sources_1/top.v successfully.
W: Public-4030: File 'E:/Arm/purple_light/ddr3_hdmi_v3/ddr3_hdmi/source/sources_1/video_define.v' has been added. It is skipped.
Executing : .rtl_analyze -include_path {E:/Arm/purple_light/ddr3_hdmi_v3/ddr3_hdmi} E:/Arm/purple_light/ddr3_hdmi_v3/ddr3_hdmi/source/sources_1/video_define.v
I: Verilog-0001: Analyzing file E:/Arm/purple_light/ddr3_hdmi_v3/ddr3_hdmi/source/sources_1/video_define.v
Parsing done.
Executing : .rtl_analyze -include_path {E:/Arm/purple_light/ddr3_hdmi_v3/ddr3_hdmi} E:/Arm/purple_light/ddr3_hdmi_v3/ddr3_hdmi/source/sources_1/video_define.v successfully.
Executing : .rtl_analyze -include_path {E:/Arm/purple_light/ddr3_hdmi_v3/ddr3_hdmi} E:/Arm/purple_light/ddr3_hdmi_v3/ddr3_hdmi/source/sources_1/video_timing_data.v
I: Verilog-0001: Analyzing file E:/Arm/purple_light/ddr3_hdmi_v3/ddr3_hdmi/source/sources_1/video_timing_data.v
I: Verilog-0002: [E:/Arm/purple_light/ddr3_hdmi_v3/ddr3_hdmi/source/sources_1/video_timing_data.v(line number: 30)] Analyzing module video_timing_data (library work)
Parsing done.
Executing : .rtl_analyze -include_path {E:/Arm/purple_light/ddr3_hdmi_v3/ddr3_hdmi} E:/Arm/purple_light/ddr3_hdmi_v3/ddr3_hdmi/source/sources_1/video_timing_data.v successfully.
Executing : .rtl_analyze -include_path {E:/Arm/purple_light/ddr3_hdmi_v3/ddr3_hdmi} E:/Arm/purple_light/ddr3_hdmi_v3/ddr3_hdmi/source/dvi_tx/dvi_encoder.v
I: Verilog-0001: Analyzing file E:/Arm/purple_light/ddr3_hdmi_v3/ddr3_hdmi/source/dvi_tx/dvi_encoder.v
I: Verilog-0002: [E:/Arm/purple_light/ddr3_hdmi_v3/ddr3_hdmi/source/dvi_tx/dvi_encoder.v(line number: 2)] Analyzing module dvi_encoder (library work)
Parsing done.
Executing : .rtl_analyze -include_path {E:/Arm/purple_light/ddr3_hdmi_v3/ddr3_hdmi} E:/Arm/purple_light/ddr3_hdmi_v3/ddr3_hdmi/source/dvi_tx/dvi_encoder.v successfully.
Executing : .rtl_analyze -include_path {E:/Arm/purple_light/ddr3_hdmi_v3/ddr3_hdmi} E:/Arm/purple_light/ddr3_hdmi_v3/ddr3_hdmi/source/dvi_tx/encode.v
I: Verilog-0001: Analyzing file E:/Arm/purple_light/ddr3_hdmi_v3/ddr3_hdmi/source/dvi_tx/encode.v
I: Verilog-0002: [E:/Arm/purple_light/ddr3_hdmi_v3/ddr3_hdmi/source/dvi_tx/encode.v(line number: 46)] Analyzing module encode (library work)
Parsing done.
Executing : .rtl_analyze -include_path {E:/Arm/purple_light/ddr3_hdmi_v3/ddr3_hdmi} E:/Arm/purple_light/ddr3_hdmi_v3/ddr3_hdmi/source/dvi_tx/encode.v successfully.
Executing : .rtl_analyze -include_path {E:/Arm/purple_light/ddr3_hdmi_v3/ddr3_hdmi} E:/Arm/purple_light/ddr3_hdmi_v3/ddr3_hdmi/source/dvi_tx/serdes_4b_10to1.v
I: Verilog-0001: Analyzing file E:/Arm/purple_light/ddr3_hdmi_v3/ddr3_hdmi/source/dvi_tx/serdes_4b_10to1.v
I: Verilog-0002: [E:/Arm/purple_light/ddr3_hdmi_v3/ddr3_hdmi/source/dvi_tx/serdes_4b_10to1.v(line number: 3)] Analyzing module serdes_4b_10to1 (library work)
Parsing done.
Executing : .rtl_analyze -include_path {E:/Arm/purple_light/ddr3_hdmi_v3/ddr3_hdmi} E:/Arm/purple_light/ddr3_hdmi_v3/ddr3_hdmi/source/dvi_tx/serdes_4b_10to1.v successfully.
Executing : .rtl_analyze -include_path {E:/Arm/purple_light/ddr3_hdmi_v3/ddr3_hdmi} E:/Arm/purple_light/ddr3_hdmi_v3/ddr3_hdmi/source/rtl/ipsl_hmic_h_ddrc_apb_reset_v1_1.v
I: Verilog-0001: Analyzing file E:/Arm/purple_light/ddr3_hdmi_v3/ddr3_hdmi/source/rtl/ipsl_hmic_h_ddrc_apb_reset_v1_1.v
I: Verilog-0002: [E:/Arm/purple_light/ddr3_hdmi_v3/ddr3_hdmi/source/rtl/ipsl_hmic_h_ddrc_apb_reset_v1_1.v(line number: 17)] Analyzing module ipsl_hmic_h_ddrc_apb_reset_v1_1 (library work)
Parsing done.
Executing : .rtl_analyze -include_path {E:/Arm/purple_light/ddr3_hdmi_v3/ddr3_hdmi} E:/Arm/purple_light/ddr3_hdmi_v3/ddr3_hdmi/source/rtl/ipsl_hmic_h_ddrc_apb_reset_v1_1.v successfully.
Executing : .rtl_analyze -include_path {E:/Arm/purple_light/ddr3_hdmi_v3/ddr3_hdmi} E:/Arm/purple_light/ddr3_hdmi_v3/ddr3_hdmi/source/rtl/ipsl_hmic_h_ddrc_reset_ctrl_v1_1.v
I: Verilog-0001: Analyzing file E:/Arm/purple_light/ddr3_hdmi_v3/ddr3_hdmi/source/rtl/ipsl_hmic_h_ddrc_reset_ctrl_v1_1.v
I: Verilog-0002: [E:/Arm/purple_light/ddr3_hdmi_v3/ddr3_hdmi/source/rtl/ipsl_hmic_h_ddrc_reset_ctrl_v1_1.v(line number: 17)] Analyzing module ipsl_hmic_h_ddrc_reset_ctrl_v1_1 (library work)
Parsing done.
Executing : .rtl_analyze -include_path {E:/Arm/purple_light/ddr3_hdmi_v3/ddr3_hdmi} E:/Arm/purple_light/ddr3_hdmi_v3/ddr3_hdmi/source/rtl/ipsl_hmic_h_ddrc_reset_ctrl_v1_1.v successfully.
Executing : .rtl_analyze -include_path {E:/Arm/purple_light/ddr3_hdmi_v3/ddr3_hdmi} E:/Arm/purple_light/ddr3_hdmi_v3/ddr3_hdmi/source/rtl/ipsl_hmic_h_ddrc_top_v1_1.v
I: Verilog-0001: Analyzing file E:/Arm/purple_light/ddr3_hdmi_v3/ddr3_hdmi/source/rtl/ipsl_hmic_h_ddrc_top_v1_1.v
I: Verilog-0002: [E:/Arm/purple_light/ddr3_hdmi_v3/ddr3_hdmi/source/rtl/ipsl_hmic_h_ddrc_top_v1_1.v(line number: 17)] Analyzing module ipsl_hmic_h_ddrc_top_v1_1 (library work)
Parsing done.
Executing : .rtl_analyze -include_path {E:/Arm/purple_light/ddr3_hdmi_v3/ddr3_hdmi} E:/Arm/purple_light/ddr3_hdmi_v3/ddr3_hdmi/source/rtl/ipsl_hmic_h_ddrc_top_v1_1.v successfully.
Executing : .rtl_analyze -include_path {E:/Arm/purple_light/ddr3_hdmi_v3/ddr3_hdmi} E:/Arm/purple_light/ddr3_hdmi_v3/ddr3_hdmi/source/rtl/ipsl_hmic_h_ddrphy_dll_update_ctrl_v1_1.v
I: Verilog-0001: Analyzing file E:/Arm/purple_light/ddr3_hdmi_v3/ddr3_hdmi/source/rtl/ipsl_hmic_h_ddrphy_dll_update_ctrl_v1_1.v
I: Verilog-0002: [E:/Arm/purple_light/ddr3_hdmi_v3/ddr3_hdmi/source/rtl/ipsl_hmic_h_ddrphy_dll_update_ctrl_v1_1.v(line number: 17)] Analyzing module ipsl_hmic_h_ddrphy_dll_update_ctrl_v1_1 (library work)
Parsing done.
Executing : .rtl_analyze -include_path {E:/Arm/purple_light/ddr3_hdmi_v3/ddr3_hdmi} E:/Arm/purple_light/ddr3_hdmi_v3/ddr3_hdmi/source/rtl/ipsl_hmic_h_ddrphy_dll_update_ctrl_v1_1.v successfully.
Executing : .rtl_analyze -include_path {E:/Arm/purple_light/ddr3_hdmi_v3/ddr3_hdmi} E:/Arm/purple_light/ddr3_hdmi_v3/ddr3_hdmi/source/rtl/ipsl_hmic_h_ddrphy_reset_ctrl_v1_1.v
I: Verilog-0001: Analyzing file E:/Arm/purple_light/ddr3_hdmi_v3/ddr3_hdmi/source/rtl/ipsl_hmic_h_ddrphy_reset_ctrl_v1_1.v
I: Verilog-0002: [E:/Arm/purple_light/ddr3_hdmi_v3/ddr3_hdmi/source/rtl/ipsl_hmic_h_ddrphy_reset_ctrl_v1_1.v(line number: 17)] Analyzing module ipsl_hmic_h_ddrphy_reset_ctrl_v1_1 (library work)
Parsing done.
Executing : .rtl_analyze -include_path {E:/Arm/purple_light/ddr3_hdmi_v3/ddr3_hdmi} E:/Arm/purple_light/ddr3_hdmi_v3/ddr3_hdmi/source/rtl/ipsl_hmic_h_ddrphy_reset_ctrl_v1_1.v successfully.
Executing : .rtl_analyze -include_path {E:/Arm/purple_light/ddr3_hdmi_v3/ddr3_hdmi} E:/Arm/purple_light/ddr3_hdmi_v3/ddr3_hdmi/source/rtl/ipsl_hmic_h_ddrphy_training_ctrl_v1_1.v
I: Verilog-0001: Analyzing file E:/Arm/purple_light/ddr3_hdmi_v3/ddr3_hdmi/source/rtl/ipsl_hmic_h_ddrphy_training_ctrl_v1_1.v
I: Verilog-0002: [E:/Arm/purple_light/ddr3_hdmi_v3/ddr3_hdmi/source/rtl/ipsl_hmic_h_ddrphy_training_ctrl_v1_1.v(line number: 17)] Analyzing module ipsl_hmic_h_ddrphy_training_ctrl_v1_1 (library work)
Parsing done.
Executing : .rtl_analyze -include_path {E:/Arm/purple_light/ddr3_hdmi_v3/ddr3_hdmi} E:/Arm/purple_light/ddr3_hdmi_v3/ddr3_hdmi/source/rtl/ipsl_hmic_h_ddrphy_training_ctrl_v1_1.v successfully.
Executing : .rtl_analyze -include_path {E:/Arm/purple_light/ddr3_hdmi_v3/ddr3_hdmi} E:/Arm/purple_light/ddr3_hdmi_v3/ddr3_hdmi/source/rtl/ipsl_hmic_h_ddrphy_update_ctrl_v1_1.v
I: Verilog-0001: Analyzing file E:/Arm/purple_light/ddr3_hdmi_v3/ddr3_hdmi/source/rtl/ipsl_hmic_h_ddrphy_update_ctrl_v1_1.v
I: Verilog-0002: [E:/Arm/purple_light/ddr3_hdmi_v3/ddr3_hdmi/source/rtl/ipsl_hmic_h_ddrphy_update_ctrl_v1_1.v(line number: 17)] Analyzing module ipsl_hmic_h_ddrphy_update_ctrl_v1_1 (library work)
Parsing done.
Executing : .rtl_analyze -include_path {E:/Arm/purple_light/ddr3_hdmi_v3/ddr3_hdmi} E:/Arm/purple_light/ddr3_hdmi_v3/ddr3_hdmi/source/rtl/ipsl_hmic_h_ddrphy_update_ctrl_v1_1.v successfully.
Executing : .rtl_analyze -include_path {E:/Arm/purple_light/ddr3_hdmi_v3/ddr3_hdmi} E:/Arm/purple_light/ddr3_hdmi_v3/ddr3_hdmi/source/rtl/ipsl_hmic_h_phy_io_v1_1.v
I: Verilog-0001: Analyzing file E:/Arm/purple_light/ddr3_hdmi_v3/ddr3_hdmi/source/rtl/ipsl_hmic_h_phy_io_v1_1.v
I: Verilog-0002: [E:/Arm/purple_light/ddr3_hdmi_v3/ddr3_hdmi/source/rtl/ipsl_hmic_h_phy_io_v1_1.v(line number: 17)] Analyzing module ipsl_hmic_h_phy_io_v1_1 (library work)
Parsing done.
Executing : .rtl_analyze -include_path {E:/Arm/purple_light/ddr3_hdmi_v3/ddr3_hdmi} E:/Arm/purple_light/ddr3_hdmi_v3/ddr3_hdmi/source/rtl/ipsl_hmic_h_phy_io_v1_1.v successfully.
Executing : .rtl_analyze -include_path {E:/Arm/purple_light/ddr3_hdmi_v3/ddr3_hdmi} E:/Arm/purple_light/ddr3_hdmi_v3/ddr3_hdmi/source/rtl/ipsl_hmic_h_phy_top_v1_1.v
I: Verilog-0001: Analyzing file E:/Arm/purple_light/ddr3_hdmi_v3/ddr3_hdmi/source/rtl/ipsl_hmic_h_phy_top_v1_1.v
I: Verilog-0002: [E:/Arm/purple_light/ddr3_hdmi_v3/ddr3_hdmi/source/rtl/ipsl_hmic_h_phy_top_v1_1.v(line number: 17)] Analyzing module ipsl_hmic_h_phy_top_v1_1 (library work)
Parsing done.
Executing : .rtl_analyze -include_path {E:/Arm/purple_light/ddr3_hdmi_v3/ddr3_hdmi} E:/Arm/purple_light/ddr3_hdmi_v3/ddr3_hdmi/source/rtl/ipsl_hmic_h_phy_top_v1_1.v successfully.
Executing : .rtl_analyze -include_path {E:/Arm/purple_light/ddr3_hdmi_v3/ddr3_hdmi} E:/Arm/purple_light/ddr3_hdmi_v3/ddr3_hdmi/source/ddr3/ddr3.v
I: Verilog-0001: Analyzing file E:/Arm/purple_light/ddr3_hdmi_v3/ddr3_hdmi/source/ddr3/ddr3.v
I: Verilog-0002: [E:/Arm/purple_light/ddr3_hdmi_v3/ddr3_hdmi/source/ddr3/ddr3.v(line number: 21)] Analyzing module ddr3 (library work)
Parsing done.
Executing : .rtl_analyze -include_path {E:/Arm/purple_light/ddr3_hdmi_v3/ddr3_hdmi} E:/Arm/purple_light/ddr3_hdmi_v3/ddr3_hdmi/source/ddr3/ddr3.v successfully.
Executing : .rtl_analyze -include_path {E:/Arm/purple_light/ddr3_hdmi_v3/ddr3_hdmi} E:/Arm/purple_light/ddr3_hdmi_v3/ddr3_hdmi/source/pll/pll_50_400_v1_1.v
I: Verilog-0001: Analyzing file E:/Arm/purple_light/ddr3_hdmi_v3/ddr3_hdmi/source/pll/pll_50_400_v1_1.v
I: Verilog-0002: [E:/Arm/purple_light/ddr3_hdmi_v3/ddr3_hdmi/source/pll/pll_50_400_v1_1.v(line number: 21)] Analyzing module pll_50_400_v1_1 (library work)
Parsing done.
Executing : .rtl_analyze -include_path {E:/Arm/purple_light/ddr3_hdmi_v3/ddr3_hdmi} E:/Arm/purple_light/ddr3_hdmi_v3/ddr3_hdmi/source/pll/pll_50_400_v1_1.v successfully.
Executing : .rtl_analyze -include_path {E:/Arm/purple_light/ddr3_hdmi_v3/ddr3_hdmi} E:/Arm/purple_light/ddr3_hdmi_v3/ddr3_hdmi/source/rgb_to_ycbcr.v
I: Verilog-0001: Analyzing file E:/Arm/purple_light/ddr3_hdmi_v3/ddr3_hdmi/source/rgb_to_ycbcr.v
I: Verilog-0002: [E:/Arm/purple_light/ddr3_hdmi_v3/ddr3_hdmi/source/rgb_to_ycbcr.v(line number: 13)] Analyzing module rgb_to_ycbcr (library work)
Parsing done.
Executing : .rtl_analyze -include_path {E:/Arm/purple_light/ddr3_hdmi_v3/ddr3_hdmi} E:/Arm/purple_light/ddr3_hdmi_v3/ddr3_hdmi/source/rgb_to_ycbcr.v successfully.
Executing : .rtl_analyze -include_path {E:/Arm/purple_light/ddr3_hdmi_v3/ddr3_hdmi} E:/Arm/purple_light/ddr3_hdmi_v3/ddr3_hdmi/source/fenqu.v
I: Verilog-0001: Analyzing file E:/Arm/purple_light/ddr3_hdmi_v3/ddr3_hdmi/source/fenqu.v
I: Verilog-0002: [E:/Arm/purple_light/ddr3_hdmi_v3/ddr3_hdmi/source/fenqu.v(line number: 1)] Analyzing module fenqu (library work)
Parsing done.
Executing : .rtl_analyze -include_path {E:/Arm/purple_light/ddr3_hdmi_v3/ddr3_hdmi} E:/Arm/purple_light/ddr3_hdmi_v3/ddr3_hdmi/source/fenqu.v successfully.
Executing : .rtl_analyze -include_path {E:/Arm/purple_light/ddr3_hdmi_v3/ddr3_hdmi} E:/Arm/purple_light/ddr3_hdmi_v3/ddr3_hdmi/source/pingjun.v
I: Verilog-0001: Analyzing file E:/Arm/purple_light/ddr3_hdmi_v3/ddr3_hdmi/source/pingjun.v
I: Verilog-0002: [E:/Arm/purple_light/ddr3_hdmi_v3/ddr3_hdmi/source/pingjun.v(line number: 2)] Analyzing module pingjun (library work)
Parsing done.
Executing : .rtl_analyze -include_path {E:/Arm/purple_light/ddr3_hdmi_v3/ddr3_hdmi} E:/Arm/purple_light/ddr3_hdmi_v3/ddr3_hdmi/source/pingjun.v successfully.
Executing : .rtl_analyze -include_path {E:/Arm/purple_light/ddr3_hdmi_v3/ddr3_hdmi} E:/Arm/purple_light/ddr3_hdmi_v3/ddr3_hdmi/source/detect.v
I: Verilog-0001: Analyzing file E:/Arm/purple_light/ddr3_hdmi_v3/ddr3_hdmi/source/detect.v
I: Verilog-0002: [E:/Arm/purple_light/ddr3_hdmi_v3/ddr3_hdmi/source/detect.v(line number: 1)] Analyzing module detect (library work)
Parsing done.
Executing : .rtl_analyze -include_path {E:/Arm/purple_light/ddr3_hdmi_v3/ddr3_hdmi} E:/Arm/purple_light/ddr3_hdmi_v3/ddr3_hdmi/source/detect.v successfully.
Executing : .rtl_analyze -include_path {E:/Arm/purple_light/ddr3_hdmi_v3/ddr3_hdmi} E:/Arm/purple_light/ddr3_hdmi_v3/ddr3_hdmi/source/write_spi_buf.v
I: Verilog-0001: Analyzing file E:/Arm/purple_light/ddr3_hdmi_v3/ddr3_hdmi/source/write_spi_buf.v
I: Verilog-0002: [E:/Arm/purple_light/ddr3_hdmi_v3/ddr3_hdmi/source/write_spi_buf.v(line number: 1)] Analyzing module fenqu (library work)
W: Overwriting previous defined module fenqu
Parsing done.
Executing : .rtl_analyze -include_path {E:/Arm/purple_light/ddr3_hdmi_v3/ddr3_hdmi} E:/Arm/purple_light/ddr3_hdmi_v3/ddr3_hdmi/source/write_spi_buf.v successfully.
Executing : .rtl_analyze -include_path {E:/Arm/purple_light/ddr3_hdmi_v3/ddr3_hdmi} E:/Arm/purple_light/ddr3_hdmi_v3/ddr3_hdmi/source/MBI5353_top.v
I: Verilog-0001: Analyzing file E:/Arm/purple_light/ddr3_hdmi_v3/ddr3_hdmi/source/MBI5353_top.v
I: Verilog-0002: [E:/Arm/purple_light/ddr3_hdmi_v3/ddr3_hdmi/source/MBI5353_top.v(line number: 23)] Analyzing module MBI5353_top (library work)
Parsing done.
Executing : .rtl_analyze -include_path {E:/Arm/purple_light/ddr3_hdmi_v3/ddr3_hdmi} E:/Arm/purple_light/ddr3_hdmi_v3/ddr3_hdmi/source/MBI5353_top.v successfully.
Executing : .rtl_analyze -include_path {E:/Arm/purple_light/ddr3_hdmi_v3/ddr3_hdmi} E:/Arm/purple_light/ddr3_hdmi_v3/ddr3_hdmi/source/sys_clk.v
I: Verilog-0001: Analyzing file E:/Arm/purple_light/ddr3_hdmi_v3/ddr3_hdmi/source/sys_clk.v
I: Verilog-0002: [E:/Arm/purple_light/ddr3_hdmi_v3/ddr3_hdmi/source/sys_clk.v(line number: 23)] Analyzing module sys_clk (library work)
Parsing done.
Executing : .rtl_analyze -include_path {E:/Arm/purple_light/ddr3_hdmi_v3/ddr3_hdmi} E:/Arm/purple_light/ddr3_hdmi_v3/ddr3_hdmi/source/sys_clk.v successfully.
Executing : .rtl_analyze -include_path {E:/Arm/purple_light/ddr3_hdmi_v3/ddr3_hdmi} E:/Arm/purple_light/ddr3_hdmi_v3/ddr3_hdmi/source/CLK.v
I: Verilog-0001: Analyzing file E:/Arm/purple_light/ddr3_hdmi_v3/ddr3_hdmi/source/CLK.v
I: Verilog-0002: [E:/Arm/purple_light/ddr3_hdmi_v3/ddr3_hdmi/source/CLK.v(line number: 23)] Analyzing module CLK (library work)
Parsing done.
Executing : .rtl_analyze -include_path {E:/Arm/purple_light/ddr3_hdmi_v3/ddr3_hdmi} E:/Arm/purple_light/ddr3_hdmi_v3/ddr3_hdmi/source/CLK.v successfully.
Executing : .rtl_analyze -include_path {E:/Arm/purple_light/ddr3_hdmi_v3/ddr3_hdmi} E:/Arm/purple_light/ddr3_hdmi_v3/ddr3_hdmi/source/spi.v
I: Verilog-0001: Analyzing file E:/Arm/purple_light/ddr3_hdmi_v3/ddr3_hdmi/source/spi.v
I: Verilog-0002: [E:/Arm/purple_light/ddr3_hdmi_v3/ddr3_hdmi/source/spi.v(line number: 23)] Analyzing module spi_drive (library work)
Parsing done.
Executing : .rtl_analyze -include_path {E:/Arm/purple_light/ddr3_hdmi_v3/ddr3_hdmi} E:/Arm/purple_light/ddr3_hdmi_v3/ddr3_hdmi/source/spi.v successfully.
Executing : .rtl_analyze -include_path {E:/Arm/purple_light/ddr3_hdmi_v3/ddr3_hdmi} E:/Arm/purple_light/ddr3_hdmi_v3/ddr3_hdmi/source/MBI5353.v
I: Verilog-0001: Analyzing file E:/Arm/purple_light/ddr3_hdmi_v3/ddr3_hdmi/source/MBI5353.v
I: Verilog-0002: [E:/Arm/purple_light/ddr3_hdmi_v3/ddr3_hdmi/source/MBI5353.v(line number: 23)] Analyzing module MBI5353 (library work)
Parsing done.
Executing : .rtl_analyze -include_path {E:/Arm/purple_light/ddr3_hdmi_v3/ddr3_hdmi} E:/Arm/purple_light/ddr3_hdmi_v3/ddr3_hdmi/source/MBI5353.v successfully.
Executing : .rtl_analyze -include_path {E:/Arm/purple_light/ddr3_hdmi_v3/ddr3_hdmi} E:/Arm/purple_light/ddr3_hdmi_v3/ddr3_hdmi/ipcore/afifo_16i_64o_512/rtl/ipml_fifo_v1_5_afifo_16i_64o_512.v
I: Verilog-0001: Analyzing file E:/Arm/purple_light/ddr3_hdmi_v3/ddr3_hdmi/ipcore/afifo_16i_64o_512/rtl/ipml_fifo_v1_5_afifo_16i_64o_512.v
I: Verilog-0002: [E:/Arm/purple_light/ddr3_hdmi_v3/ddr3_hdmi/ipcore/afifo_16i_64o_512/rtl/ipml_fifo_v1_5_afifo_16i_64o_512.v(line number: 25)] Analyzing module ipml_fifo_v1_5_afifo_16i_64o_512 (library work)
Parsing done.
Executing : .rtl_analyze -include_path {E:/Arm/purple_light/ddr3_hdmi_v3/ddr3_hdmi} E:/Arm/purple_light/ddr3_hdmi_v3/ddr3_hdmi/ipcore/afifo_16i_64o_512/rtl/ipml_fifo_v1_5_afifo_16i_64o_512.v successfully.
Executing : .rtl_analyze -include_path {E:/Arm/purple_light/ddr3_hdmi_v3/ddr3_hdmi} E:/Arm/purple_light/ddr3_hdmi_v3/ddr3_hdmi/ipcore/afifo_64i_16o_128/rtl/ipml_fifo_v1_5_afifo_64i_16o_128.v
I: Verilog-0001: Analyzing file E:/Arm/purple_light/ddr3_hdmi_v3/ddr3_hdmi/ipcore/afifo_64i_16o_128/rtl/ipml_fifo_v1_5_afifo_64i_16o_128.v
I: Verilog-0002: [E:/Arm/purple_light/ddr3_hdmi_v3/ddr3_hdmi/ipcore/afifo_64i_16o_128/rtl/ipml_fifo_v1_5_afifo_64i_16o_128.v(line number: 25)] Analyzing module ipml_fifo_v1_5_afifo_64i_16o_128 (library work)
Parsing done.
Executing : .rtl_analyze -include_path {E:/Arm/purple_light/ddr3_hdmi_v3/ddr3_hdmi} E:/Arm/purple_light/ddr3_hdmi_v3/ddr3_hdmi/ipcore/afifo_64i_16o_128/rtl/ipml_fifo_v1_5_afifo_64i_16o_128.v successfully.
Executing : .rtl_analyze -include_path {E:/Arm/purple_light/ddr3_hdmi_v3/ddr3_hdmi} E:/Arm/purple_light/ddr3_hdmi_v3/ddr3_hdmi/ipcore/afifo_16i_64o_512/afifo_16i_64o_512.v
I: Verilog-0001: Analyzing file E:/Arm/purple_light/ddr3_hdmi_v3/ddr3_hdmi/ipcore/afifo_16i_64o_512/afifo_16i_64o_512.v
I: Verilog-0002: [E:/Arm/purple_light/ddr3_hdmi_v3/ddr3_hdmi/ipcore/afifo_16i_64o_512/afifo_16i_64o_512.v(line number: 18)] Analyzing module afifo_16i_64o_512 (library work)
Parsing done.
Executing : .rtl_analyze -include_path {E:/Arm/purple_light/ddr3_hdmi_v3/ddr3_hdmi} E:/Arm/purple_light/ddr3_hdmi_v3/ddr3_hdmi/ipcore/afifo_16i_64o_512/afifo_16i_64o_512.v successfully.
Executing : .rtl_analyze -include_path {E:/Arm/purple_light/ddr3_hdmi_v3/ddr3_hdmi} E:/Arm/purple_light/ddr3_hdmi_v3/ddr3_hdmi/ipcore/afifo_64i_16o_128/afifo_64i_16o_128.v
I: Verilog-0001: Analyzing file E:/Arm/purple_light/ddr3_hdmi_v3/ddr3_hdmi/ipcore/afifo_64i_16o_128/afifo_64i_16o_128.v
I: Verilog-0002: [E:/Arm/purple_light/ddr3_hdmi_v3/ddr3_hdmi/ipcore/afifo_64i_16o_128/afifo_64i_16o_128.v(line number: 18)] Analyzing module afifo_64i_16o_128 (library work)
Parsing done.
Executing : .rtl_analyze -include_path {E:/Arm/purple_light/ddr3_hdmi_v3/ddr3_hdmi} E:/Arm/purple_light/ddr3_hdmi_v3/ddr3_hdmi/ipcore/afifo_64i_16o_128/afifo_64i_16o_128.v successfully.
Executing : .rtl_analyze -include_path {E:/Arm/purple_light/ddr3_hdmi_v3/ddr3_hdmi} E:/Arm/purple_light/ddr3_hdmi_v3/ddr3_hdmi/ipcore/video_pll/video_pll.v
I: Verilog-0001: Analyzing file E:/Arm/purple_light/ddr3_hdmi_v3/ddr3_hdmi/ipcore/video_pll/video_pll.v
I: Verilog-0002: [E:/Arm/purple_light/ddr3_hdmi_v3/ddr3_hdmi/ipcore/video_pll/video_pll.v(line number: 20)] Analyzing module video_pll (library work)
Parsing done.
Executing : .rtl_analyze -include_path {E:/Arm/purple_light/ddr3_hdmi_v3/ddr3_hdmi} E:/Arm/purple_light/ddr3_hdmi_v3/ddr3_hdmi/ipcore/video_pll/video_pll.v successfully.
Executing : .rtl_analyze -include_path {E:/Arm/purple_light/ddr3_hdmi_v3/ddr3_hdmi} E:/Arm/purple_light/ddr3_hdmi_v3/ddr3_hdmi/ipcore/afifo_16i_64o_512/rtl/ipml_fifo_ctrl_v1_3.v
I: Verilog-0001: Analyzing file E:/Arm/purple_light/ddr3_hdmi_v3/ddr3_hdmi/ipcore/afifo_16i_64o_512/rtl/ipml_fifo_ctrl_v1_3.v
I: Verilog-0002: [E:/Arm/purple_light/ddr3_hdmi_v3/ddr3_hdmi/ipcore/afifo_16i_64o_512/rtl/ipml_fifo_ctrl_v1_3.v(line number: 21)] Analyzing module ipml_fifo_ctrl_v1_3 (library work)
Parsing done.
Executing : .rtl_analyze -include_path {E:/Arm/purple_light/ddr3_hdmi_v3/ddr3_hdmi} E:/Arm/purple_light/ddr3_hdmi_v3/ddr3_hdmi/ipcore/afifo_16i_64o_512/rtl/ipml_fifo_ctrl_v1_3.v successfully.
Executing : .rtl_analyze -include_path {E:/Arm/purple_light/ddr3_hdmi_v3/ddr3_hdmi} E:/Arm/purple_light/ddr3_hdmi_v3/ddr3_hdmi/ipcore/afifo_16i_64o_512/rtl/ipml_sdpram_v1_5_afifo_16i_64o_512.v
I: Verilog-0001: Analyzing file E:/Arm/purple_light/ddr3_hdmi_v3/ddr3_hdmi/ipcore/afifo_16i_64o_512/rtl/ipml_sdpram_v1_5_afifo_16i_64o_512.v
I: Verilog-0002: [E:/Arm/purple_light/ddr3_hdmi_v3/ddr3_hdmi/ipcore/afifo_16i_64o_512/rtl/ipml_sdpram_v1_5_afifo_16i_64o_512.v(line number: 20)] Analyzing module ipml_sdpram_v1_5_afifo_16i_64o_512 (library work)
W: Verilog-2008: [E:/Arm/purple_light/ddr3_hdmi_v3/ddr3_hdmi/ipcore/afifo_16i_64o_512/rtl/ipml_sdpram_v1_5_afifo_16i_64o_512.v(line number: 308)] System task enable $display ignored for synthesis
W: Verilog-2008: [E:/Arm/purple_light/ddr3_hdmi_v3/ddr3_hdmi/ipcore/afifo_16i_64o_512/rtl/ipml_sdpram_v1_5_afifo_16i_64o_512.v(line number: 309)] System task enable $finish ignored for synthesis
W: Verilog-2008: [E:/Arm/purple_light/ddr3_hdmi_v3/ddr3_hdmi/ipcore/afifo_16i_64o_512/rtl/ipml_sdpram_v1_5_afifo_16i_64o_512.v(line number: 312)] System task enable $display ignored for synthesis
W: Verilog-2008: [E:/Arm/purple_light/ddr3_hdmi_v3/ddr3_hdmi/ipcore/afifo_16i_64o_512/rtl/ipml_sdpram_v1_5_afifo_16i_64o_512.v(line number: 316)] System task enable $display ignored for synthesis
W: Verilog-2008: [E:/Arm/purple_light/ddr3_hdmi_v3/ddr3_hdmi/ipcore/afifo_16i_64o_512/rtl/ipml_sdpram_v1_5_afifo_16i_64o_512.v(line number: 320)] System task enable $display ignored for synthesis
W: Verilog-2008: [E:/Arm/purple_light/ddr3_hdmi_v3/ddr3_hdmi/ipcore/afifo_16i_64o_512/rtl/ipml_sdpram_v1_5_afifo_16i_64o_512.v(line number: 324)] System task enable $display ignored for synthesis
W: Verilog-2008: [E:/Arm/purple_light/ddr3_hdmi_v3/ddr3_hdmi/ipcore/afifo_16i_64o_512/rtl/ipml_sdpram_v1_5_afifo_16i_64o_512.v(line number: 328)] System task enable $display ignored for synthesis
W: Verilog-2008: [E:/Arm/purple_light/ddr3_hdmi_v3/ddr3_hdmi/ipcore/afifo_16i_64o_512/rtl/ipml_sdpram_v1_5_afifo_16i_64o_512.v(line number: 329)] System task enable $finish ignored for synthesis
W: Verilog-2008: [E:/Arm/purple_light/ddr3_hdmi_v3/ddr3_hdmi/ipcore/afifo_16i_64o_512/rtl/ipml_sdpram_v1_5_afifo_16i_64o_512.v(line number: 332)] System task enable $display ignored for synthesis
W: Verilog-2008: [E:/Arm/purple_light/ddr3_hdmi_v3/ddr3_hdmi/ipcore/afifo_16i_64o_512/rtl/ipml_sdpram_v1_5_afifo_16i_64o_512.v(line number: 333)] System task enable $finish ignored for synthesis
W: Verilog-2008: [E:/Arm/purple_light/ddr3_hdmi_v3/ddr3_hdmi/ipcore/afifo_16i_64o_512/rtl/ipml_sdpram_v1_5_afifo_16i_64o_512.v(line number: 336)] System task enable $display ignored for synthesis
W: Verilog-2008: [E:/Arm/purple_light/ddr3_hdmi_v3/ddr3_hdmi/ipcore/afifo_16i_64o_512/rtl/ipml_sdpram_v1_5_afifo_16i_64o_512.v(line number: 337)] System task enable $finish ignored for synthesis
W: Verilog-2008: [E:/Arm/purple_light/ddr3_hdmi_v3/ddr3_hdmi/ipcore/afifo_16i_64o_512/rtl/ipml_sdpram_v1_5_afifo_16i_64o_512.v(line number: 340)] System task enable $display ignored for synthesis
W: Verilog-2008: [E:/Arm/purple_light/ddr3_hdmi_v3/ddr3_hdmi/ipcore/afifo_16i_64o_512/rtl/ipml_sdpram_v1_5_afifo_16i_64o_512.v(line number: 341)] System task enable $finish ignored for synthesis
W: Verilog-2008: [E:/Arm/purple_light/ddr3_hdmi_v3/ddr3_hdmi/ipcore/afifo_16i_64o_512/rtl/ipml_sdpram_v1_5_afifo_16i_64o_512.v(line number: 344)] System task enable $display ignored for synthesis
W: Verilog-2008: [E:/Arm/purple_light/ddr3_hdmi_v3/ddr3_hdmi/ipcore/afifo_16i_64o_512/rtl/ipml_sdpram_v1_5_afifo_16i_64o_512.v(line number: 345)] System task enable $finish ignored for synthesis
W: Verilog-2008: [E:/Arm/purple_light/ddr3_hdmi_v3/ddr3_hdmi/ipcore/afifo_16i_64o_512/rtl/ipml_sdpram_v1_5_afifo_16i_64o_512.v(line number: 348)] System task enable $display ignored for synthesis
W: Verilog-2008: [E:/Arm/purple_light/ddr3_hdmi_v3/ddr3_hdmi/ipcore/afifo_16i_64o_512/rtl/ipml_sdpram_v1_5_afifo_16i_64o_512.v(line number: 349)] System task enable $finish ignored for synthesis
W: Verilog-2008: [E:/Arm/purple_light/ddr3_hdmi_v3/ddr3_hdmi/ipcore/afifo_16i_64o_512/rtl/ipml_sdpram_v1_5_afifo_16i_64o_512.v(line number: 352)] System task enable $display ignored for synthesis
W: Verilog-2008: [E:/Arm/purple_light/ddr3_hdmi_v3/ddr3_hdmi/ipcore/afifo_16i_64o_512/rtl/ipml_sdpram_v1_5_afifo_16i_64o_512.v(line number: 353)] System task enable $finish ignored for synthesis
W: Verilog-2008: [E:/Arm/purple_light/ddr3_hdmi_v3/ddr3_hdmi/ipcore/afifo_16i_64o_512/rtl/ipml_sdpram_v1_5_afifo_16i_64o_512.v(line number: 356)] System task enable $display ignored for synthesis
W: Verilog-2008: [E:/Arm/purple_light/ddr3_hdmi_v3/ddr3_hdmi/ipcore/afifo_16i_64o_512/rtl/ipml_sdpram_v1_5_afifo_16i_64o_512.v(line number: 357)] System task enable $finish ignored for synthesis
W: Verilog-2008: [E:/Arm/purple_light/ddr3_hdmi_v3/ddr3_hdmi/ipcore/afifo_16i_64o_512/rtl/ipml_sdpram_v1_5_afifo_16i_64o_512.v(line number: 360)] System task enable $display ignored for synthesis
W: Verilog-2008: [E:/Arm/purple_light/ddr3_hdmi_v3/ddr3_hdmi/ipcore/afifo_16i_64o_512/rtl/ipml_sdpram_v1_5_afifo_16i_64o_512.v(line number: 361)] System task enable $finish ignored for synthesis
W: Verilog-2008: [E:/Arm/purple_light/ddr3_hdmi_v3/ddr3_hdmi/ipcore/afifo_16i_64o_512/rtl/ipml_sdpram_v1_5_afifo_16i_64o_512.v(line number: 364)] System task enable $display ignored for synthesis
W: Verilog-2008: [E:/Arm/purple_light/ddr3_hdmi_v3/ddr3_hdmi/ipcore/afifo_16i_64o_512/rtl/ipml_sdpram_v1_5_afifo_16i_64o_512.v(line number: 365)] System task enable $finish ignored for synthesis
W: Verilog-2008: [E:/Arm/purple_light/ddr3_hdmi_v3/ddr3_hdmi/ipcore/afifo_16i_64o_512/rtl/ipml_sdpram_v1_5_afifo_16i_64o_512.v(line number: 368)] System task enable $display ignored for synthesis
W: Verilog-2008: [E:/Arm/purple_light/ddr3_hdmi_v3/ddr3_hdmi/ipcore/afifo_16i_64o_512/rtl/ipml_sdpram_v1_5_afifo_16i_64o_512.v(line number: 369)] System task enable $finish ignored for synthesis
W: Verilog-2008: [E:/Arm/purple_light/ddr3_hdmi_v3/ddr3_hdmi/ipcore/afifo_16i_64o_512/rtl/ipml_sdpram_v1_5_afifo_16i_64o_512.v(line number: 373)] System task enable $display ignored for synthesis
W: Verilog-2008: [E:/Arm/purple_light/ddr3_hdmi_v3/ddr3_hdmi/ipcore/afifo_16i_64o_512/rtl/ipml_sdpram_v1_5_afifo_16i_64o_512.v(line number: 374)] System task enable $finish ignored for synthesis
W: Verilog-2008: [E:/Arm/purple_light/ddr3_hdmi_v3/ddr3_hdmi/ipcore/afifo_16i_64o_512/rtl/ipml_sdpram_v1_5_afifo_16i_64o_512.v(line number: 377)] System task enable $display ignored for synthesis
W: Verilog-2008: [E:/Arm/purple_light/ddr3_hdmi_v3/ddr3_hdmi/ipcore/afifo_16i_64o_512/rtl/ipml_sdpram_v1_5_afifo_16i_64o_512.v(line number: 378)] System task enable $finish ignored for synthesis
W: Verilog-2008: [E:/Arm/purple_light/ddr3_hdmi_v3/ddr3_hdmi/ipcore/afifo_16i_64o_512/rtl/ipml_sdpram_v1_5_afifo_16i_64o_512.v(line number: 382)] System task enable $display ignored for synthesis
W: Verilog-2008: [E:/Arm/purple_light/ddr3_hdmi_v3/ddr3_hdmi/ipcore/afifo_16i_64o_512/rtl/ipml_sdpram_v1_5_afifo_16i_64o_512.v(line number: 383)] System task enable $finish ignored for synthesis
W: Verilog-2008: [E:/Arm/purple_light/ddr3_hdmi_v3/ddr3_hdmi/ipcore/afifo_16i_64o_512/rtl/ipml_sdpram_v1_5_afifo_16i_64o_512.v(line number: 386)] System task enable $display ignored for synthesis
W: Verilog-2008: [E:/Arm/purple_light/ddr3_hdmi_v3/ddr3_hdmi/ipcore/afifo_16i_64o_512/rtl/ipml_sdpram_v1_5_afifo_16i_64o_512.v(line number: 387)] System task enable $finish ignored for synthesis
W: Verilog-2008: [E:/Arm/purple_light/ddr3_hdmi_v3/ddr3_hdmi/ipcore/afifo_16i_64o_512/rtl/ipml_sdpram_v1_5_afifo_16i_64o_512.v(line number: 390)] System task enable $display ignored for synthesis
W: Verilog-2008: [E:/Arm/purple_light/ddr3_hdmi_v3/ddr3_hdmi/ipcore/afifo_16i_64o_512/rtl/ipml_sdpram_v1_5_afifo_16i_64o_512.v(line number: 391)] System task enable $finish ignored for synthesis
W: Verilog-2008: [E:/Arm/purple_light/ddr3_hdmi_v3/ddr3_hdmi/ipcore/afifo_16i_64o_512/rtl/ipml_sdpram_v1_5_afifo_16i_64o_512.v(line number: 394)] System task enable $display ignored for synthesis
W: Verilog-2008: [E:/Arm/purple_light/ddr3_hdmi_v3/ddr3_hdmi/ipcore/afifo_16i_64o_512/rtl/ipml_sdpram_v1_5_afifo_16i_64o_512.v(line number: 395)] System task enable $finish ignored for synthesis
W: Verilog-2008: [E:/Arm/purple_light/ddr3_hdmi_v3/ddr3_hdmi/ipcore/afifo_16i_64o_512/rtl/ipml_sdpram_v1_5_afifo_16i_64o_512.v(line number: 398)] System task enable $display ignored for synthesis
W: Verilog-2008: [E:/Arm/purple_light/ddr3_hdmi_v3/ddr3_hdmi/ipcore/afifo_16i_64o_512/rtl/ipml_sdpram_v1_5_afifo_16i_64o_512.v(line number: 399)] System task enable $finish ignored for synthesis
W: Verilog-2008: [E:/Arm/purple_light/ddr3_hdmi_v3/ddr3_hdmi/ipcore/afifo_16i_64o_512/rtl/ipml_sdpram_v1_5_afifo_16i_64o_512.v(line number: 404)] System task enable $display ignored for synthesis
W: Verilog-2008: [E:/Arm/purple_light/ddr3_hdmi_v3/ddr3_hdmi/ipcore/afifo_16i_64o_512/rtl/ipml_sdpram_v1_5_afifo_16i_64o_512.v(line number: 405)] System task enable $finish ignored for synthesis
W: Verilog-2008: [E:/Arm/purple_light/ddr3_hdmi_v3/ddr3_hdmi/ipcore/afifo_16i_64o_512/rtl/ipml_sdpram_v1_5_afifo_16i_64o_512.v(line number: 408)] System task enable $display ignored for synthesis
W: Verilog-2008: [E:/Arm/purple_light/ddr3_hdmi_v3/ddr3_hdmi/ipcore/afifo_16i_64o_512/rtl/ipml_sdpram_v1_5_afifo_16i_64o_512.v(line number: 409)] System task enable $finish ignored for synthesis
W: Verilog-2008: [E:/Arm/purple_light/ddr3_hdmi_v3/ddr3_hdmi/ipcore/afifo_16i_64o_512/rtl/ipml_sdpram_v1_5_afifo_16i_64o_512.v(line number: 414)] System task enable $display ignored for synthesis
W: Verilog-2008: [E:/Arm/purple_light/ddr3_hdmi_v3/ddr3_hdmi/ipcore/afifo_16i_64o_512/rtl/ipml_sdpram_v1_5_afifo_16i_64o_512.v(line number: 415)] System task enable $finish ignored for synthesis
W: Verilog-2010: [E:/Arm/purple_light/ddr3_hdmi_v3/ddr3_hdmi/ipcore/afifo_16i_64o_512/rtl/ipml_sdpram_v1_5_afifo_16i_64o_512.v(line number: 306)] Ignoring initial statements expect force and memory $readmemh/$readmemb initialization statements
Parsing done.
Executing : .rtl_analyze -include_path {E:/Arm/purple_light/ddr3_hdmi_v3/ddr3_hdmi} E:/Arm/purple_light/ddr3_hdmi_v3/ddr3_hdmi/ipcore/afifo_16i_64o_512/rtl/ipml_sdpram_v1_5_afifo_16i_64o_512.v successfully.
Executing : .rtl_analyze -include_path {E:/Arm/purple_light/ddr3_hdmi_v3/ddr3_hdmi} E:/Arm/purple_light/ddr3_hdmi_v3/ddr3_hdmi/ipcore/afifo_64i_16o_128/rtl/ipml_sdpram_v1_5_afifo_64i_16o_128.v
I: Verilog-0001: Analyzing file E:/Arm/purple_light/ddr3_hdmi_v3/ddr3_hdmi/ipcore/afifo_64i_16o_128/rtl/ipml_sdpram_v1_5_afifo_64i_16o_128.v
I: Verilog-0002: [E:/Arm/purple_light/ddr3_hdmi_v3/ddr3_hdmi/ipcore/afifo_64i_16o_128/rtl/ipml_sdpram_v1_5_afifo_64i_16o_128.v(line number: 20)] Analyzing module ipml_sdpram_v1_5_afifo_64i_16o_128 (library work)
W: Verilog-2008: [E:/Arm/purple_light/ddr3_hdmi_v3/ddr3_hdmi/ipcore/afifo_64i_16o_128/rtl/ipml_sdpram_v1_5_afifo_64i_16o_128.v(line number: 308)] System task enable $display ignored for synthesis
W: Verilog-2008: [E:/Arm/purple_light/ddr3_hdmi_v3/ddr3_hdmi/ipcore/afifo_64i_16o_128/rtl/ipml_sdpram_v1_5_afifo_64i_16o_128.v(line number: 309)] System task enable $finish ignored for synthesis
W: Verilog-2008: [E:/Arm/purple_light/ddr3_hdmi_v3/ddr3_hdmi/ipcore/afifo_64i_16o_128/rtl/ipml_sdpram_v1_5_afifo_64i_16o_128.v(line number: 312)] System task enable $display ignored for synthesis
W: Verilog-2008: [E:/Arm/purple_light/ddr3_hdmi_v3/ddr3_hdmi/ipcore/afifo_64i_16o_128/rtl/ipml_sdpram_v1_5_afifo_64i_16o_128.v(line number: 316)] System task enable $display ignored for synthesis
W: Verilog-2008: [E:/Arm/purple_light/ddr3_hdmi_v3/ddr3_hdmi/ipcore/afifo_64i_16o_128/rtl/ipml_sdpram_v1_5_afifo_64i_16o_128.v(line number: 320)] System task enable $display ignored for synthesis
W: Verilog-2008: [E:/Arm/purple_light/ddr3_hdmi_v3/ddr3_hdmi/ipcore/afifo_64i_16o_128/rtl/ipml_sdpram_v1_5_afifo_64i_16o_128.v(line number: 324)] System task enable $display ignored for synthesis
W: Verilog-2008: [E:/Arm/purple_light/ddr3_hdmi_v3/ddr3_hdmi/ipcore/afifo_64i_16o_128/rtl/ipml_sdpram_v1_5_afifo_64i_16o_128.v(line number: 328)] System task enable $display ignored for synthesis
W: Verilog-2008: [E:/Arm/purple_light/ddr3_hdmi_v3/ddr3_hdmi/ipcore/afifo_64i_16o_128/rtl/ipml_sdpram_v1_5_afifo_64i_16o_128.v(line number: 329)] System task enable $finish ignored for synthesis
W: Verilog-2008: [E:/Arm/purple_light/ddr3_hdmi_v3/ddr3_hdmi/ipcore/afifo_64i_16o_128/rtl/ipml_sdpram_v1_5_afifo_64i_16o_128.v(line number: 332)] System task enable $display ignored for synthesis
W: Verilog-2008: [E:/Arm/purple_light/ddr3_hdmi_v3/ddr3_hdmi/ipcore/afifo_64i_16o_128/rtl/ipml_sdpram_v1_5_afifo_64i_16o_128.v(line number: 333)] System task enable $finish ignored for synthesis
W: Verilog-2008: [E:/Arm/purple_light/ddr3_hdmi_v3/ddr3_hdmi/ipcore/afifo_64i_16o_128/rtl/ipml_sdpram_v1_5_afifo_64i_16o_128.v(line number: 336)] System task enable $display ignored for synthesis
W: Verilog-2008: [E:/Arm/purple_light/ddr3_hdmi_v3/ddr3_hdmi/ipcore/afifo_64i_16o_128/rtl/ipml_sdpram_v1_5_afifo_64i_16o_128.v(line number: 337)] System task enable $finish ignored for synthesis
W: Verilog-2008: [E:/Arm/purple_light/ddr3_hdmi_v3/ddr3_hdmi/ipcore/afifo_64i_16o_128/rtl/ipml_sdpram_v1_5_afifo_64i_16o_128.v(line number: 340)] System task enable $display ignored for synthesis
W: Verilog-2008: [E:/Arm/purple_light/ddr3_hdmi_v3/ddr3_hdmi/ipcore/afifo_64i_16o_128/rtl/ipml_sdpram_v1_5_afifo_64i_16o_128.v(line number: 341)] System task enable $finish ignored for synthesis
W: Verilog-2008: [E:/Arm/purple_light/ddr3_hdmi_v3/ddr3_hdmi/ipcore/afifo_64i_16o_128/rtl/ipml_sdpram_v1_5_afifo_64i_16o_128.v(line number: 344)] System task enable $display ignored for synthesis
W: Verilog-2008: [E:/Arm/purple_light/ddr3_hdmi_v3/ddr3_hdmi/ipcore/afifo_64i_16o_128/rtl/ipml_sdpram_v1_5_afifo_64i_16o_128.v(line number: 345)] System task enable $finish ignored for synthesis
W: Verilog-2008: [E:/Arm/purple_light/ddr3_hdmi_v3/ddr3_hdmi/ipcore/afifo_64i_16o_128/rtl/ipml_sdpram_v1_5_afifo_64i_16o_128.v(line number: 348)] System task enable $display ignored for synthesis
W: Verilog-2008: [E:/Arm/purple_light/ddr3_hdmi_v3/ddr3_hdmi/ipcore/afifo_64i_16o_128/rtl/ipml_sdpram_v1_5_afifo_64i_16o_128.v(line number: 349)] System task enable $finish ignored for synthesis
W: Verilog-2008: [E:/Arm/purple_light/ddr3_hdmi_v3/ddr3_hdmi/ipcore/afifo_64i_16o_128/rtl/ipml_sdpram_v1_5_afifo_64i_16o_128.v(line number: 352)] System task enable $display ignored for synthesis
W: Verilog-2008: [E:/Arm/purple_light/ddr3_hdmi_v3/ddr3_hdmi/ipcore/afifo_64i_16o_128/rtl/ipml_sdpram_v1_5_afifo_64i_16o_128.v(line number: 353)] System task enable $finish ignored for synthesis
W: Verilog-2008: [E:/Arm/purple_light/ddr3_hdmi_v3/ddr3_hdmi/ipcore/afifo_64i_16o_128/rtl/ipml_sdpram_v1_5_afifo_64i_16o_128.v(line number: 356)] System task enable $display ignored for synthesis
W: Verilog-2008: [E:/Arm/purple_light/ddr3_hdmi_v3/ddr3_hdmi/ipcore/afifo_64i_16o_128/rtl/ipml_sdpram_v1_5_afifo_64i_16o_128.v(line number: 357)] System task enable $finish ignored for synthesis
W: Verilog-2008: [E:/Arm/purple_light/ddr3_hdmi_v3/ddr3_hdmi/ipcore/afifo_64i_16o_128/rtl/ipml_sdpram_v1_5_afifo_64i_16o_128.v(line number: 360)] System task enable $display ignored for synthesis
W: Verilog-2008: [E:/Arm/purple_light/ddr3_hdmi_v3/ddr3_hdmi/ipcore/afifo_64i_16o_128/rtl/ipml_sdpram_v1_5_afifo_64i_16o_128.v(line number: 361)] System task enable $finish ignored for synthesis
W: Verilog-2008: [E:/Arm/purple_light/ddr3_hdmi_v3/ddr3_hdmi/ipcore/afifo_64i_16o_128/rtl/ipml_sdpram_v1_5_afifo_64i_16o_128.v(line number: 364)] System task enable $display ignored for synthesis
W: Verilog-2008: [E:/Arm/purple_light/ddr3_hdmi_v3/ddr3_hdmi/ipcore/afifo_64i_16o_128/rtl/ipml_sdpram_v1_5_afifo_64i_16o_128.v(line number: 365)] System task enable $finish ignored for synthesis
W: Verilog-2008: [E:/Arm/purple_light/ddr3_hdmi_v3/ddr3_hdmi/ipcore/afifo_64i_16o_128/rtl/ipml_sdpram_v1_5_afifo_64i_16o_128.v(line number: 368)] System task enable $display ignored for synthesis
W: Verilog-2008: [E:/Arm/purple_light/ddr3_hdmi_v3/ddr3_hdmi/ipcore/afifo_64i_16o_128/rtl/ipml_sdpram_v1_5_afifo_64i_16o_128.v(line number: 369)] System task enable $finish ignored for synthesis
W: Verilog-2008: [E:/Arm/purple_light/ddr3_hdmi_v3/ddr3_hdmi/ipcore/afifo_64i_16o_128/rtl/ipml_sdpram_v1_5_afifo_64i_16o_128.v(line number: 373)] System task enable $display ignored for synthesis
W: Verilog-2008: [E:/Arm/purple_light/ddr3_hdmi_v3/ddr3_hdmi/ipcore/afifo_64i_16o_128/rtl/ipml_sdpram_v1_5_afifo_64i_16o_128.v(line number: 374)] System task enable $finish ignored for synthesis
W: Verilog-2008: [E:/Arm/purple_light/ddr3_hdmi_v3/ddr3_hdmi/ipcore/afifo_64i_16o_128/rtl/ipml_sdpram_v1_5_afifo_64i_16o_128.v(line number: 377)] System task enable $display ignored for synthesis
W: Verilog-2008: [E:/Arm/purple_light/ddr3_hdmi_v3/ddr3_hdmi/ipcore/afifo_64i_16o_128/rtl/ipml_sdpram_v1_5_afifo_64i_16o_128.v(line number: 378)] System task enable $finish ignored for synthesis
W: Verilog-2008: [E:/Arm/purple_light/ddr3_hdmi_v3/ddr3_hdmi/ipcore/afifo_64i_16o_128/rtl/ipml_sdpram_v1_5_afifo_64i_16o_128.v(line number: 382)] System task enable $display ignored for synthesis
W: Verilog-2008: [E:/Arm/purple_light/ddr3_hdmi_v3/ddr3_hdmi/ipcore/afifo_64i_16o_128/rtl/ipml_sdpram_v1_5_afifo_64i_16o_128.v(line number: 383)] System task enable $finish ignored for synthesis
W: Verilog-2008: [E:/Arm/purple_light/ddr3_hdmi_v3/ddr3_hdmi/ipcore/afifo_64i_16o_128/rtl/ipml_sdpram_v1_5_afifo_64i_16o_128.v(line number: 386)] System task enable $display ignored for synthesis
W: Verilog-2008: [E:/Arm/purple_light/ddr3_hdmi_v3/ddr3_hdmi/ipcore/afifo_64i_16o_128/rtl/ipml_sdpram_v1_5_afifo_64i_16o_128.v(line number: 387)] System task enable $finish ignored for synthesis
W: Verilog-2008: [E:/Arm/purple_light/ddr3_hdmi_v3/ddr3_hdmi/ipcore/afifo_64i_16o_128/rtl/ipml_sdpram_v1_5_afifo_64i_16o_128.v(line number: 390)] System task enable $display ignored for synthesis
W: Verilog-2008: [E:/Arm/purple_light/ddr3_hdmi_v3/ddr3_hdmi/ipcore/afifo_64i_16o_128/rtl/ipml_sdpram_v1_5_afifo_64i_16o_128.v(line number: 391)] System task enable $finish ignored for synthesis
W: Verilog-2008: [E:/Arm/purple_light/ddr3_hdmi_v3/ddr3_hdmi/ipcore/afifo_64i_16o_128/rtl/ipml_sdpram_v1_5_afifo_64i_16o_128.v(line number: 394)] System task enable $display ignored for synthesis
W: Verilog-2008: [E:/Arm/purple_light/ddr3_hdmi_v3/ddr3_hdmi/ipcore/afifo_64i_16o_128/rtl/ipml_sdpram_v1_5_afifo_64i_16o_128.v(line number: 395)] System task enable $finish ignored for synthesis
W: Verilog-2008: [E:/Arm/purple_light/ddr3_hdmi_v3/ddr3_hdmi/ipcore/afifo_64i_16o_128/rtl/ipml_sdpram_v1_5_afifo_64i_16o_128.v(line number: 398)] System task enable $display ignored for synthesis
W: Verilog-2008: [E:/Arm/purple_light/ddr3_hdmi_v3/ddr3_hdmi/ipcore/afifo_64i_16o_128/rtl/ipml_sdpram_v1_5_afifo_64i_16o_128.v(line number: 399)] System task enable $finish ignored for synthesis
W: Verilog-2008: [E:/Arm/purple_light/ddr3_hdmi_v3/ddr3_hdmi/ipcore/afifo_64i_16o_128/rtl/ipml_sdpram_v1_5_afifo_64i_16o_128.v(line number: 404)] System task enable $display ignored for synthesis
W: Verilog-2008: [E:/Arm/purple_light/ddr3_hdmi_v3/ddr3_hdmi/ipcore/afifo_64i_16o_128/rtl/ipml_sdpram_v1_5_afifo_64i_16o_128.v(line number: 405)] System task enable $finish ignored for synthesis
W: Verilog-2008: [E:/Arm/purple_light/ddr3_hdmi_v3/ddr3_hdmi/ipcore/afifo_64i_16o_128/rtl/ipml_sdpram_v1_5_afifo_64i_16o_128.v(line number: 408)] System task enable $display ignored for synthesis
W: Verilog-2008: [E:/Arm/purple_light/ddr3_hdmi_v3/ddr3_hdmi/ipcore/afifo_64i_16o_128/rtl/ipml_sdpram_v1_5_afifo_64i_16o_128.v(line number: 409)] System task enable $finish ignored for synthesis
W: Verilog-2008: [E:/Arm/purple_light/ddr3_hdmi_v3/ddr3_hdmi/ipcore/afifo_64i_16o_128/rtl/ipml_sdpram_v1_5_afifo_64i_16o_128.v(line number: 414)] System task enable $display ignored for synthesis
W: Verilog-2008: [E:/Arm/purple_light/ddr3_hdmi_v3/ddr3_hdmi/ipcore/afifo_64i_16o_128/rtl/ipml_sdpram_v1_5_afifo_64i_16o_128.v(line number: 415)] System task enable $finish ignored for synthesis
W: Verilog-2010: [E:/Arm/purple_light/ddr3_hdmi_v3/ddr3_hdmi/ipcore/afifo_64i_16o_128/rtl/ipml_sdpram_v1_5_afifo_64i_16o_128.v(line number: 306)] Ignoring initial statements expect force and memory $readmemh/$readmemb initialization statements
Parsing done.
Executing : .rtl_analyze -include_path {E:/Arm/purple_light/ddr3_hdmi_v3/ddr3_hdmi} E:/Arm/purple_light/ddr3_hdmi_v3/ddr3_hdmi/ipcore/afifo_64i_16o_128/rtl/ipml_sdpram_v1_5_afifo_64i_16o_128.v successfully.
Start rtl-elaborate.
I: Module "top" is set as top module.
I: Verilog-0003: [E:/Arm/purple_light/ddr3_hdmi_v3/ddr3_hdmi/source/sources_1/top.v(line number: 30)] Elaborating module top
I: Verilog-0003: [D:/pango/PDS_2020.3-Lite/arch/vendor/pango/library/operator/gtp_lib.v(line number: 395)] Elaborating module GTP_CLKBUFG
I: Verilog-0003: [E:/Arm/purple_light/ddr3_hdmi_v3/ddr3_hdmi/ipcore/video_pll/video_pll.v(line number: 20)] Elaborating module video_pll
I: Verilog-0003: [D:/pango/PDS_2020.3-Lite/arch/vendor/pango/library/operator/gtp_lib.v(line number: 19818)] Elaborating module GTP_PLL_E1
W: Verilog-2021: [E:/Arm/purple_light/ddr3_hdmi_v3/ddr3_hdmi/ipcore/video_pll/video_pll.v(line number: 118)] Net clkfb in module video_pll does not have a driver, tie it to 0
W: Verilog-2021: [E:/Arm/purple_light/ddr3_hdmi_v3/ddr3_hdmi/ipcore/video_pll/video_pll.v(line number: 121)] Net pfden in module video_pll does not have a driver, tie it to 0
W: Verilog-2021: [E:/Arm/purple_light/ddr3_hdmi_v3/ddr3_hdmi/ipcore/video_pll/video_pll.v(line number: 122)] Net clkout0_gate in module video_pll does not have a driver, tie it to 0
W: Verilog-2021: [E:/Arm/purple_light/ddr3_hdmi_v3/ddr3_hdmi/ipcore/video_pll/video_pll.v(line number: 123)] Net clkout0_2pad_gate in module video_pll does not have a driver, tie it to 0
W: Verilog-2021: [E:/Arm/purple_light/ddr3_hdmi_v3/ddr3_hdmi/ipcore/video_pll/video_pll.v(line number: 124)] Net clkout1_gate in module video_pll does not have a driver, tie it to 0
W: Verilog-2021: [E:/Arm/purple_light/ddr3_hdmi_v3/ddr3_hdmi/ipcore/video_pll/video_pll.v(line number: 125)] Net clkout2_gate in module video_pll does not have a driver, tie it to 0
W: Verilog-2021: [E:/Arm/purple_light/ddr3_hdmi_v3/ddr3_hdmi/ipcore/video_pll/video_pll.v(line number: 126)] Net clkout3_gate in module video_pll does not have a driver, tie it to 0
W: Verilog-2021: [E:/Arm/purple_light/ddr3_hdmi_v3/ddr3_hdmi/ipcore/video_pll/video_pll.v(line number: 127)] Net clkout4_gate in module video_pll does not have a driver, tie it to 0
W: Verilog-2021: [E:/Arm/purple_light/ddr3_hdmi_v3/ddr3_hdmi/ipcore/video_pll/video_pll.v(line number: 128)] Net clkout5_gate in module video_pll does not have a driver, tie it to 0
W: Verilog-2021: [E:/Arm/purple_light/ddr3_hdmi_v3/ddr3_hdmi/ipcore/video_pll/video_pll.v(line number: 129)] Net dyn_idiv in module video_pll does not have a driver, tie it to 0
W: Verilog-2021: [E:/Arm/purple_light/ddr3_hdmi_v3/ddr3_hdmi/ipcore/video_pll/video_pll.v(line number: 130)] Net dyn_odiv0 in module video_pll does not have a driver, tie it to 0
W: Verilog-2021: [E:/Arm/purple_light/ddr3_hdmi_v3/ddr3_hdmi/ipcore/video_pll/video_pll.v(line number: 131)] Net dyn_odiv1 in module video_pll does not have a driver, tie it to 0
W: Verilog-2021: [E:/Arm/purple_light/ddr3_hdmi_v3/ddr3_hdmi/ipcore/video_pll/video_pll.v(line number: 132)] Net dyn_odiv2 in module video_pll does not have a driver, tie it to 0
W: Verilog-2021: [E:/Arm/purple_light/ddr3_hdmi_v3/ddr3_hdmi/ipcore/video_pll/video_pll.v(line number: 133)] Net dyn_odiv3 in module video_pll does not have a driver, tie it to 0
W: Verilog-2021: [E:/Arm/purple_light/ddr3_hdmi_v3/ddr3_hdmi/ipcore/video_pll/video_pll.v(line number: 134)] Net dyn_odiv4 in module video_pll does not have a driver, tie it to 0
W: Verilog-2021: [E:/Arm/purple_light/ddr3_hdmi_v3/ddr3_hdmi/ipcore/video_pll/video_pll.v(line number: 135)] Net dyn_fdiv in module video_pll does not have a driver, tie it to 0
W: Verilog-2021: [E:/Arm/purple_light/ddr3_hdmi_v3/ddr3_hdmi/ipcore/video_pll/video_pll.v(line number: 136)] Net dyn_duty0 in module video_pll does not have a driver, tie it to 0
W: Verilog-2021: [E:/Arm/purple_light/ddr3_hdmi_v3/ddr3_hdmi/ipcore/video_pll/video_pll.v(line number: 137)] Net dyn_duty1 in module video_pll does not have a driver, tie it to 0
W: Verilog-2021: [E:/Arm/purple_light/ddr3_hdmi_v3/ddr3_hdmi/ipcore/video_pll/video_pll.v(line number: 138)] Net dyn_duty2 in module video_pll does not have a driver, tie it to 0
W: Verilog-2021: [E:/Arm/purple_light/ddr3_hdmi_v3/ddr3_hdmi/ipcore/video_pll/video_pll.v(line number: 139)] Net dyn_duty3 in module video_pll does not have a driver, tie it to 0
W: Verilog-2021: [E:/Arm/purple_light/ddr3_hdmi_v3/ddr3_hdmi/ipcore/video_pll/video_pll.v(line number: 140)] Net dyn_duty4 in module video_pll does not have a driver, tie it to 0
W: Verilog-2020: [E:/Arm/purple_light/ddr3_hdmi_v3/ddr3_hdmi/ipcore/video_pll/video_pll.v(line number: 141)] Net dyn_phase0[0] in module video_pll does not have a driver, tie it to 0
W: Verilog-2020: [E:/Arm/purple_light/ddr3_hdmi_v3/ddr3_hdmi/ipcore/video_pll/video_pll.v(line number: 141)] Net dyn_phase0[1] in module video_pll does not have a driver, tie it to 0
W: Verilog-2020: [E:/Arm/purple_light/ddr3_hdmi_v3/ddr3_hdmi/ipcore/video_pll/video_pll.v(line number: 141)] Net dyn_phase0[2] in module video_pll does not have a driver, tie it to 0
W: Verilog-2020: [E:/Arm/purple_light/ddr3_hdmi_v3/ddr3_hdmi/ipcore/video_pll/video_pll.v(line number: 141)] Net dyn_phase0[3] in module video_pll does not have a driver, tie it to 0
W: Verilog-2020: [E:/Arm/purple_light/ddr3_hdmi_v3/ddr3_hdmi/ipcore/video_pll/video_pll.v(line number: 141)] Net dyn_phase0[4] in module video_pll does not have a driver, tie it to 0
W: Verilog-2020: [E:/Arm/purple_light/ddr3_hdmi_v3/ddr3_hdmi/ipcore/video_pll/video_pll.v(line number: 141)] Net dyn_phase0[5] in module video_pll does not have a driver, tie it to 0
W: Verilog-2020: [E:/Arm/purple_light/ddr3_hdmi_v3/ddr3_hdmi/ipcore/video_pll/video_pll.v(line number: 141)] Net dyn_phase0[6] in module video_pll does not have a driver, tie it to 0
W: Verilog-2020: [E:/Arm/purple_light/ddr3_hdmi_v3/ddr3_hdmi/ipcore/video_pll/video_pll.v(line number: 141)] Net dyn_phase0[7] in module video_pll does not have a driver, tie it to 0
W: Verilog-2020: [E:/Arm/purple_light/ddr3_hdmi_v3/ddr3_hdmi/ipcore/video_pll/video_pll.v(line number: 141)] Net dyn_phase0[8] in module video_pll does not have a driver, tie it to 0
W: Verilog-2020: [E:/Arm/purple_light/ddr3_hdmi_v3/ddr3_hdmi/ipcore/video_pll/video_pll.v(line number: 141)] Net dyn_phase0[9] in module video_pll does not have a driver, tie it to 0
W: Verilog-2020: [E:/Arm/purple_light/ddr3_hdmi_v3/ddr3_hdmi/ipcore/video_pll/video_pll.v(line number: 141)] Net dyn_phase0[10] in module video_pll does not have a driver, tie it to 0
W: Verilog-2020: [E:/Arm/purple_light/ddr3_hdmi_v3/ddr3_hdmi/ipcore/video_pll/video_pll.v(line number: 141)] Net dyn_phase0[11] in module video_pll does not have a driver, tie it to 0
W: Verilog-2020: [E:/Arm/purple_light/ddr3_hdmi_v3/ddr3_hdmi/ipcore/video_pll/video_pll.v(line number: 141)] Net dyn_phase0[12] in module video_pll does not have a driver, tie it to 0
W: Verilog-2020: [E:/Arm/purple_light/ddr3_hdmi_v3/ddr3_hdmi/ipcore/video_pll/video_pll.v(line number: 142)] Net dyn_phase1[0] in module video_pll does not have a driver, tie it to 0
W: Verilog-2020: [E:/Arm/purple_light/ddr3_hdmi_v3/ddr3_hdmi/ipcore/video_pll/video_pll.v(line number: 142)] Net dyn_phase1[1] in module video_pll does not have a driver, tie it to 0
W: Verilog-2020: [E:/Arm/purple_light/ddr3_hdmi_v3/ddr3_hdmi/ipcore/video_pll/video_pll.v(line number: 142)] Net dyn_phase1[2] in module video_pll does not have a driver, tie it to 0
W: Verilog-2020: [E:/Arm/purple_light/ddr3_hdmi_v3/ddr3_hdmi/ipcore/video_pll/video_pll.v(line number: 142)] Net dyn_phase1[3] in module video_pll does not have a driver, tie it to 0
W: Verilog-2020: [E:/Arm/purple_light/ddr3_hdmi_v3/ddr3_hdmi/ipcore/video_pll/video_pll.v(line number: 142)] Net dyn_phase1[4] in module video_pll does not have a driver, tie it to 0
W: Verilog-2020: [E:/Arm/purple_light/ddr3_hdmi_v3/ddr3_hdmi/ipcore/video_pll/video_pll.v(line number: 142)] Net dyn_phase1[5] in module video_pll does not have a driver, tie it to 0
W: Verilog-2020: [E:/Arm/purple_light/ddr3_hdmi_v3/ddr3_hdmi/ipcore/video_pll/video_pll.v(line number: 142)] Net dyn_phase1[6] in module video_pll does not have a driver, tie it to 0
W: Verilog-2020: [E:/Arm/purple_light/ddr3_hdmi_v3/ddr3_hdmi/ipcore/video_pll/video_pll.v(line number: 142)] Net dyn_phase1[7] in module video_pll does not have a driver, tie it to 0
W: Verilog-2020: [E:/Arm/purple_light/ddr3_hdmi_v3/ddr3_hdmi/ipcore/video_pll/video_pll.v(line number: 142)] Net dyn_phase1[8] in module video_pll does not have a driver, tie it to 0
W: Verilog-2020: [E:/Arm/purple_light/ddr3_hdmi_v3/ddr3_hdmi/ipcore/video_pll/video_pll.v(line number: 142)] Net dyn_phase1[9] in module video_pll does not have a driver, tie it to 0
W: Verilog-2020: [E:/Arm/purple_light/ddr3_hdmi_v3/ddr3_hdmi/ipcore/video_pll/video_pll.v(line number: 142)] Net dyn_phase1[10] in module video_pll does not have a driver, tie it to 0
W: Verilog-2020: [E:/Arm/purple_light/ddr3_hdmi_v3/ddr3_hdmi/ipcore/video_pll/video_pll.v(line number: 142)] Net dyn_phase1[11] in module video_pll does not have a driver, tie it to 0
W: Verilog-2020: [E:/Arm/purple_light/ddr3_hdmi_v3/ddr3_hdmi/ipcore/video_pll/video_pll.v(line number: 142)] Net dyn_phase1[12] in module video_pll does not have a driver, tie it to 0
W: Verilog-2020: [E:/Arm/purple_light/ddr3_hdmi_v3/ddr3_hdmi/ipcore/video_pll/video_pll.v(line number: 143)] Net dyn_phase2[0] in module video_pll does not have a driver, tie it to 0
W: Verilog-2020: [E:/Arm/purple_light/ddr3_hdmi_v3/ddr3_hdmi/ipcore/video_pll/video_pll.v(line number: 143)] Net dyn_phase2[1] in module video_pll does not have a driver, tie it to 0
W: Verilog-2020: [E:/Arm/purple_light/ddr3_hdmi_v3/ddr3_hdmi/ipcore/video_pll/video_pll.v(line number: 143)] Net dyn_phase2[2] in module video_pll does not have a driver, tie it to 0
W: Verilog-2020: [E:/Arm/purple_light/ddr3_hdmi_v3/ddr3_hdmi/ipcore/video_pll/video_pll.v(line number: 143)] Net dyn_phase2[3] in module video_pll does not have a driver, tie it to 0
W: Verilog-2020: [E:/Arm/purple_light/ddr3_hdmi_v3/ddr3_hdmi/ipcore/video_pll/video_pll.v(line number: 143)] Net dyn_phase2[4] in module video_pll does not have a driver, tie it to 0
W: Verilog-2020: [E:/Arm/purple_light/ddr3_hdmi_v3/ddr3_hdmi/ipcore/video_pll/video_pll.v(line number: 143)] Net dyn_phase2[5] in module video_pll does not have a driver, tie it to 0
W: Verilog-2020: [E:/Arm/purple_light/ddr3_hdmi_v3/ddr3_hdmi/ipcore/video_pll/video_pll.v(line number: 143)] Net dyn_phase2[6] in module video_pll does not have a driver, tie it to 0
W: Verilog-2020: [E:/Arm/purple_light/ddr3_hdmi_v3/ddr3_hdmi/ipcore/video_pll/video_pll.v(line number: 143)] Net dyn_phase2[7] in module video_pll does not have a driver, tie it to 0
W: Verilog-2020: [E:/Arm/purple_light/ddr3_hdmi_v3/ddr3_hdmi/ipcore/video_pll/video_pll.v(line number: 143)] Net dyn_phase2[8] in module video_pll does not have a driver, tie it to 0
W: Verilog-2020: [E:/Arm/purple_light/ddr3_hdmi_v3/ddr3_hdmi/ipcore/video_pll/video_pll.v(line number: 143)] Net dyn_phase2[9] in module video_pll does not have a driver, tie it to 0
W: Verilog-2020: [E:/Arm/purple_light/ddr3_hdmi_v3/ddr3_hdmi/ipcore/video_pll/video_pll.v(line number: 143)] Net dyn_phase2[10] in module video_pll does not have a driver, tie it to 0
W: Verilog-2020: [E:/Arm/purple_light/ddr3_hdmi_v3/ddr3_hdmi/ipcore/video_pll/video_pll.v(line number: 143)] Net dyn_phase2[11] in module video_pll does not have a driver, tie it to 0
W: Verilog-2020: [E:/Arm/purple_light/ddr3_hdmi_v3/ddr3_hdmi/ipcore/video_pll/video_pll.v(line number: 143)] Net dyn_phase2[12] in module video_pll does not have a driver, tie it to 0
W: Verilog-2020: [E:/Arm/purple_light/ddr3_hdmi_v3/ddr3_hdmi/ipcore/video_pll/video_pll.v(line number: 144)] Net dyn_phase3[0] in module video_pll does not have a driver, tie it to 0
W: Verilog-2020: [E:/Arm/purple_light/ddr3_hdmi_v3/ddr3_hdmi/ipcore/video_pll/video_pll.v(line number: 144)] Net dyn_phase3[1] in module video_pll does not have a driver, tie it to 0
W: Verilog-2020: [E:/Arm/purple_light/ddr3_hdmi_v3/ddr3_hdmi/ipcore/video_pll/video_pll.v(line number: 144)] Net dyn_phase3[2] in module video_pll does not have a driver, tie it to 0
W: Verilog-2020: [E:/Arm/purple_light/ddr3_hdmi_v3/ddr3_hdmi/ipcore/video_pll/video_pll.v(line number: 144)] Net dyn_phase3[3] in module video_pll does not have a driver, tie it to 0
W: Verilog-2020: [E:/Arm/purple_light/ddr3_hdmi_v3/ddr3_hdmi/ipcore/video_pll/video_pll.v(line number: 144)] Net dyn_phase3[4] in module video_pll does not have a driver, tie it to 0
W: Verilog-2020: [E:/Arm/purple_light/ddr3_hdmi_v3/ddr3_hdmi/ipcore/video_pll/video_pll.v(line number: 144)] Net dyn_phase3[5] in module video_pll does not have a driver, tie it to 0
W: Verilog-2020: [E:/Arm/purple_light/ddr3_hdmi_v3/ddr3_hdmi/ipcore/video_pll/video_pll.v(line number: 144)] Net dyn_phase3[6] in module video_pll does not have a driver, tie it to 0
W: Verilog-2020: [E:/Arm/purple_light/ddr3_hdmi_v3/ddr3_hdmi/ipcore/video_pll/video_pll.v(line number: 144)] Net dyn_phase3[7] in module video_pll does not have a driver, tie it to 0
W: Verilog-2020: [E:/Arm/purple_light/ddr3_hdmi_v3/ddr3_hdmi/ipcore/video_pll/video_pll.v(line number: 144)] Net dyn_phase3[8] in module video_pll does not have a driver, tie it to 0
W: Verilog-2020: [E:/Arm/purple_light/ddr3_hdmi_v3/ddr3_hdmi/ipcore/video_pll/video_pll.v(line number: 144)] Net dyn_phase3[9] in module video_pll does not have a driver, tie it to 0
W: Verilog-2020: [E:/Arm/purple_light/ddr3_hdmi_v3/ddr3_hdmi/ipcore/video_pll/video_pll.v(line number: 144)] Net dyn_phase3[10] in module video_pll does not have a driver, tie it to 0
W: Verilog-2020: [E:/Arm/purple_light/ddr3_hdmi_v3/ddr3_hdmi/ipcore/video_pll/video_pll.v(line number: 144)] Net dyn_phase3[11] in module video_pll does not have a driver, tie it to 0
W: Verilog-2020: [E:/Arm/purple_light/ddr3_hdmi_v3/ddr3_hdmi/ipcore/video_pll/video_pll.v(line number: 144)] Net dyn_phase3[12] in module video_pll does not have a driver, tie it to 0
W: Verilog-2020: [E:/Arm/purple_light/ddr3_hdmi_v3/ddr3_hdmi/ipcore/video_pll/video_pll.v(line number: 145)] Net dyn_phase4[0] in module video_pll does not have a driver, tie it to 0
W: Verilog-2020: [E:/Arm/purple_light/ddr3_hdmi_v3/ddr3_hdmi/ipcore/video_pll/video_pll.v(line number: 145)] Net dyn_phase4[1] in module video_pll does not have a driver, tie it to 0
W: Verilog-2020: [E:/Arm/purple_light/ddr3_hdmi_v3/ddr3_hdmi/ipcore/video_pll/video_pll.v(line number: 145)] Net dyn_phase4[2] in module video_pll does not have a driver, tie it to 0
W: Verilog-2020: [E:/Arm/purple_light/ddr3_hdmi_v3/ddr3_hdmi/ipcore/video_pll/video_pll.v(line number: 145)] Net dyn_phase4[3] in module video_pll does not have a driver, tie it to 0
W: Verilog-2020: [E:/Arm/purple_light/ddr3_hdmi_v3/ddr3_hdmi/ipcore/video_pll/video_pll.v(line number: 145)] Net dyn_phase4[4] in module video_pll does not have a driver, tie it to 0
W: Verilog-2020: [E:/Arm/purple_light/ddr3_hdmi_v3/ddr3_hdmi/ipcore/video_pll/video_pll.v(line number: 145)] Net dyn_phase4[5] in module video_pll does not have a driver, tie it to 0
W: Verilog-2020: [E:/Arm/purple_light/ddr3_hdmi_v3/ddr3_hdmi/ipcore/video_pll/video_pll.v(line number: 145)] Net dyn_phase4[6] in module video_pll does not have a driver, tie it to 0
W: Verilog-2020: [E:/Arm/purple_light/ddr3_hdmi_v3/ddr3_hdmi/ipcore/video_pll/video_pll.v(line number: 145)] Net dyn_phase4[7] in module video_pll does not have a driver, tie it to 0
W: Verilog-2020: [E:/Arm/purple_light/ddr3_hdmi_v3/ddr3_hdmi/ipcore/video_pll/video_pll.v(line number: 145)] Net dyn_phase4[8] in module video_pll does not have a driver, tie it to 0
W: Verilog-2020: [E:/Arm/purple_light/ddr3_hdmi_v3/ddr3_hdmi/ipcore/video_pll/video_pll.v(line number: 145)] Net dyn_phase4[9] in module video_pll does not have a driver, tie it to 0
W: Verilog-2020: [E:/Arm/purple_light/ddr3_hdmi_v3/ddr3_hdmi/ipcore/video_pll/video_pll.v(line number: 145)] Net dyn_phase4[10] in module video_pll does not have a driver, tie it to 0
W: Verilog-2020: [E:/Arm/purple_light/ddr3_hdmi_v3/ddr3_hdmi/ipcore/video_pll/video_pll.v(line number: 145)] Net dyn_phase4[11] in module video_pll does not have a driver, tie it to 0
W: Verilog-2020: [E:/Arm/purple_light/ddr3_hdmi_v3/ddr3_hdmi/ipcore/video_pll/video_pll.v(line number: 145)] Net dyn_phase4[12] in module video_pll does not have a driver, tie it to 0
W: Verilog-2021: [E:/Arm/purple_light/ddr3_hdmi_v3/ddr3_hdmi/ipcore/video_pll/video_pll.v(line number: 149)] Net icp_base in module video_pll does not have a driver, tie it to 0
W: Verilog-2021: [E:/Arm/purple_light/ddr3_hdmi_v3/ddr3_hdmi/ipcore/video_pll/video_pll.v(line number: 150)] Net icp_sel in module video_pll does not have a driver, tie it to 0
W: Verilog-2021: [E:/Arm/purple_light/ddr3_hdmi_v3/ddr3_hdmi/ipcore/video_pll/video_pll.v(line number: 151)] Net lpfres_sel in module video_pll does not have a driver, tie it to 0
W: Verilog-2021: [E:/Arm/purple_light/ddr3_hdmi_v3/ddr3_hdmi/ipcore/video_pll/video_pll.v(line number: 152)] Net cripple_sel in module video_pll does not have a driver, tie it to 0
W: Verilog-2021: [E:/Arm/purple_light/ddr3_hdmi_v3/ddr3_hdmi/ipcore/video_pll/video_pll.v(line number: 153)] Net phase_sel in module video_pll does not have a driver, tie it to 0
W: Verilog-2021: [E:/Arm/purple_light/ddr3_hdmi_v3/ddr3_hdmi/ipcore/video_pll/video_pll.v(line number: 154)] Net phase_dir in module video_pll does not have a driver, tie it to 0
W: Verilog-2021: [E:/Arm/purple_light/ddr3_hdmi_v3/ddr3_hdmi/ipcore/video_pll/video_pll.v(line number: 155)] Net phase_step_n in module video_pll does not have a driver, tie it to 0
W: Verilog-2021: [E:/Arm/purple_light/ddr3_hdmi_v3/ddr3_hdmi/ipcore/video_pll/video_pll.v(line number: 156)] Net load_phase in module video_pll does not have a driver, tie it to 0
W: Verilog-2021: [E:/Arm/purple_light/ddr3_hdmi_v3/ddr3_hdmi/ipcore/video_pll/video_pll.v(line number: 157)] Net dyn_mdiv in module video_pll does not have a driver, tie it to 0
I: Verilog-0003: [E:/Arm/purple_light/ddr3_hdmi_v3/ddr3_hdmi/source/dvi_tx/dvi_encoder.v(line number: 2)] Elaborating module dvi_encoder
I: Verilog-0003: [E:/Arm/purple_light/ddr3_hdmi_v3/ddr3_hdmi/source/dvi_tx/encode.v(line number: 46)] Elaborating module encode
I: Verilog-0003: [E:/Arm/purple_light/ddr3_hdmi_v3/ddr3_hdmi/source/dvi_tx/encode.v(line number: 46)] Elaborating module encode
I: Verilog-0003: [E:/Arm/purple_light/ddr3_hdmi_v3/ddr3_hdmi/source/dvi_tx/encode.v(line number: 46)] Elaborating module encode
I: Verilog-0003: [E:/Arm/purple_light/ddr3_hdmi_v3/ddr3_hdmi/source/dvi_tx/serdes_4b_10to1.v(line number: 3)] Elaborating module serdes_4b_10to1
I: Verilog-0003: [D:/pango/PDS_2020.3-Lite/arch/vendor/pango/library/operator/gtp_lib.v(line number: 18517)] Elaborating module GTP_OSERDES
I: Verilog-0003: [D:/pango/PDS_2020.3-Lite/arch/vendor/pango/library/operator/gtp_lib.v(line number: 18630)] Elaborating module GTP_OUTBUFT
I: Verilog-0003: [E:/Arm/purple_light/ddr3_hdmi_v3/ddr3_hdmi/source/rgb_to_ycbcr.v(line number: 13)] Elaborating module rgb_to_ycbcr
W: Verilog-2019: [E:/Arm/purple_light/ddr3_hdmi_v3/ddr3_hdmi/source/sources_1/top.v(line number: 268)] Width mismatch between port o_cb_8b and signal bound to it for instantiated module rgb_to_ycbcr
W: Verilog-2019: [E:/Arm/purple_light/ddr3_hdmi_v3/ddr3_hdmi/source/sources_1/top.v(line number: 268)] Width mismatch between port o_cr_8b and signal bound to it for instantiated module rgb_to_ycbcr
I: Verilog-0003: [E:/Arm/purple_light/ddr3_hdmi_v3/ddr3_hdmi/source/write_spi_buf.v(line number: 1)] Elaborating module fenqu
I: Verilog-0003: [E:/Arm/purple_light/ddr3_hdmi_v3/ddr3_hdmi/source/detect.v(line number: 1)] Elaborating module detect
W: Verilog-2021: [E:/Arm/purple_light/ddr3_hdmi_v3/ddr3_hdmi/source/detect.v(line number: 11)] Net data_valid_pluse in module detect does not have a driver, tie it to 0
W: Verilog-2021: [E:/Arm/purple_light/ddr3_hdmi_v3/ddr3_hdmi/source/detect.v(line number: 13)] Net start_pluse in module detect does not have a driver, tie it to 0
I: Verilog-0003: [E:/Arm/purple_light/ddr3_hdmi_v3/ddr3_hdmi/source/pingjun.v(line number: 2)] Elaborating module pingjun
I: Verilog-0003: [E:/Arm/purple_light/ddr3_hdmi_v3/ddr3_hdmi/source/MBI5353_top.v(line number: 23)] Elaborating module MBI5353_top
I: Verilog-0003: [E:/Arm/purple_light/ddr3_hdmi_v3/ddr3_hdmi/source/CLK.v(line number: 23)] Elaborating module CLK
W: Verilog-2024: [E:/Arm/purple_light/ddr3_hdmi_v3/ddr3_hdmi/source/CLK.v(line number: 23)] Give an initial value for the no drive output pin DCLK_MBI5353_R in graph of sdm module CLK
I: Verilog-0003: [E:/Arm/purple_light/ddr3_hdmi_v3/ddr3_hdmi/source/MBI5353.v(line number: 23)] Elaborating module MBI5353
E: Verilog-4086: [E:/Arm/purple_light/ddr3_hdmi_v3/ddr3_hdmi/source/MBI5353.v(line number: 402)] More than one always block assigned a value to the same variable flag_send
Program Error Out.
