#Build: Fabric Compiler 2020.3-Lite, Build 71107, Mar 15 17:59 2021
#Install: D:\pango\PDS_2020.3-Lite\bin
#Application name: pds.exe
#OS: Windows 10 10.0.19044
#Hostname: DESKTOP-CRQ4OKO
Generated by Fabric Compiler (version 2020.3-Lite build 71107) at Sun Oct 23 21:05:41 2022
Compiling architecture definition.
W: Verilog-2007: [E:/Arm/purple_light/ddr3_hdmi_v3/ddr3_hdmi/source/fifo_tb.v(line number: 5)] Empty port in module declaration
W: Verilog-2007: [E:/Arm/purple_light/ddr3_hdmi_v3/ddr3_hdmi/source/frame_write_read.v(line number: 1)] Empty port in module declaration
File "E:/Arm/purple_light/ddr3_hdmi_v3/ddr3_hdmi/source/fenqu.v" has been added to project successfully. 
Compiling architecture definition.
W: Verilog-2007: [E:/Arm/purple_light/ddr3_hdmi_v3/ddr3_hdmi/source/fenqu.v(line number: 1)] Empty port in module declaration
W: Verilog-2007: [E:/Arm/purple_light/ddr3_hdmi_v3/ddr3_hdmi/source/fifo_tb.v(line number: 5)] Empty port in module declaration
W: Verilog-2007: [E:/Arm/purple_light/ddr3_hdmi_v3/ddr3_hdmi/source/frame_write_read.v(line number: 1)] Empty port in module declaration
I: Flow-6004: Design file modified: "E:/Arm/purple_light/ddr3_hdmi_v3/ddr3_hdmi/source/fenqu.v". 
Compiling architecture definition.
E: Verilog-4005: [E:/Arm/purple_light/ddr3_hdmi_v3/ddr3_hdmi/source/fenqu.v(line number: 2)] Syntax error near ;
E: Parsing ERROR.
W: Verilog-2007: [E:/Arm/purple_light/ddr3_hdmi_v3/ddr3_hdmi/source/fifo_tb.v(line number: 5)] Empty port in module declaration
W: Verilog-2007: [E:/Arm/purple_light/ddr3_hdmi_v3/ddr3_hdmi/source/frame_write_read.v(line number: 1)] Empty port in module declaration
I: Flow-6004: Design file modified: "E:/Arm/purple_light/ddr3_hdmi_v3/ddr3_hdmi/source/fenqu.v". 
Compiling architecture definition.
E: Verilog-4005: [E:/Arm/purple_light/ddr3_hdmi_v3/ddr3_hdmi/source/fenqu.v(line number: 2)] Syntax error near ;
E: Parsing ERROR.
W: Verilog-2007: [E:/Arm/purple_light/ddr3_hdmi_v3/ddr3_hdmi/source/fifo_tb.v(line number: 5)] Empty port in module declaration
W: Verilog-2007: [E:/Arm/purple_light/ddr3_hdmi_v3/ddr3_hdmi/source/frame_write_read.v(line number: 1)] Empty port in module declaration
I: Flow-6004: Design file modified: "E:/Arm/purple_light/ddr3_hdmi_v3/ddr3_hdmi/source/fenqu.v". 
Compiling architecture definition.
E: Verilog-4005: [E:/Arm/purple_light/ddr3_hdmi_v3/ddr3_hdmi/source/fenqu.v(line number: 2)] Syntax error near ;
E: Parsing ERROR.
W: Verilog-2007: [E:/Arm/purple_light/ddr3_hdmi_v3/ddr3_hdmi/source/fifo_tb.v(line number: 5)] Empty port in module declaration
W: Verilog-2007: [E:/Arm/purple_light/ddr3_hdmi_v3/ddr3_hdmi/source/frame_write_read.v(line number: 1)] Empty port in module declaration
I: Flow-6004: Design file modified: "E:/Arm/purple_light/ddr3_hdmi_v3/ddr3_hdmi/source/fenqu.v". 
Compiling architecture definition.
E: Verilog-4005: [E:/Arm/purple_light/ddr3_hdmi_v3/ddr3_hdmi/source/fenqu.v(line number: 2)] Syntax error near ;
E: Parsing ERROR.
W: Verilog-2007: [E:/Arm/purple_light/ddr3_hdmi_v3/ddr3_hdmi/source/fifo_tb.v(line number: 5)] Empty port in module declaration
W: Verilog-2007: [E:/Arm/purple_light/ddr3_hdmi_v3/ddr3_hdmi/source/frame_write_read.v(line number: 1)] Empty port in module declaration
I: Flow-6004: Design file modified: "E:/Arm/purple_light/ddr3_hdmi_v3/ddr3_hdmi/source/fenqu.v". 
Compiling architecture definition.
E: Verilog-4005: [E:/Arm/purple_light/ddr3_hdmi_v3/ddr3_hdmi/source/fenqu.v(line number: 2)] Syntax error near ;
E: Parsing ERROR.
W: Verilog-2007: [E:/Arm/purple_light/ddr3_hdmi_v3/ddr3_hdmi/source/fifo_tb.v(line number: 5)] Empty port in module declaration
W: Verilog-2007: [E:/Arm/purple_light/ddr3_hdmi_v3/ddr3_hdmi/source/frame_write_read.v(line number: 1)] Empty port in module declaration
I: Flow-6004: Design file modified: "E:/Arm/purple_light/ddr3_hdmi_v3/ddr3_hdmi/source/fenqu.v". 
Compiling architecture definition.
I: Flow-6004: Design file modified: "E:/Arm/purple_light/ddr3_hdmi_v3/ddr3_hdmi/source/fenqu.v". 
E: Verilog-4005: [E:/Arm/purple_light/ddr3_hdmi_v3/ddr3_hdmi/source/fenqu.v(line number: 2)] Syntax error near ;
E: Parsing ERROR.
W: Verilog-2007: [E:/Arm/purple_light/ddr3_hdmi_v3/ddr3_hdmi/source/fifo_tb.v(line number: 5)] Empty port in module declaration
W: Verilog-2007: [E:/Arm/purple_light/ddr3_hdmi_v3/ddr3_hdmi/source/frame_write_read.v(line number: 1)] Empty port in module declaration
Compiling architecture definition.
I: Flow-6004: Design file modified: "E:/Arm/purple_light/ddr3_hdmi_v3/ddr3_hdmi/source/fenqu.v". 
E: Verilog-4005: [E:/Arm/purple_light/ddr3_hdmi_v3/ddr3_hdmi/source/fenqu.v(line number: 2)] Syntax error near ;
E: Parsing ERROR.
W: Verilog-2007: [E:/Arm/purple_light/ddr3_hdmi_v3/ddr3_hdmi/source/fifo_tb.v(line number: 5)] Empty port in module declaration
W: Verilog-2007: [E:/Arm/purple_light/ddr3_hdmi_v3/ddr3_hdmi/source/frame_write_read.v(line number: 1)] Empty port in module declaration
Compiling architecture definition.
E: Verilog-4005: [E:/Arm/purple_light/ddr3_hdmi_v3/ddr3_hdmi/source/fenqu.v(line number: 2)] Syntax error near ;
E: Parsing ERROR.
I: Flow-6004: Design file modified: "E:/Arm/purple_light/ddr3_hdmi_v3/ddr3_hdmi/source/fenqu.v". 
Development error  

pds_shell crashes.

call stack dump:
0000000140324937
0000000140324e7d
0000000140324d6b
000000014031406a
0000000140431b34
00000001404355f4
0000000140482e82
0000000140482c8f
00000001400fbe65
00000001400fc3ab
00000001400ec933
00000001400f2292
00000001400f1df9
00007ffdc51a01c4
00007ffdc519eeb7
00007ffdc5178767
00007ffdc5178829
00007ffdc517a6d8
00007ffdc51c2e02
00007ffdf8cde858
00007ffdf8cde299
00007ffdc51c26c5
00007ffdc5174b7b
00007ffdc517776e
00000001400f53b8
0000000140b0dcd4
00007ffdf8ac7034
00007ffdfaaa26a1
00000001400f52b0

Compiling architecture definition.
I: Flow-6004: Design file modified: "E:/Arm/purple_light/ddr3_hdmi_v3/ddr3_hdmi/source/fenqu.v". 
Compiling architecture definition.
I: Flow-6004: Design file modified: "E:/Arm/purple_light/ddr3_hdmi_v3/ddr3_hdmi/source/fenqu.v". 
E: Verilog-4005: [E:/Arm/purple_light/ddr3_hdmi_v3/ddr3_hdmi/source/fenqu.v(line number: 2)] Syntax error near ;
E: Parsing ERROR.
W: Verilog-2007: [E:/Arm/purple_light/ddr3_hdmi_v3/ddr3_hdmi/source/fifo_tb.v(line number: 5)] Empty port in module declaration
W: Verilog-2007: [E:/Arm/purple_light/ddr3_hdmi_v3/ddr3_hdmi/source/frame_write_read.v(line number: 1)] Empty port in module declaration
I: Flow-6004: Design file modified: "E:/Arm/purple_light/ddr3_hdmi_v3/ddr3_hdmi/source/fenqu.v". 
Compiling architecture definition.
E: Verilog-4005: [E:/Arm/purple_light/ddr3_hdmi_v3/ddr3_hdmi/source/fenqu.v(line number: 2)] Syntax error near ;
E: Parsing ERROR.
W: Verilog-2007: [E:/Arm/purple_light/ddr3_hdmi_v3/ddr3_hdmi/source/fifo_tb.v(line number: 5)] Empty port in module declaration
W: Verilog-2007: [E:/Arm/purple_light/ddr3_hdmi_v3/ddr3_hdmi/source/frame_write_read.v(line number: 1)] Empty port in module declaration
Compiling architecture definition.
E: Verilog-4005: [E:/Arm/purple_light/ddr3_hdmi_v3/ddr3_hdmi/source/fenqu.v(line number: 2)] Syntax error near ;
E: Parsing ERROR.
W: Verilog-2007: [E:/Arm/purple_light/ddr3_hdmi_v3/ddr3_hdmi/source/fifo_tb.v(line number: 5)] Empty port in module declaration
W: Verilog-2007: [E:/Arm/purple_light/ddr3_hdmi_v3/ddr3_hdmi/source/frame_write_read.v(line number: 1)] Empty port in module declaration
Compiling architecture definition.
E: Verilog-4005: [E:/Arm/purple_light/ddr3_hdmi_v3/ddr3_hdmi/source/fenqu.v(line number: 2)] Syntax error near ;
E: Parsing ERROR.
W: Verilog-2007: [E:/Arm/purple_light/ddr3_hdmi_v3/ddr3_hdmi/source/fifo_tb.v(line number: 5)] Empty port in module declaration
W: Verilog-2007: [E:/Arm/purple_light/ddr3_hdmi_v3/ddr3_hdmi/source/frame_write_read.v(line number: 1)] Empty port in module declaration
I: Flow-6004: Design file modified: "E:/Arm/purple_light/ddr3_hdmi_v3/ddr3_hdmi/source/fenqu.v". 
Compiling architecture definition.
E: Verilog-4005: [E:/Arm/purple_light/ddr3_hdmi_v3/ddr3_hdmi/source/fenqu.v(line number: 2)] Syntax error near ;
E: Parsing ERROR.
W: Verilog-2007: [E:/Arm/purple_light/ddr3_hdmi_v3/ddr3_hdmi/source/fifo_tb.v(line number: 5)] Empty port in module declaration
W: Verilog-2007: [E:/Arm/purple_light/ddr3_hdmi_v3/ddr3_hdmi/source/frame_write_read.v(line number: 1)] Empty port in module declaration
Compiling verification operator library.
Compiling technology operator (valence) library.
Compiling architecture definition.
E: Verilog-4005: [E:/Arm/purple_light/ddr3_hdmi_v3/ddr3_hdmi/source/fenqu.v(line number: 2)] Syntax error near ;
E: Parsing ERROR.
W: Verilog-2007: [E:/Arm/purple_light/ddr3_hdmi_v3/ddr3_hdmi/source/fifo_tb.v(line number: 5)] Empty port in module declaration
W: Verilog-2007: [E:/Arm/purple_light/ddr3_hdmi_v3/ddr3_hdmi/source/frame_write_read.v(line number: 1)] Empty port in module declaration
I: Flow-6004: Design file modified: "E:/Arm/purple_light/ddr3_hdmi_v3/ddr3_hdmi/source/sources_1/color_bar.v". 
Compiling architecture definition.
E: Verilog-4005: [E:/Arm/purple_light/ddr3_hdmi_v3/ddr3_hdmi/source/sources_1/color_bar.v(line number: 200)] Syntax error near ;
E: Parsing ERROR.
E: Verilog-4005: [E:/Arm/purple_light/ddr3_hdmi_v3/ddr3_hdmi/source/fenqu.v(line number: 2)] Syntax error near ;
E: Parsing ERROR.
W: Verilog-2007: [E:/Arm/purple_light/ddr3_hdmi_v3/ddr3_hdmi/source/fifo_tb.v(line number: 5)] Empty port in module declaration
W: Verilog-2007: [E:/Arm/purple_light/ddr3_hdmi_v3/ddr3_hdmi/source/frame_write_read.v(line number: 1)] Empty port in module declaration
I: Flow-6004: Design file modified: "E:/Arm/purple_light/ddr3_hdmi_v3/ddr3_hdmi/source/fenqu.v". 
Compiling architecture definition.
E: Verilog-4005: [E:/Arm/purple_light/ddr3_hdmi_v3/ddr3_hdmi/source/sources_1/color_bar.v(line number: 200)] Syntax error near ;
E: Parsing ERROR.
E: Verilog-4005: [E:/Arm/purple_light/ddr3_hdmi_v3/ddr3_hdmi/source/fenqu.v(line number: 2)] Syntax error near ;
E: Parsing ERROR.
W: Verilog-2007: [E:/Arm/purple_light/ddr3_hdmi_v3/ddr3_hdmi/source/fifo_tb.v(line number: 5)] Empty port in module declaration
W: Verilog-2007: [E:/Arm/purple_light/ddr3_hdmi_v3/ddr3_hdmi/source/frame_write_read.v(line number: 1)] Empty port in module declaration
I: Flow-6004: Design file modified: "E:/Arm/purple_light/ddr3_hdmi_v3/ddr3_hdmi/source/fenqu.v". 
Compiling architecture definition.
I: Flow-6004: Design file modified: "E:/Arm/purple_light/ddr3_hdmi_v3/ddr3_hdmi/source/fenqu.v". 
E: Verilog-4005: [E:/Arm/purple_light/ddr3_hdmi_v3/ddr3_hdmi/source/sources_1/color_bar.v(line number: 200)] Syntax error near ;
E: Parsing ERROR.
E: Verilog-4005: [E:/Arm/purple_light/ddr3_hdmi_v3/ddr3_hdmi/source/fenqu.v(line number: 2)] Syntax error near ;
E: Parsing ERROR.
W: Verilog-2007: [E:/Arm/purple_light/ddr3_hdmi_v3/ddr3_hdmi/source/fifo_tb.v(line number: 5)] Empty port in module declaration
W: Verilog-2007: [E:/Arm/purple_light/ddr3_hdmi_v3/ddr3_hdmi/source/frame_write_read.v(line number: 1)] Empty port in module declaration
Compiling architecture definition.
I: Flow-6004: Design file modified: "E:/Arm/purple_light/ddr3_hdmi_v3/ddr3_hdmi/source/fenqu.v". 
E: Verilog-4005: [E:/Arm/purple_light/ddr3_hdmi_v3/ddr3_hdmi/source/sources_1/color_bar.v(line number: 200)] Syntax error near ;
E: Parsing ERROR.
E: Verilog-4005: [E:/Arm/purple_light/ddr3_hdmi_v3/ddr3_hdmi/source/fenqu.v(line number: 2)] Syntax error near ;
E: Parsing ERROR.
W: Verilog-2007: [E:/Arm/purple_light/ddr3_hdmi_v3/ddr3_hdmi/source/fifo_tb.v(line number: 5)] Empty port in module declaration
W: Verilog-2007: [E:/Arm/purple_light/ddr3_hdmi_v3/ddr3_hdmi/source/frame_write_read.v(line number: 1)] Empty port in module declaration
Compiling architecture definition.
E: Verilog-4005: [E:/Arm/purple_light/ddr3_hdmi_v3/ddr3_hdmi/source/sources_1/color_bar.v(line number: 200)] Syntax error near ;
E: Parsing ERROR.
E: Verilog-4005: [E:/Arm/purple_light/ddr3_hdmi_v3/ddr3_hdmi/source/fenqu.v(line number: 2)] Syntax error near ;
E: Parsing ERROR.
W: Verilog-2007: [E:/Arm/purple_light/ddr3_hdmi_v3/ddr3_hdmi/source/fifo_tb.v(line number: 5)] Empty port in module declaration
W: Verilog-2007: [E:/Arm/purple_light/ddr3_hdmi_v3/ddr3_hdmi/source/frame_write_read.v(line number: 1)] Empty port in module declaration
I: Flow-6004: Design file modified: "E:/Arm/purple_light/ddr3_hdmi_v3/ddr3_hdmi/source/fenqu.v". 
Compiling architecture definition.
E: Verilog-4005: [E:/Arm/purple_light/ddr3_hdmi_v3/ddr3_hdmi/source/sources_1/color_bar.v(line number: 200)] Syntax error near ;
E: Parsing ERROR.
E: Verilog-4005: [E:/Arm/purple_light/ddr3_hdmi_v3/ddr3_hdmi/source/fenqu.v(line number: 2)] Syntax error near ;
E: Parsing ERROR.
W: Verilog-2007: [E:/Arm/purple_light/ddr3_hdmi_v3/ddr3_hdmi/source/fifo_tb.v(line number: 5)] Empty port in module declaration
W: Verilog-2007: [E:/Arm/purple_light/ddr3_hdmi_v3/ddr3_hdmi/source/frame_write_read.v(line number: 1)] Empty port in module declaration
I: Flow-6004: Design file modified: "E:/Arm/purple_light/ddr3_hdmi_v3/ddr3_hdmi/source/fenqu.v". 
I: Flow-6004: Design file modified: "E:/Arm/purple_light/ddr3_hdmi_v3/ddr3_hdmi/source/fenqu.v". 
Compiling architecture definition.
I: Flow-6004: Design file modified: "E:/Arm/purple_light/ddr3_hdmi_v3/ddr3_hdmi/source/fenqu.v". 
E: Verilog-4005: [E:/Arm/purple_light/ddr3_hdmi_v3/ddr3_hdmi/source/sources_1/color_bar.v(line number: 200)] Syntax error near ;
E: Parsing ERROR.
E: Verilog-4005: [E:/Arm/purple_light/ddr3_hdmi_v3/ddr3_hdmi/source/fenqu.v(line number: 2)] Syntax error near ;
E: Parsing ERROR.
W: Verilog-2007: [E:/Arm/purple_light/ddr3_hdmi_v3/ddr3_hdmi/source/fifo_tb.v(line number: 5)] Empty port in module declaration
W: Verilog-2007: [E:/Arm/purple_light/ddr3_hdmi_v3/ddr3_hdmi/source/frame_write_read.v(line number: 1)] Empty port in module declaration
I: Flow-6004: Design file modified: "E:/Arm/purple_light/ddr3_hdmi_v3/ddr3_hdmi/source/fenqu.v". 
Compiling architecture definition.
I: Flow-6004: Design file modified: "E:/Arm/purple_light/ddr3_hdmi_v3/ddr3_hdmi/source/fenqu.v". 
E: Verilog-4005: [E:/Arm/purple_light/ddr3_hdmi_v3/ddr3_hdmi/source/sources_1/color_bar.v(line number: 200)] Syntax error near ;
E: Parsing ERROR.
E: Verilog-4005: [E:/Arm/purple_light/ddr3_hdmi_v3/ddr3_hdmi/source/fenqu.v(line number: 2)] Syntax error near ;
E: Parsing ERROR.
W: Verilog-2007: [E:/Arm/purple_light/ddr3_hdmi_v3/ddr3_hdmi/source/fifo_tb.v(line number: 5)] Empty port in module declaration
W: Verilog-2007: [E:/Arm/purple_light/ddr3_hdmi_v3/ddr3_hdmi/source/frame_write_read.v(line number: 1)] Empty port in module declaration
I: Flow-6004: Design file modified: "E:/Arm/purple_light/ddr3_hdmi_v3/ddr3_hdmi/source/fenqu.v". 
I: Flow-6004: Design file modified: "E:/Arm/purple_light/ddr3_hdmi_v3/ddr3_hdmi/source/fenqu.v". 
Compiling architecture definition.
E: Verilog-4005: [E:/Arm/purple_light/ddr3_hdmi_v3/ddr3_hdmi/source/sources_1/color_bar.v(line number: 200)] Syntax error near ;
E: Parsing ERROR.
E: Verilog-4005: [E:/Arm/purple_light/ddr3_hdmi_v3/ddr3_hdmi/source/fenqu.v(line number: 2)] Syntax error near ;
E: Parsing ERROR.
W: Verilog-2007: [E:/Arm/purple_light/ddr3_hdmi_v3/ddr3_hdmi/source/fifo_tb.v(line number: 5)] Empty port in module declaration
W: Verilog-2007: [E:/Arm/purple_light/ddr3_hdmi_v3/ddr3_hdmi/source/frame_write_read.v(line number: 1)] Empty port in module declaration
Compiling architecture definition.
E: Verilog-4005: [E:/Arm/purple_light/ddr3_hdmi_v3/ddr3_hdmi/source/sources_1/color_bar.v(line number: 200)] Syntax error near ;
E: Parsing ERROR.
E: Verilog-4005: [E:/Arm/purple_light/ddr3_hdmi_v3/ddr3_hdmi/source/fenqu.v(line number: 2)] Syntax error near ;
E: Parsing ERROR.
W: Verilog-2007: [E:/Arm/purple_light/ddr3_hdmi_v3/ddr3_hdmi/source/fifo_tb.v(line number: 5)] Empty port in module declaration
W: Verilog-2007: [E:/Arm/purple_light/ddr3_hdmi_v3/ddr3_hdmi/source/frame_write_read.v(line number: 1)] Empty port in module declaration
Compiling architecture definition.
E: Verilog-4005: [E:/Arm/purple_light/ddr3_hdmi_v3/ddr3_hdmi/source/sources_1/color_bar.v(line number: 200)] Syntax error near ;
E: Parsing ERROR.
E: Verilog-4005: [E:/Arm/purple_light/ddr3_hdmi_v3/ddr3_hdmi/source/fenqu.v(line number: 2)] Syntax error near ;
E: Parsing ERROR.
W: Verilog-2007: [E:/Arm/purple_light/ddr3_hdmi_v3/ddr3_hdmi/source/fifo_tb.v(line number: 5)] Empty port in module declaration
W: Verilog-2007: [E:/Arm/purple_light/ddr3_hdmi_v3/ddr3_hdmi/source/frame_write_read.v(line number: 1)] Empty port in module declaration
Compiling architecture definition.
E: Verilog-4005: [E:/Arm/purple_light/ddr3_hdmi_v3/ddr3_hdmi/source/sources_1/color_bar.v(line number: 200)] Syntax error near ;
E: Parsing ERROR.
E: Verilog-4005: [E:/Arm/purple_light/ddr3_hdmi_v3/ddr3_hdmi/source/fenqu.v(line number: 2)] Syntax error near ;
E: Parsing ERROR.
W: Verilog-2007: [E:/Arm/purple_light/ddr3_hdmi_v3/ddr3_hdmi/source/fifo_tb.v(line number: 5)] Empty port in module declaration
W: Verilog-2007: [E:/Arm/purple_light/ddr3_hdmi_v3/ddr3_hdmi/source/frame_write_read.v(line number: 1)] Empty port in module declaration
Compiling architecture definition.
E: Verilog-4005: [E:/Arm/purple_light/ddr3_hdmi_v3/ddr3_hdmi/source/sources_1/color_bar.v(line number: 200)] Syntax error near ;
E: Parsing ERROR.
E: Verilog-4005: [E:/Arm/purple_light/ddr3_hdmi_v3/ddr3_hdmi/source/fenqu.v(line number: 2)] Syntax error near ;
E: Parsing ERROR.
W: Verilog-2007: [E:/Arm/purple_light/ddr3_hdmi_v3/ddr3_hdmi/source/fifo_tb.v(line number: 5)] Empty port in module declaration
W: Verilog-2007: [E:/Arm/purple_light/ddr3_hdmi_v3/ddr3_hdmi/source/frame_write_read.v(line number: 1)] Empty port in module declaration
I: Flow-6004: Design file modified: "E:/Arm/purple_light/ddr3_hdmi_v3/ddr3_hdmi/source/fenqu.v". 
Compiling architecture definition.
I: Flow-6004: Design file modified: "E:/Arm/purple_light/ddr3_hdmi_v3/ddr3_hdmi/source/fenqu.v". 
E: Verilog-4005: [E:/Arm/purple_light/ddr3_hdmi_v3/ddr3_hdmi/source/sources_1/color_bar.v(line number: 200)] Syntax error near ;
E: Parsing ERROR.
E: Verilog-4005: [E:/Arm/purple_light/ddr3_hdmi_v3/ddr3_hdmi/source/fenqu.v(line number: 2)] Syntax error near ;
E: Parsing ERROR.
W: Verilog-2007: [E:/Arm/purple_light/ddr3_hdmi_v3/ddr3_hdmi/source/fifo_tb.v(line number: 5)] Empty port in module declaration
W: Verilog-2007: [E:/Arm/purple_light/ddr3_hdmi_v3/ddr3_hdmi/source/frame_write_read.v(line number: 1)] Empty port in module declaration
Compiling architecture definition.
E: Verilog-4005: [E:/Arm/purple_light/ddr3_hdmi_v3/ddr3_hdmi/source/sources_1/color_bar.v(line number: 200)] Syntax error near ;
E: Parsing ERROR.
E: Verilog-4005: [E:/Arm/purple_light/ddr3_hdmi_v3/ddr3_hdmi/source/fenqu.v(line number: 2)] Syntax error near ;
E: Parsing ERROR.
W: Verilog-2007: [E:/Arm/purple_light/ddr3_hdmi_v3/ddr3_hdmi/source/fifo_tb.v(line number: 5)] Empty port in module declaration
W: Verilog-2007: [E:/Arm/purple_light/ddr3_hdmi_v3/ddr3_hdmi/source/frame_write_read.v(line number: 1)] Empty port in module declaration
I: Flow-6004: Design file modified: "E:/Arm/purple_light/ddr3_hdmi_v3/ddr3_hdmi/source/fenqu.v". 
Compiling architecture definition.
E: Verilog-4005: [E:/Arm/purple_light/ddr3_hdmi_v3/ddr3_hdmi/source/sources_1/color_bar.v(line number: 200)] Syntax error near ;
E: Parsing ERROR.
E: Verilog-4005: [E:/Arm/purple_light/ddr3_hdmi_v3/ddr3_hdmi/source/fenqu.v(line number: 2)] Syntax error near ;
E: Parsing ERROR.
W: Verilog-2007: [E:/Arm/purple_light/ddr3_hdmi_v3/ddr3_hdmi/source/fifo_tb.v(line number: 5)] Empty port in module declaration
W: Verilog-2007: [E:/Arm/purple_light/ddr3_hdmi_v3/ddr3_hdmi/source/frame_write_read.v(line number: 1)] Empty port in module declaration
I: Flow-6004: Design file modified: "E:/Arm/purple_light/ddr3_hdmi_v3/ddr3_hdmi/source/fenqu.v". 
Compiling architecture definition.
E: Verilog-4005: [E:/Arm/purple_light/ddr3_hdmi_v3/ddr3_hdmi/source/sources_1/color_bar.v(line number: 200)] Syntax error near ;
E: Parsing ERROR.
E: Verilog-4005: [E:/Arm/purple_light/ddr3_hdmi_v3/ddr3_hdmi/source/fenqu.v(line number: 2)] Syntax error near ;
E: Parsing ERROR.
W: Verilog-2007: [E:/Arm/purple_light/ddr3_hdmi_v3/ddr3_hdmi/source/fifo_tb.v(line number: 5)] Empty port in module declaration
W: Verilog-2007: [E:/Arm/purple_light/ddr3_hdmi_v3/ddr3_hdmi/source/frame_write_read.v(line number: 1)] Empty port in module declaration
I: Flow-6004: Design file modified: "E:/Arm/purple_light/ddr3_hdmi_v3/ddr3_hdmi/source/fenqu.v". 
Compiling architecture definition.
I: Flow-6004: Design file modified: "E:/Arm/purple_light/ddr3_hdmi_v3/ddr3_hdmi/source/fenqu.v". 
I: Flow-6004: Design file modified: "E:/Arm/purple_light/ddr3_hdmi_v3/ddr3_hdmi/source/fenqu.v". 
E: Verilog-4005: [E:/Arm/purple_light/ddr3_hdmi_v3/ddr3_hdmi/source/sources_1/color_bar.v(line number: 200)] Syntax error near ;
E: Parsing ERROR.
E: Verilog-4005: [E:/Arm/purple_light/ddr3_hdmi_v3/ddr3_hdmi/source/fenqu.v(line number: 2)] Syntax error near ;
E: Parsing ERROR.
W: Verilog-2007: [E:/Arm/purple_light/ddr3_hdmi_v3/ddr3_hdmi/source/fifo_tb.v(line number: 5)] Empty port in module declaration
W: Verilog-2007: [E:/Arm/purple_light/ddr3_hdmi_v3/ddr3_hdmi/source/frame_write_read.v(line number: 1)] Empty port in module declaration
Compiling architecture definition.
E: Verilog-4005: [E:/Arm/purple_light/ddr3_hdmi_v3/ddr3_hdmi/source/sources_1/color_bar.v(line number: 200)] Syntax error near ;
E: Parsing ERROR.
E: Verilog-4005: [E:/Arm/purple_light/ddr3_hdmi_v3/ddr3_hdmi/source/fenqu.v(line number: 2)] Syntax error near ;
E: Parsing ERROR.
W: Verilog-2007: [E:/Arm/purple_light/ddr3_hdmi_v3/ddr3_hdmi/source/fifo_tb.v(line number: 5)] Empty port in module declaration
W: Verilog-2007: [E:/Arm/purple_light/ddr3_hdmi_v3/ddr3_hdmi/source/frame_write_read.v(line number: 1)] Empty port in module declaration
Compiling architecture definition.
I: Flow-6004: Design file modified: "E:/Arm/purple_light/ddr3_hdmi_v3/ddr3_hdmi/source/fenqu.v". 
E: Verilog-4005: [E:/Arm/purple_light/ddr3_hdmi_v3/ddr3_hdmi/source/sources_1/color_bar.v(line number: 200)] Syntax error near ;
E: Parsing ERROR.
E: Verilog-4005: [E:/Arm/purple_light/ddr3_hdmi_v3/ddr3_hdmi/source/fenqu.v(line number: 2)] Syntax error near ;
E: Parsing ERROR.
W: Verilog-2007: [E:/Arm/purple_light/ddr3_hdmi_v3/ddr3_hdmi/source/fifo_tb.v(line number: 5)] Empty port in module declaration
W: Verilog-2007: [E:/Arm/purple_light/ddr3_hdmi_v3/ddr3_hdmi/source/frame_write_read.v(line number: 1)] Empty port in module declaration
Compiling architecture definition.
I: Flow-6004: Design file modified: "E:/Arm/purple_light/ddr3_hdmi_v3/ddr3_hdmi/source/fenqu.v". 
E: Verilog-4005: [E:/Arm/purple_light/ddr3_hdmi_v3/ddr3_hdmi/source/sources_1/color_bar.v(line number: 200)] Syntax error near ;
E: Parsing ERROR.
E: Verilog-4005: [E:/Arm/purple_light/ddr3_hdmi_v3/ddr3_hdmi/source/fenqu.v(line number: 2)] Syntax error near ;
E: Verilog-4005: [E:/Arm/purple_light/ddr3_hdmi_v3/ddr3_hdmi/source/fenqu.v(line number: 13)] Syntax error near always
E: Parsing ERROR.
W: Verilog-2007: [E:/Arm/purple_light/ddr3_hdmi_v3/ddr3_hdmi/source/fifo_tb.v(line number: 5)] Empty port in module declaration
W: Verilog-2007: [E:/Arm/purple_light/ddr3_hdmi_v3/ddr3_hdmi/source/frame_write_read.v(line number: 1)] Empty port in module declaration
Compiling architecture definition.
E: Verilog-4005: [E:/Arm/purple_light/ddr3_hdmi_v3/ddr3_hdmi/source/sources_1/color_bar.v(line number: 200)] Syntax error near ;
E: Parsing ERROR.
E: Verilog-4005: [E:/Arm/purple_light/ddr3_hdmi_v3/ddr3_hdmi/source/fenqu.v(line number: 2)] Syntax error near ;
E: Verilog-4005: [E:/Arm/purple_light/ddr3_hdmi_v3/ddr3_hdmi/source/fenqu.v(line number: 13)] Syntax error near always
E: Parsing ERROR.
W: Verilog-2007: [E:/Arm/purple_light/ddr3_hdmi_v3/ddr3_hdmi/source/fifo_tb.v(line number: 5)] Empty port in module declaration
W: Verilog-2007: [E:/Arm/purple_light/ddr3_hdmi_v3/ddr3_hdmi/source/frame_write_read.v(line number: 1)] Empty port in module declaration
I: Flow-6004: Design file modified: "E:/Arm/purple_light/ddr3_hdmi_v3/ddr3_hdmi/source/fenqu.v". 
I: Flow-6004: Design file modified: "E:/Arm/purple_light/ddr3_hdmi_v3/ddr3_hdmi/source/fenqu.v". 
Compiling architecture definition.
E: Verilog-4005: [E:/Arm/purple_light/ddr3_hdmi_v3/ddr3_hdmi/source/sources_1/color_bar.v(line number: 200)] Syntax error near ;
E: Parsing ERROR.
I: Flow-6004: Design file modified: "E:/Arm/purple_light/ddr3_hdmi_v3/ddr3_hdmi/source/fenqu.v". 
E: Verilog-4005: [E:/Arm/purple_light/ddr3_hdmi_v3/ddr3_hdmi/source/fenqu.v(line number: 2)] Syntax error near ;
E: Verilog-4005: [E:/Arm/purple_light/ddr3_hdmi_v3/ddr3_hdmi/source/fenqu.v(line number: 14)] Syntax error near always
E: Parsing ERROR.
W: Verilog-2007: [E:/Arm/purple_light/ddr3_hdmi_v3/ddr3_hdmi/source/fifo_tb.v(line number: 5)] Empty port in module declaration
W: Verilog-2007: [E:/Arm/purple_light/ddr3_hdmi_v3/ddr3_hdmi/source/frame_write_read.v(line number: 1)] Empty port in module declaration
Compiling architecture definition.
E: Verilog-4005: [E:/Arm/purple_light/ddr3_hdmi_v3/ddr3_hdmi/source/sources_1/color_bar.v(line number: 200)] Syntax error near ;
E: Parsing ERROR.
E: Verilog-4005: [E:/Arm/purple_light/ddr3_hdmi_v3/ddr3_hdmi/source/fenqu.v(line number: 2)] Syntax error near ;
E: Verilog-4005: [E:/Arm/purple_light/ddr3_hdmi_v3/ddr3_hdmi/source/fenqu.v(line number: 14)] Syntax error near always
E: Parsing ERROR.
W: Verilog-2007: [E:/Arm/purple_light/ddr3_hdmi_v3/ddr3_hdmi/source/fifo_tb.v(line number: 5)] Empty port in module declaration
W: Verilog-2007: [E:/Arm/purple_light/ddr3_hdmi_v3/ddr3_hdmi/source/frame_write_read.v(line number: 1)] Empty port in module declaration
Compiling architecture definition.
E: Verilog-4005: [E:/Arm/purple_light/ddr3_hdmi_v3/ddr3_hdmi/source/sources_1/color_bar.v(line number: 200)] Syntax error near ;
E: Parsing ERROR.
E: Verilog-4005: [E:/Arm/purple_light/ddr3_hdmi_v3/ddr3_hdmi/source/fenqu.v(line number: 2)] Syntax error near ;
E: Verilog-4005: [E:/Arm/purple_light/ddr3_hdmi_v3/ddr3_hdmi/source/fenqu.v(line number: 14)] Syntax error near always
E: Parsing ERROR.
W: Verilog-2007: [E:/Arm/purple_light/ddr3_hdmi_v3/ddr3_hdmi/source/fifo_tb.v(line number: 5)] Empty port in module declaration
W: Verilog-2007: [E:/Arm/purple_light/ddr3_hdmi_v3/ddr3_hdmi/source/frame_write_read.v(line number: 1)] Empty port in module declaration
I: Flow-6004: Design file modified: "E:/Arm/purple_light/ddr3_hdmi_v3/ddr3_hdmi/source/sources_1/color_bar.v". 
Compiling architecture definition.
E: Verilog-4005: [E:/Arm/purple_light/ddr3_hdmi_v3/ddr3_hdmi/source/fenqu.v(line number: 2)] Syntax error near ;
E: Verilog-4005: [E:/Arm/purple_light/ddr3_hdmi_v3/ddr3_hdmi/source/fenqu.v(line number: 14)] Syntax error near always
E: Parsing ERROR.
W: Verilog-2007: [E:/Arm/purple_light/ddr3_hdmi_v3/ddr3_hdmi/source/fifo_tb.v(line number: 5)] Empty port in module declaration
W: Verilog-2007: [E:/Arm/purple_light/ddr3_hdmi_v3/ddr3_hdmi/source/frame_write_read.v(line number: 1)] Empty port in module declaration
