#Build: Fabric Inserter 2020.3-Lite, Build 71107, Mar 15 17:48 2021
#Install: D:\pango\PDS_2020.3-Lite\bin
#Application name: cdt_ins.exe
#OS: Windows 10 10.0.19044
#Hostname: DESKTOP-CRQ4OKO
Generated by Fabric Inserter (version 2020.3-Lite build 71107) at Wed Oct 12 13:22:16 2022
*************************************************************************
*
*  Parsing design. Please be patient as this can take several minutes.
*
*************************************************************************
Compiling architecture definition.
Loading technology operator library.
Compiling technology operator library.
Compiling technology operator (valence) library.
Compiling file 'E:/Arm/purple_light/ddr3_hdmi/synthesize/top_syn.adf' successful.
Creating module hierarchy.
Collecting net information.
*************************************************************************
*
*  Design Parsing Done.
*
*************************************************************************
Read project 'E:/Arm/purple_light/ddr3_hdmi/synthesize/top_syn.fic' Successfully.
I: Inserter-6007: The TriggerPort1 has deleted.
W: Inserter-4008: Net connections is modified to make channels in sequence.
Successfully Write Project E:/Arm/purple_light/ddr3_hdmi/synthesize/top_syn.fic.
FIC_BEGIN[E:/Arm/purple_light/ddr3_hdmi/synthesize/top_syn.fic]FIC_END
Successfully Write Project E:/Arm/purple_light/ddr3_hdmi/synthesize/top_syn.fic.
FIC_BEGIN[E:/Arm/purple_light/ddr3_hdmi/synthesize/top_syn.fic]FIC_END
Successfully Write Project E:/Arm/purple_light/ddr3_hdmi/synthesize/top_syn.fic.
FIC_BEGIN[E:/Arm/purple_light/ddr3_hdmi/synthesize/top_syn.fic]FIC_END
Successfully Write Project E:/Arm/purple_light/ddr3_hdmi/synthesize/top_syn.fic.
FIC_BEGIN[E:/Arm/purple_light/ddr3_hdmi/synthesize/top_syn.fic]FIC_END
Successfully Write Project E:/Arm/purple_light/ddr3_hdmi/synthesize/top_syn.fic.
FIC_BEGIN[E:/Arm/purple_light/ddr3_hdmi/synthesize/top_syn.fic]FIC_END
Successfully Write Project E:/Arm/purple_light/ddr3_hdmi/synthesize/top_syn.fic.
FIC_BEGIN[E:/Arm/purple_light/ddr3_hdmi/synthesize/top_syn.fic]FIC_END
Successfully Write Project E:/Arm/purple_light/ddr3_hdmi/synthesize/top_syn.fic.
FIC_BEGIN[E:/Arm/purple_light/ddr3_hdmi/synthesize/top_syn.fic]FIC_END
