#Build: Fabric Compiler 2020.3-Lite, Build 71107, Mar 15 18:01 2021
#Install: D:\pango\PDS_2020.3-Lite\bin
#Application name: pds_shell.exe
#OS: Windows 10 10.0.19044
#Hostname: DESKTOP-CRQ4OKO
Generated by Fabric Compiler (version 2020.3-Lite build 71107) at Wed Nov  9 20:48:50 2022
Compiling verification operator library.
Compiling common defs.
Compiling prim grid devices.
Compiling gate devices.
Compiling gate operators.
Building architecture model.
Loading device packaging model 'MBG324'.
Reading design from DB.
Start Generating Programming File...
Reading design from DB takes 3.921875 sec.
Generating architecture configuration.
The bitstream file is "E:/Arm/purple_light/ddr3_hdmi_v3/ddr3_hdmi/generate_bitstream/top.sbit"
Generate programming file takes 82.421875 sec.
Generating Programming File done.
Action gen_bit_stream: Real time elapsed is 92.000 sec
Action gen_bit_stream: CPU time elapsed is 92.859 sec
Current time: Wed Nov  9 20:50:19 2022
Action gen_bit_stream: Peak memory pool usage is 375,123,968 bytes
