#Build: Fabric Compiler 2020.3-Lite, Build 71107, Mar 15 18:01 2021
#Install: D:\pango\PDS_2020.3-Lite\bin
#Application name: pds_shell.exe
#OS: Windows 10 10.0.19044
#Hostname: DESKTOP-CRQ4OKO
Generated by Fabric Compiler (version 2020.3-Lite build 71107) at Thu Oct 13 21:48:04 2022
Compiling verification operator library.
Compiling common defs.
Compiling prim grid devices.
Compiling gate devices.
Compiling gate operators.
Building architecture model.
Loading device packaging model 'MBG324'.
Reading design from DB.
Start Generating Programming File...
Reading design from DB takes 4.593750 sec.
Generating architecture configuration.
The bitstream file is "E:/Arm/purple_light/ddr3_hdmi/generate_bitstream/top.sbit"
Generate programming file takes 71.750000 sec.
Generating Programming File done.
Action gen_bit_stream: Real time elapsed is 80.000 sec
Action gen_bit_stream: CPU time elapsed is 79.844 sec
Current time: Thu Oct 13 21:49:21 2022
Action gen_bit_stream: Peak memory pool usage is 393,228,288 bytes
