#Build: Fabric Compiler 2020.3-Lite, Build 71107, Mar 15 18:01 2021
#Install: D:\pango\PDS_2020.3-Lite\bin
#Application name: pds_shell.exe
#OS: Windows 10 10.0.19044
#Hostname: DESKTOP-CRQ4OKO
Generated by Fabric Compiler (version 2020.3-Lite build 71107) at Tue Oct 18 21:39:29 2022
Compiling verification operator library.
Compiling common defs.
Compiling prim grid devices.
Compiling gate devices.
Compiling gate operators.
Building architecture model.
Loading device packaging model 'MBG324'.
Reading design from DB.
Start Generating Programming File...
Reading design from DB takes 3.531250 sec.
Generating architecture configuration.
The bitstream file is "E:/Arm/purple_light/ddr3_hdmi/generate_bitstream/top.sbit"
Generate programming file takes 67.546875 sec.
Generating Programming File done.
Action gen_bit_stream: Real time elapsed is 75.000 sec
Action gen_bit_stream: CPU time elapsed is 75.531 sec
Current time: Tue Oct 18 21:40:41 2022
Action gen_bit_stream: Peak memory pool usage is 374,956,032 bytes
