#Build: Fabric Compiler 2020.3-Lite, Build 71107, Mar 15 18:01 2021
#Install: D:\pango\PDS_2020.3-Lite\bin
#Application name: pds_shell.exe
#OS: Windows 10 10.0.19044
#Hostname: DESKTOP-CRQ4OKO
Generated by Fabric Compiler (version 2020.3-Lite build 71107) at Tue Oct 18 21:20:40 2022
Compiling verification operator library.
Compiling common defs.
Loading technology operator library.
Compiling technology operator library.
Compiling technology operator (valence) library.
Compiling operator packing rules.
Compiling prim grid devices.
Compiling gate devices.
Compiling gate operators.
Compiling tech operator impls.
Building architecture model.
Loading device packaging model 'MBG324'.
I: Parameter configuration file E:/Arm/purple_light/ddr3_hdmi/testparam.txt cannot open.
Reading design from translate DB.
Flattening design 'top'
Device mapping started.
Optimizing circuit logic.
Checking design netlist.
Processing tech operator.
I: The instance clkbufg_0(GTP_CLKBUFG) has been inserted on the net u_ipsl_hmic_h_top/pll_pclk in design, driver pin CLKOUT1(instance u_ipsl_hmic_h_top/u_pll_50_400/u_pll_e1) -> load pin CLK(instance u_ipsl_hmic_h_top/u_ipsl_hmic_h_ddrc_top/u_ddrc_reset_ctrl_v1_1/ddr_init_done).
I: The instance clkbufg_1(GTP_CLKBUFG) has been inserted on the net ui_clk in design, driver pin CLKOUT3(instance u_ipsl_hmic_h_top/u_pll_50_400/u_pll_e1) -> load pin CLK(instance frame_read_write_m0/frame_fifo_read_m0/fifo_aclr).
Converting tech operator to gate operator.
Processing gate operator.
W: Adm-4021: The attribute '.pap_unconnected_inputs' of object 'u_ipsl_hmic_h_top/u_ipsl_hmic_h_phy_top/u_phy_io_v1_1/genblk2.iob_08_09_dut/opit_2_O' is overwritten by new value.
W: Adm-4021: The attribute '.pap_unconnected_inputs' of object 'u_ipsl_hmic_h_top/u_ipsl_hmic_h_phy_top/u_phy_io_v1_1/genblk3.iob_30_31_dut/opit_2_O' is overwritten by new value.
W: Adm-4021: The attribute '.pap_unconnected_inputs' of object 'u_ipsl_hmic_h_top/u_ipsl_hmic_h_phy_top/u_phy_io_v1_1/iob_03_dut/opit_1_DELI_O' is overwritten by new value.
W: Adm-4021: The attribute '.pap_unconnected_inputs' of object 'u_ipsl_hmic_h_top/u_ipsl_hmic_h_phy_top/u_phy_io_v1_1/iob_04_dut/opit_1_DELI_O' is overwritten by new value.
W: Adm-4021: The attribute '.pap_unconnected_inputs' of object 'u_ipsl_hmic_h_top/u_ipsl_hmic_h_phy_top/u_phy_io_v1_1/iob_05_dut/opit_1_DELI_O' is overwritten by new value.
W: Adm-4021: The attribute '.pap_unconnected_inputs' of object 'u_ipsl_hmic_h_top/u_ipsl_hmic_h_phy_top/u_phy_io_v1_1/iob_06_dut/opit_1_DELI_O' is overwritten by new value.
W: Adm-4021: The attribute '.pap_unconnected_inputs' of object 'u_ipsl_hmic_h_top/u_ipsl_hmic_h_phy_top/u_phy_io_v1_1/iob_07_dut/opit_1_DELI_O' is overwritten by new value.
W: Adm-4021: The attribute '.pap_unconnected_inputs' of object 'u_ipsl_hmic_h_top/u_ipsl_hmic_h_phy_top/u_phy_io_v1_1/iob_10_dut/opit_1_DELI_O' is overwritten by new value.
W: Adm-4021: The attribute '.pap_unconnected_inputs' of object 'u_ipsl_hmic_h_top/u_ipsl_hmic_h_phy_top/u_phy_io_v1_1/iob_11_dut/opit_1_DELI_O' is overwritten by new value.
W: Adm-4021: The attribute '.pap_unconnected_inputs' of object 'u_ipsl_hmic_h_top/u_ipsl_hmic_h_phy_top/u_phy_io_v1_1/iob_12_dut/opit_1_DELI_O' is overwritten by new value.
W: Adm-4021: The attribute '.pap_unconnected_inputs' of object 'u_ipsl_hmic_h_top/u_ipsl_hmic_h_phy_top/u_phy_io_v1_1/iob_27_dut/opit_1_DELI_O' is overwritten by new value.
W: Adm-4021: The attribute '.pap_unconnected_inputs' of object 'u_ipsl_hmic_h_top/u_ipsl_hmic_h_phy_top/u_phy_io_v1_1/iob_28_dut/opit_1_DELI_O' is overwritten by new value.
W: Adm-4021: The attribute '.pap_unconnected_inputs' of object 'u_ipsl_hmic_h_top/u_ipsl_hmic_h_phy_top/u_phy_io_v1_1/iob_29_dut/opit_1_DELI_O' is overwritten by new value.
W: Adm-4021: The attribute '.pap_unconnected_inputs' of object 'u_ipsl_hmic_h_top/u_ipsl_hmic_h_phy_top/u_phy_io_v1_1/iob_32_dut/opit_1_DELI_O' is overwritten by new value.
W: Adm-4021: The attribute '.pap_unconnected_inputs' of object 'u_ipsl_hmic_h_top/u_ipsl_hmic_h_phy_top/u_phy_io_v1_1/iob_33_dut/opit_1_DELI_O' is overwritten by new value.
W: Adm-4021: The attribute '.pap_unconnected_inputs' of object 'u_ipsl_hmic_h_top/u_ipsl_hmic_h_phy_top/u_phy_io_v1_1/iob_34_dut/opit_1_DELI_O' is overwritten by new value.
W: Adm-4021: The attribute '.pap_unconnected_inputs' of object 'u_ipsl_hmic_h_top/u_ipsl_hmic_h_phy_top/u_phy_io_v1_1/iob_35_dut/opit_1_DELI_O' is overwritten by new value.
W: Adm-4021: The attribute '.pap_unconnected_inputs' of object 'u_ipsl_hmic_h_top/u_ipsl_hmic_h_phy_top/u_phy_io_v1_1/iob_36_dut/opit_1_DELI_O' is overwritten by new value.
W: Adm-4021: The attribute '.pap_unconnected_inputs' of object 'u_ipsl_hmic_h_top/u_ipsl_hmic_h_phy_top/u_phy_io_v1_1/iob_02_dut/opit_1_IOL' is overwritten by new value.
W: Adm-4021: The attribute '.pap_unconnected_inputs' of object 'u_ipsl_hmic_h_top/u_ipsl_hmic_h_phy_top/u_phy_io_v1_1/iob_16_17_dut/opit_3_IOL' is overwritten by new value.
W: Adm-4021: The attribute '.pap_unconnected_inputs' of object 'u_ipsl_hmic_h_top/u_ipsl_hmic_h_phy_top/u_phy_io_v1_1/iob_18_dut/opit_1_IOL' is overwritten by new value.
W: Adm-4021: The attribute '.pap_unconnected_inputs' of object 'u_ipsl_hmic_h_top/u_ipsl_hmic_h_phy_top/u_phy_io_v1_1/iob_19_dut/opit_1_IOL' is overwritten by new value.
W: Adm-4021: The attribute '.pap_unconnected_inputs' of object 'u_ipsl_hmic_h_top/u_ipsl_hmic_h_phy_top/u_phy_io_v1_1/iob_20_dut/opit_1_IOL' is overwritten by new value.
W: Adm-4021: The attribute '.pap_unconnected_inputs' of object 'u_ipsl_hmic_h_top/u_ipsl_hmic_h_phy_top/u_phy_io_v1_1/iob_21_dut/opit_1_IOL' is overwritten by new value.
W: Adm-4021: The attribute '.pap_unconnected_inputs' of object 'u_ipsl_hmic_h_top/u_ipsl_hmic_h_phy_top/u_phy_io_v1_1/iob_22_dut/opit_1_IOL' is overwritten by new value.
W: Adm-4021: The attribute '.pap_unconnected_inputs' of object 'u_ipsl_hmic_h_top/u_ipsl_hmic_h_phy_top/u_phy_io_v1_1/iob_23_dut/opit_1_IOL' is overwritten by new value.
W: Adm-4021: The attribute '.pap_unconnected_inputs' of object 'u_ipsl_hmic_h_top/u_ipsl_hmic_h_phy_top/u_phy_io_v1_1/iob_24_dut/opit_1_IOL' is overwritten by new value.
W: Adm-4021: The attribute '.pap_unconnected_inputs' of object 'u_ipsl_hmic_h_top/u_ipsl_hmic_h_phy_top/u_phy_io_v1_1/iob_25_dut/opit_1_IOL' is overwritten by new value.
W: Adm-4021: The attribute '.pap_unconnected_inputs' of object 'u_ipsl_hmic_h_top/u_ipsl_hmic_h_phy_top/u_phy_io_v1_1/iob_37_dut/opit_1_IOL' is overwritten by new value.
W: Adm-4021: The attribute '.pap_unconnected_inputs' of object 'u_ipsl_hmic_h_top/u_ipsl_hmic_h_phy_top/u_phy_io_v1_1/iob_40_dut/opit_1_IOL' is overwritten by new value.
W: Adm-4021: The attribute '.pap_unconnected_inputs' of object 'u_ipsl_hmic_h_top/u_ipsl_hmic_h_phy_top/u_phy_io_v1_1/iob_41_dut/opit_1_IOL' is overwritten by new value.
W: Adm-4021: The attribute '.pap_unconnected_inputs' of object 'u_ipsl_hmic_h_top/u_ipsl_hmic_h_phy_top/u_phy_io_v1_1/iob_42_dut/opit_1_IOL' is overwritten by new value.
W: Adm-4021: The attribute '.pap_unconnected_inputs' of object 'u_ipsl_hmic_h_top/u_ipsl_hmic_h_phy_top/u_phy_io_v1_1/iob_43_dut/opit_1_IOL' is overwritten by new value.
W: Adm-4021: The attribute '.pap_unconnected_inputs' of object 'u_ipsl_hmic_h_top/u_ipsl_hmic_h_phy_top/u_phy_io_v1_1/iob_44_dut/opit_1_IOL' is overwritten by new value.
W: Adm-4021: The attribute '.pap_unconnected_inputs' of object 'u_ipsl_hmic_h_top/u_ipsl_hmic_h_phy_top/u_phy_io_v1_1/iob_45_dut/opit_1_IOL' is overwritten by new value.
W: Adm-4021: The attribute '.pap_unconnected_inputs' of object 'u_ipsl_hmic_h_top/u_ipsl_hmic_h_phy_top/u_phy_io_v1_1/iob_46_dut/opit_1_IOL' is overwritten by new value.
W: Adm-4021: The attribute '.pap_unconnected_inputs' of object 'u_ipsl_hmic_h_top/u_ipsl_hmic_h_phy_top/u_phy_io_v1_1/iob_47_dut/opit_1_IOL' is overwritten by new value.
W: Adm-4021: The attribute '.pap_unconnected_inputs' of object 'u_ipsl_hmic_h_top/u_ipsl_hmic_h_phy_top/u_phy_io_v1_1/iob_48_dut/opit_1_IOL' is overwritten by new value.
W: Adm-4021: The attribute '.pap_unconnected_inputs' of object 'u_ipsl_hmic_h_top/u_ipsl_hmic_h_phy_top/u_phy_io_v1_1/iob_49_dut/opit_1_IOL' is overwritten by new value.
W: Adm-4021: The attribute '.pap_unconnected_inputs' of object 'u_ipsl_hmic_h_top/u_ipsl_hmic_h_phy_top/u_phy_io_v1_1/iob_51_dut/opit_1_IOL' is overwritten by new value.
W: Adm-4021: The attribute '.pap_unconnected_inputs' of object 'u_ipsl_hmic_h_top/u_ipsl_hmic_h_phy_top/u_phy_io_v1_1/iob_52_dut/opit_1_IOL' is overwritten by new value.
W: Adm-4021: The attribute '.pap_unconnected_inputs' of object 'u_ipsl_hmic_h_top/u_ipsl_hmic_h_phy_top/u_phy_io_v1_1/iob_55_dut/opit_1_IOL' is overwritten by new value.
W: Adm-4021: The attribute '.pap_unconnected_inputs' of object 'u_ipsl_hmic_h_top/u_ipsl_hmic_h_phy_top/u_phy_io_v1_1/iob_56_dut/opit_1_IOL' is overwritten by new value.
W: Adm-4021: The attribute '.pap_unconnected_inputs' of object 'u_ipsl_hmic_h_top/u_ipsl_hmic_h_phy_top/u_phy_io_v1_1/iob_57_dut/opit_1_IOL' is overwritten by new value.
W: Adm-4021: The attribute '.pap_unconnected_inputs' of object 'u_ipsl_hmic_h_top/u_ipsl_hmic_h_phy_top/u_phy_io_v1_1/iob_58_dut/opit_1_IOL' is overwritten by new value.
W: Adm-4021: The attribute '.pap_unconnected_inputs' of object 'u_ipsl_hmic_h_top/u_ipsl_hmic_h_phy_top/u_phy_io_v1_1/iob_59_dut/opit_1_IOL' is overwritten by new value.
W: Adm-4021: The attribute '.pap_unconnected_inputs' of object 'u_ipsl_hmic_h_top/u_ipsl_hmic_h_phy_top/u_phy_io_v1_1/iol_iddr3_dut/gateop_inv_IO' is overwritten by new value.
W: Adm-4021: The attribute '.pap_unconnected_inputs' of object 'u_ipsl_hmic_h_top/u_ipsl_hmic_h_phy_top/u_phy_io_v1_1/iol_iddr4_dut/gateop_inv_IO' is overwritten by new value.
W: Adm-4021: The attribute '.pap_unconnected_inputs' of object 'u_ipsl_hmic_h_top/u_ipsl_hmic_h_phy_top/u_phy_io_v1_1/iol_iddr5_dut/gateop_inv_IO' is overwritten by new value.
W: Adm-4021: The attribute '.pap_unconnected_inputs' of object 'u_ipsl_hmic_h_top/u_ipsl_hmic_h_phy_top/u_phy_io_v1_1/iol_iddr6_dut/gateop_inv_IO' is overwritten by new value.
W: Adm-4021: The attribute '.pap_unconnected_inputs' of object 'u_ipsl_hmic_h_top/u_ipsl_hmic_h_phy_top/u_phy_io_v1_1/iol_iddr7_dut/gateop_inv_IO' is overwritten by new value.
W: Adm-4021: The attribute '.pap_unconnected_inputs' of object 'u_ipsl_hmic_h_top/u_ipsl_hmic_h_phy_top/u_phy_io_v1_1/iol_iddr10_dut/gateop_inv_IO' is overwritten by new value.
W: Adm-4021: The attribute '.pap_unconnected_inputs' of object 'u_ipsl_hmic_h_top/u_ipsl_hmic_h_phy_top/u_phy_io_v1_1/iol_iddr11_dut/gateop_inv_IO' is overwritten by new value.
W: Adm-4021: The attribute '.pap_unconnected_inputs' of object 'u_ipsl_hmic_h_top/u_ipsl_hmic_h_phy_top/u_phy_io_v1_1/iol_iddr12_dut/gateop_inv_IO' is overwritten by new value.
W: Adm-4021: The attribute '.pap_unconnected_inputs' of object 'u_ipsl_hmic_h_top/u_ipsl_hmic_h_phy_top/u_phy_io_v1_1/iol_iddr27_dut/gateop_inv_IO' is overwritten by new value.
W: Adm-4021: The attribute '.pap_unconnected_inputs' of object 'u_ipsl_hmic_h_top/u_ipsl_hmic_h_phy_top/u_phy_io_v1_1/iol_iddr28_dut/gateop_inv_IO' is overwritten by new value.
W: Adm-4021: The attribute '.pap_unconnected_inputs' of object 'u_ipsl_hmic_h_top/u_ipsl_hmic_h_phy_top/u_phy_io_v1_1/iol_iddr29_dut/gateop_inv_IO' is overwritten by new value.
W: Adm-4021: The attribute '.pap_unconnected_inputs' of object 'u_ipsl_hmic_h_top/u_ipsl_hmic_h_phy_top/u_phy_io_v1_1/iol_iddr32_dut/gateop_inv_IO' is overwritten by new value.
W: Adm-4021: The attribute '.pap_unconnected_inputs' of object 'u_ipsl_hmic_h_top/u_ipsl_hmic_h_phy_top/u_phy_io_v1_1/iol_iddr33_dut/gateop_inv_IO' is overwritten by new value.
W: Adm-4021: The attribute '.pap_unconnected_inputs' of object 'u_ipsl_hmic_h_top/u_ipsl_hmic_h_phy_top/u_phy_io_v1_1/iol_iddr34_dut/gateop_inv_IO' is overwritten by new value.
W: Adm-4021: The attribute '.pap_unconnected_inputs' of object 'u_ipsl_hmic_h_top/u_ipsl_hmic_h_phy_top/u_phy_io_v1_1/iol_iddr35_dut/gateop_inv_IO' is overwritten by new value.
W: Adm-4021: The attribute '.pap_unconnected_inputs' of object 'u_ipsl_hmic_h_top/u_ipsl_hmic_h_phy_top/u_phy_io_v1_1/iol_iddr36_dut/gateop_inv_IO' is overwritten by new value.
W: Adm-4021: The attribute '.pap_unconnected_inputs' of object 'u_ipsl_hmic_h_top/u_ipsl_hmic_h_ddrc_top/u_ddrc_reset_ctrl_v1_1/u_ddrc_apb_reset_v1_1/cnt[0]/opit_0_inv_A2Q0' is overwritten by new value.
W: Adm-4021: The attribute '.pap_unconnected_inputs' of object 'u_ipsl_hmic_h_top/u_ipsl_hmic_h_ddrc_top/u_ddrc_reset_ctrl_v1_1/ddrc_rst_cnt[0]/opit_0_inv_L5Q' is overwritten by new value.
W: Adm-4021: The attribute '.pap_unconnected_inputs' of object 'u_ipsl_hmic_h_top/u_ipsl_hmic_h_ddrc_top/u_ddrc_reset_ctrl_v1_1/ddrc_rst_cnt[1]/opit_0_inv_L5Q' is overwritten by new value.
W: Adm-4021: The attribute '.pap_unconnected_inputs' of object 'u_ipsl_hmic_h_top/u_ipsl_hmic_h_ddrc_top/u_ddrc_reset_ctrl_v1_1/ddrc_rst_cnt[2]/opit_0_inv_L5Q' is overwritten by new value.
W: Adm-4021: The attribute '.pap_unconnected_inputs' of object 'u_ipsl_hmic_h_top/u_ipsl_hmic_h_ddrc_top/u_ddrc_reset_ctrl_v1_1/ddrc_rst_cnt[3]/opit_0_inv_L5Q' is overwritten by new value.
W: Adm-4021: The attribute '.pap_unconnected_inputs' of object 'u_ipsl_hmic_h_top/u_ipsl_hmic_h_ddrc_top/u_ddrc_reset_ctrl_v1_1/ddrc_rst_cnt[4]/opit_0_inv_L5Q' is overwritten by new value.
W: Adm-4021: The attribute '.pap_unconnected_inputs' of object 'u_ipsl_hmic_h_top/u_ipsl_hmic_h_ddrc_top/u_ddrc_reset_ctrl_v1_1/init_axi_reset0/opit_0_inv_L5Q' is overwritten by new value.
W: Adm-4021: The attribute '.pap_unconnected_inputs' of object 'u_ipsl_hmic_h_top/u_ipsl_hmic_h_ddrc_top/u_ddrc_reset_ctrl_v1_1/presetn/opit_0_inv_L5Q' is overwritten by new value.
W: Adm-4021: The attribute '.pap_unconnected_inputs' of object 'u_ipsl_hmic_h_top/u_ipsl_hmic_h_ddrc_top/u_ddrc_reset_ctrl_v1_1/rst_cnt[1]/opit_0_inv_L5Q' is overwritten by new value.
W: Adm-4021: The attribute '.pap_unconnected_inputs' of object 'u_ipsl_hmic_h_top/u_ipsl_hmic_h_ddrc_top/u_ddrc_reset_ctrl_v1_1/rst_cnt[2]/opit_0_inv_L5Q' is overwritten by new value.
W: Adm-4021: The attribute '.pap_unconnected_inputs' of object 'u_ipsl_hmic_h_top/u_ipsl_hmic_h_ddrc_top/u_ddrc_reset_ctrl_v1_1/rst_cnt[3]/opit_0_inv_L5Q' is overwritten by new value.
W: Adm-4021: The attribute '.pap_unconnected_inputs' of object 'u_ipsl_hmic_h_top/u_ipsl_hmic_h_ddrc_top/u_ddrc_reset_ctrl_v1_1/rst_cnt[4]/opit_0_inv_L5Q' is overwritten by new value.
W: Adm-4021: The attribute '.pap_unconnected_inputs' of object 'u_ipsl_hmic_h_top/u_ipsl_hmic_h_ddrc_top/u_ddrc_reset_ctrl_v1_1/u_ddrc_apb_reset_v1_1/cnt[1]/opit_0_inv_A2Q21' is overwritten by new value.
W: Adm-4021: The attribute '.pap_unconnected_inputs' of object 'u_ipsl_hmic_h_top/u_ipsl_hmic_h_ddrc_top/u_ddrc_reset_ctrl_v1_1/u_ddrc_apb_reset_v1_1/cnt[2]/opit_0_inv_A2Q0' is overwritten by new value.
W: Adm-4021: The attribute '.pap_unconnected_inputs' of object 'u_ipsl_hmic_h_top/u_ipsl_hmic_h_ddrc_top/u_ddrc_reset_ctrl_v1_1/u_ddrc_apb_reset_v1_1/cnt[3]/opit_0_inv_A2Q21' is overwritten by new value.
W: Adm-4021: The attribute '.pap_unconnected_inputs' of object 'u_ipsl_hmic_h_top/u_ipsl_hmic_h_ddrc_top/u_ddrc_reset_ctrl_v1_1/u_ddrc_apb_reset_v1_1/cnt[4]/opit_0_inv_A2Q0' is overwritten by new value.
W: Adm-4021: The attribute '.pap_unconnected_inputs' of object 'u_ipsl_hmic_h_top/u_ipsl_hmic_h_ddrc_top/u_ddrc_reset_ctrl_v1_1/u_ddrc_apb_reset_v1_1/cnt[5]/opit_0_inv_A2Q21' is overwritten by new value.
W: Adm-4021: The attribute '.pap_unconnected_inputs' of object 'u_ipsl_hmic_h_top/u_ipsl_hmic_h_ddrc_top/u_ddrc_reset_ctrl_v1_1/u_ddrc_apb_reset_v1_1/cnt[6]/opit_0_inv_AQ' is overwritten by new value.
W: Adm-4021: The attribute '.pap_unconnected_inputs' of object 'u_ipsl_hmic_h_top/u_ipsl_hmic_h_ddrc_top/u_ddrc_reset_ctrl_v1_1/u_ddrc_apb_reset_v1_1/ddrc_init_done/opit_0_inv_L5Q' is overwritten by new value.
W: Adm-4021: The attribute '.pap_unconnected_inputs' of object 'u_ipsl_hmic_h_top/u_ipsl_hmic_h_ddrc_top/u_ddrc_reset_ctrl_v1_1/u_ddrc_apb_reset_v1_1/penable/opit_0_inv_L5Q' is overwritten by new value.
W: Adm-4021: The attribute '.pap_unconnected_inputs' of object 'u_ipsl_hmic_h_top/u_ipsl_hmic_h_ddrc_top/u_ddrc_reset_ctrl_v1_1/u_ddrc_apb_reset_v1_1/psel/opit_0_inv_L5Q' is overwritten by new value.
Device mapping done.
Total device mapping takes 3.906250 sec.

Device Utilization Summary:
+-------------------------------------------------------------------------+
| Logic Utilization     | Used     | Available     | Utilization(%)     
+-------------------------------------------------------------------------+
| APM                   | 0        | 30            | 0                   
| IOCKDLY               | 0        | 24            | 0                   
| FF                    | 935      | 26304         | 4                   
| LUT                   | 1614     | 17536         | 10                  
| Distributed RAM       | 0        | 4440          | 0                   
| DLL                   | 2        | 6             | 34                  
| DQSL                  | 5        | 18            | 28                  
| DRM                   | 14       | 48            | 30                  
| FUSECODE              | 0        | 1             | 0                   
| IO                    | 94       | 240           | 40                  
| IOCKDIV               | 1        | 12            | 9                   
| IOCKGATE              | 2        | 12            | 17                  
| IPAL                  | 0        | 1             | 0                   
| PLL                   | 2        | 6             | 34                  
| RCKB                  | 0        | 24            | 0                   
| SCANCHAIN             | 0        | 4             | 0                   
| START                 | 0        | 1             | 0                   
| USCM                  | 6        | 20            | 30                  
| HMEMC                 | 1        | 2             | 50                  
| OSC                   | 0        | 1             | 0                   
| ADC                   | 0        | 1             | 0                   
| CRYSTAL               | 0        | 6             | 0                   
| FLSIF                 | 0        | 1             | 0                   
| RESCAL                | 0        | 6             | 0                   
| UDID                  | 0        | 1             | 0                   
+-------------------------------------------------------------------------+

Design 'top' has been successfully mapped to architecture-specific objects.
Saving design to DB.
W: Public-4010: Pcf file E:/Arm/purple_light/ddr3_hdmi/device_map/top.pcf has been covered.
Action dev_map: Real time elapsed is 16.000 sec
Action dev_map: CPU time elapsed is 14.547 sec
Current time: Tue Oct 18 21:20:53 2022
Action dev_map: Peak memory pool usage is 239,939,584 bytes
