#Build: Fabric Compiler 2020.3-Lite, Build 71107, Mar 15 18:01 2021
#Install: D:\pango\PDS_2020.3-Lite\bin
#Application name: pds_shell.exe
#OS: Windows 10 10.0.19044
#Hostname: DESKTOP-CRQ4OKO
Generated by Fabric Compiler (version 2020.3-Lite build 71107) at Thu Oct 13 21:38:45 2022
Compiling verification operator library.
Loading technology operator library.
Compiling technology operator library.
Compiling technology operator (valence) library.
I: Enable Verilog2k features and keywords
Executing : .rtl_analyze -include_path {E:/Arm/purple_light/ddr3_hdmi/device_map/ins_rev} E:/Arm/purple_light/ddr3_hdmi/device_map/ins_rev/cores.v
I: Verilog-0001: Analyzing file E:/Arm/purple_light/ddr3_hdmi/device_map/ins_rev/cores.v
I: Verilog-0002: [E:/Arm/purple_light/ddr3_hdmi/device_map/ins_rev/cores.v(line number: 1)] Analyzing module CORES (library work)
Parsing done.
Executing : .rtl_analyze -include_path {E:/Arm/purple_light/ddr3_hdmi/device_map/ins_rev} E:/Arm/purple_light/ddr3_hdmi/device_map/ins_rev/cores.v successfully.
Executing : .rtl_analyze -include_path {E:/Arm/purple_light/ddr3_hdmi/device_map/ins_rev} D:/pango/PDS_2020.3-Lite/arch/vendor/pango/arch/cdt/debug_core_rtls_pdir/ips_dbc_cfg_reg_file_v1_0.vp
I: Verilog-0001: Analyzing file D:/pango/PDS_2020.3-Lite/arch/vendor/pango/arch/cdt/debug_core_rtls_pdir/ips_dbc_cfg_reg_file_v1_0.vp
I: Verilog-0002: [D:/pango/PDS_2020.3-Lite/arch/vendor/pango/arch/cdt/debug_core_rtls_pdir/ips_dbc_cfg_reg_file_v1_0.vp(line number: 90)] Analyzing module ips_dbc_cfg_reg_file_v1_0 (library work)
Parsing done.
Executing : .rtl_analyze -include_path {E:/Arm/purple_light/ddr3_hdmi/device_map/ins_rev} D:/pango/PDS_2020.3-Lite/arch/vendor/pango/arch/cdt/debug_core_rtls_pdir/ips_dbc_cfg_reg_file_v1_0.vp successfully.
Executing : .rtl_analyze -include_path {E:/Arm/purple_light/ddr3_hdmi/device_map/ins_rev} D:/pango/PDS_2020.3-Lite/arch/vendor/pango/arch/cdt/debug_core_rtls_pdir/ips_dbc_compare_256b_v1_0.vp
I: Verilog-0001: Analyzing file D:/pango/PDS_2020.3-Lite/arch/vendor/pango/arch/cdt/debug_core_rtls_pdir/ips_dbc_compare_256b_v1_0.vp
I: Verilog-0002: [D:/pango/PDS_2020.3-Lite/arch/vendor/pango/arch/cdt/debug_core_rtls_pdir/ips_dbc_compare_256b_v1_0.vp(line number: 301)] Analyzing module ips_dbc_compare_256b_v1_0 (library work)
I: Verilog-0002: [D:/pango/PDS_2020.3-Lite/arch/vendor/pango/arch/cdt/debug_core_rtls_pdir/ips_dbc_compare_256b_v1_0.vp(line number: 494)] Analyzing module subtract_16b (library work)
Parsing done.
Executing : .rtl_analyze -include_path {E:/Arm/purple_light/ddr3_hdmi/device_map/ins_rev} D:/pango/PDS_2020.3-Lite/arch/vendor/pango/arch/cdt/debug_core_rtls_pdir/ips_dbc_compare_256b_v1_0.vp successfully.
Executing : .rtl_analyze -include_path {E:/Arm/purple_light/ddr3_hdmi/device_map/ins_rev} D:/pango/PDS_2020.3-Lite/arch/vendor/pango/arch/cdt/debug_core_rtls_pdir/ips_dbc_data_capture_mem_v1_1.vp
I: Verilog-0001: Analyzing file D:/pango/PDS_2020.3-Lite/arch/vendor/pango/arch/cdt/debug_core_rtls_pdir/ips_dbc_data_capture_mem_v1_1.vp
I: Verilog-0002: [D:/pango/PDS_2020.3-Lite/arch/vendor/pango/arch/cdt/debug_core_rtls_pdir/ips_dbc_data_capture_mem_v1_1.vp(line number: 89)] Analyzing module ips_dbc_data_capture_mem_v1_1 (library work)
Parsing done.
Executing : .rtl_analyze -include_path {E:/Arm/purple_light/ddr3_hdmi/device_map/ins_rev} D:/pango/PDS_2020.3-Lite/arch/vendor/pango/arch/cdt/debug_core_rtls_pdir/ips_dbc_data_capture_mem_v1_1.vp successfully.
Executing : .rtl_analyze -include_path {E:/Arm/purple_light/ddr3_hdmi/device_map/ins_rev} D:/pango/PDS_2020.3-Lite/arch/vendor/pango/arch/cdt/debug_core_rtls_pdir/ips_dbc_debug_core_v1_4.vp
I: Verilog-0001: Analyzing file D:/pango/PDS_2020.3-Lite/arch/vendor/pango/arch/cdt/debug_core_rtls_pdir/ips_dbc_debug_core_v1_4.vp
I: Verilog-0002: [D:/pango/PDS_2020.3-Lite/arch/vendor/pango/arch/cdt/debug_core_rtls_pdir/ips_dbc_debug_core_v1_4.vp(line number: 2822)] Analyzing module ips_dbc_debug_core_v1_4 (library work)
Parsing done.
Executing : .rtl_analyze -include_path {E:/Arm/purple_light/ddr3_hdmi/device_map/ins_rev} D:/pango/PDS_2020.3-Lite/arch/vendor/pango/arch/cdt/debug_core_rtls_pdir/ips_dbc_debug_core_v1_4.vp successfully.
Executing : .rtl_analyze -include_path {E:/Arm/purple_light/ddr3_hdmi/device_map/ins_rev} D:/pango/PDS_2020.3-Lite/arch/vendor/pango/arch/cdt/debug_core_rtls_pdir/ips_dbc_hub_decode_v1_2.vp
I: Verilog-0001: Analyzing file D:/pango/PDS_2020.3-Lite/arch/vendor/pango/arch/cdt/debug_core_rtls_pdir/ips_dbc_hub_decode_v1_2.vp
I: Verilog-0002: [D:/pango/PDS_2020.3-Lite/arch/vendor/pango/arch/cdt/debug_core_rtls_pdir/ips_dbc_hub_decode_v1_2.vp(line number: 271)] Analyzing module ips_dbc_hub_decode_v1_2 (library work)
Parsing done.
Executing : .rtl_analyze -include_path {E:/Arm/purple_light/ddr3_hdmi/device_map/ins_rev} D:/pango/PDS_2020.3-Lite/arch/vendor/pango/arch/cdt/debug_core_rtls_pdir/ips_dbc_hub_decode_v1_2.vp successfully.
Executing : .rtl_analyze -include_path {E:/Arm/purple_light/ddr3_hdmi/device_map/ins_rev} D:/pango/PDS_2020.3-Lite/arch/vendor/pango/arch/cdt/debug_core_rtls_pdir/ips_dbc_rd_addr_gen_v1_3.vp
I: Verilog-0001: Analyzing file D:/pango/PDS_2020.3-Lite/arch/vendor/pango/arch/cdt/debug_core_rtls_pdir/ips_dbc_rd_addr_gen_v1_3.vp
I: Verilog-0002: [D:/pango/PDS_2020.3-Lite/arch/vendor/pango/arch/cdt/debug_core_rtls_pdir/ips_dbc_rd_addr_gen_v1_3.vp(line number: 251)] Analyzing module ips_dbc_rd_addr_gen_v1_3 (library work)
Parsing done.
Executing : .rtl_analyze -include_path {E:/Arm/purple_light/ddr3_hdmi/device_map/ins_rev} D:/pango/PDS_2020.3-Lite/arch/vendor/pango/arch/cdt/debug_core_rtls_pdir/ips_dbc_rd_addr_gen_v1_3.vp successfully.
Executing : .rtl_analyze -include_path {E:/Arm/purple_light/ddr3_hdmi/device_map/ins_rev} D:/pango/PDS_2020.3-Lite/arch/vendor/pango/arch/cdt/debug_core_rtls_pdir/ips_dbc_storage_condition_v1_3.vp
I: Verilog-0001: Analyzing file D:/pango/PDS_2020.3-Lite/arch/vendor/pango/arch/cdt/debug_core_rtls_pdir/ips_dbc_storage_condition_v1_3.vp
I: Verilog-0002: [D:/pango/PDS_2020.3-Lite/arch/vendor/pango/arch/cdt/debug_core_rtls_pdir/ips_dbc_storage_condition_v1_3.vp(line number: 489)] Analyzing module ips_dbc_storage_condition_v1_3 (library work)
Parsing done.
Executing : .rtl_analyze -include_path {E:/Arm/purple_light/ddr3_hdmi/device_map/ins_rev} D:/pango/PDS_2020.3-Lite/arch/vendor/pango/arch/cdt/debug_core_rtls_pdir/ips_dbc_storage_condition_v1_3.vp successfully.
Executing : .rtl_analyze -include_path {E:/Arm/purple_light/ddr3_hdmi/device_map/ins_rev} D:/pango/PDS_2020.3-Lite/arch/vendor/pango/arch/cdt/debug_core_rtls_pdir/ips_dbc_storage_qualification_v1_2.vp
I: Verilog-0001: Analyzing file D:/pango/PDS_2020.3-Lite/arch/vendor/pango/arch/cdt/debug_core_rtls_pdir/ips_dbc_storage_qualification_v1_2.vp
I: Verilog-0002: [D:/pango/PDS_2020.3-Lite/arch/vendor/pango/arch/cdt/debug_core_rtls_pdir/ips_dbc_storage_qualification_v1_2.vp(line number: 177)] Analyzing module ips_dbc_storage_qualification_v1_2 (library work)
Parsing done.
Executing : .rtl_analyze -include_path {E:/Arm/purple_light/ddr3_hdmi/device_map/ins_rev} D:/pango/PDS_2020.3-Lite/arch/vendor/pango/arch/cdt/debug_core_rtls_pdir/ips_dbc_storage_qualification_v1_2.vp successfully.
Executing : .rtl_analyze -include_path {E:/Arm/purple_light/ddr3_hdmi/device_map/ins_rev} D:/pango/PDS_2020.3-Lite/arch/vendor/pango/arch/cdt/debug_core_rtls_pdir/ips_dbc_trig_unit_v1_3.vp
I: Verilog-0001: Analyzing file D:/pango/PDS_2020.3-Lite/arch/vendor/pango/arch/cdt/debug_core_rtls_pdir/ips_dbc_trig_unit_v1_3.vp
I: Verilog-0002: [D:/pango/PDS_2020.3-Lite/arch/vendor/pango/arch/cdt/debug_core_rtls_pdir/ips_dbc_trig_unit_v1_3.vp(line number: 409)] Analyzing module ips_dbc_trig_unit_v1_3 (library work)
W: Verilog-2018: [D:/pango/PDS_2020.3-Lite/arch/vendor/pango/arch/cdt/debug_core_rtls_pdir/ips_dbc_trig_unit_v1_3.vp(line number: 819)] The value type of attribute syn_allow_retiming is illegal, ignore the attribute
Parsing done.
Executing : .rtl_analyze -include_path {E:/Arm/purple_light/ddr3_hdmi/device_map/ins_rev} D:/pango/PDS_2020.3-Lite/arch/vendor/pango/arch/cdt/debug_core_rtls_pdir/ips_dbc_trig_unit_v1_3.vp successfully.
Executing : .rtl_analyze -include_path {E:/Arm/purple_light/ddr3_hdmi/device_map/ins_rev} D:/pango/PDS_2020.3-Lite/arch/vendor/pango/arch/cdt/debug_core_rtls_pdir/ips_dbc_trigger_condition_v1_3.vp
I: Verilog-0001: Analyzing file D:/pango/PDS_2020.3-Lite/arch/vendor/pango/arch/cdt/debug_core_rtls_pdir/ips_dbc_trigger_condition_v1_3.vp
I: Verilog-0002: [D:/pango/PDS_2020.3-Lite/arch/vendor/pango/arch/cdt/debug_core_rtls_pdir/ips_dbc_trigger_condition_v1_3.vp(line number: 278)] Analyzing module ips_dbc_trigger_condition_v1_3 (library work)
Parsing done.
Executing : .rtl_analyze -include_path {E:/Arm/purple_light/ddr3_hdmi/device_map/ins_rev} D:/pango/PDS_2020.3-Lite/arch/vendor/pango/arch/cdt/debug_core_rtls_pdir/ips_dbc_trigger_condition_v1_3.vp successfully.
Executing : .rtl_analyze -include_path {E:/Arm/purple_light/ddr3_hdmi/device_map/ins_rev} D:/pango/PDS_2020.3-Lite/arch/vendor/pango/arch/cdt/debug_core_rtls_pdir/ips_dbc_trigger_output_v1_2.vp
I: Verilog-0001: Analyzing file D:/pango/PDS_2020.3-Lite/arch/vendor/pango/arch/cdt/debug_core_rtls_pdir/ips_dbc_trigger_output_v1_2.vp
I: Verilog-0002: [D:/pango/PDS_2020.3-Lite/arch/vendor/pango/arch/cdt/debug_core_rtls_pdir/ips_dbc_trigger_output_v1_2.vp(line number: 142)] Analyzing module ips_dbc_trigger_output_v1_2 (library work)
Parsing done.
Executing : .rtl_analyze -include_path {E:/Arm/purple_light/ddr3_hdmi/device_map/ins_rev} D:/pango/PDS_2020.3-Lite/arch/vendor/pango/arch/cdt/debug_core_rtls_pdir/ips_dbc_trigger_output_v1_2.vp successfully.
Executing : .rtl_analyze -include_path {E:/Arm/purple_light/ddr3_hdmi/device_map/ins_rev} D:/pango/PDS_2020.3-Lite/arch/vendor/pango/arch/cdt/debug_core_rtls_pdir/ips_jtag_hub_v1_3.vp
I: Verilog-0001: Analyzing file D:/pango/PDS_2020.3-Lite/arch/vendor/pango/arch/cdt/debug_core_rtls_pdir/ips_jtag_hub_v1_3.vp
I: Verilog-0002: [D:/pango/PDS_2020.3-Lite/arch/vendor/pango/arch/cdt/debug_core_rtls_pdir/ips_jtag_hub_v1_3.vp(line number: 282)] Analyzing module ips_jtag_hub_v1_3 (library work)
Parsing done.
Executing : .rtl_analyze -include_path {E:/Arm/purple_light/ddr3_hdmi/device_map/ins_rev} D:/pango/PDS_2020.3-Lite/arch/vendor/pango/arch/cdt/debug_core_rtls_pdir/ips_jtag_hub_v1_3.vp successfully.
Start rtl-elaborate.
I: Top module is unspecified.
I: Module "CORES" is set as top module.
I: Verilog-0003: [E:/Arm/purple_light/ddr3_hdmi/device_map/ins_rev/cores.v(line number: 1)] Elaborating module CORES
I: Verilog-0003: [D:/pango/PDS_2020.3-Lite/arch/vendor/pango/library/operator/gtp_lib.v(line number: 22308)] Elaborating module GTP_SCANCHAIN_E1
I: Verilog-0003: [D:/pango/PDS_2020.3-Lite/arch/vendor/pango/arch/cdt/debug_core_rtls_pdir/ips_jtag_hub_v1_3.vp(line number: 282)] Elaborating module ips_jtag_hub_v1_3
I: Verilog-0003: [D:/pango/PDS_2020.3-Lite/arch/vendor/pango/arch/cdt/debug_core_rtls_pdir/ips_dbc_debug_core_v1_4.vp(line number: 2822)] Elaborating module ips_dbc_debug_core_v1_4
I: Verilog-0003: [D:/pango/PDS_2020.3-Lite/arch/vendor/pango/arch/cdt/debug_core_rtls_pdir/ips_dbc_hub_decode_v1_2.vp(line number: 271)] Elaborating module ips_dbc_hub_decode_v1_2
I: Verilog-0003: [D:/pango/PDS_2020.3-Lite/arch/vendor/pango/arch/cdt/debug_core_rtls_pdir/ips_dbc_trig_unit_v1_3.vp(line number: 409)] Elaborating module ips_dbc_trig_unit_v1_3
W: Sdm-2008: The attribute named register_balancing is not legal, then it has no effect, ignore its value.
I: Verilog-0003: [D:/pango/PDS_2020.3-Lite/arch/vendor/pango/arch/cdt/debug_core_rtls_pdir/ips_dbc_cfg_reg_file_v1_0.vp(line number: 90)] Elaborating module ips_dbc_cfg_reg_file_v1_0
I: Verilog-0003: [D:/pango/PDS_2020.3-Lite/arch/vendor/pango/arch/cdt/debug_core_rtls_pdir/ips_dbc_compare_256b_v1_0.vp(line number: 301)] Elaborating module ips_dbc_compare_256b_v1_0
I: Verilog-0003: [D:/pango/PDS_2020.3-Lite/arch/vendor/pango/arch/cdt/debug_core_rtls_pdir/ips_dbc_compare_256b_v1_0.vp(line number: 494)] Elaborating module subtract_16b
I: Verilog-0003: [D:/pango/PDS_2020.3-Lite/arch/vendor/pango/arch/cdt/debug_core_rtls_pdir/ips_dbc_compare_256b_v1_0.vp(line number: 494)] Elaborating module subtract_16b
I: Verilog-0003: [D:/pango/PDS_2020.3-Lite/arch/vendor/pango/arch/cdt/debug_core_rtls_pdir/ips_dbc_compare_256b_v1_0.vp(line number: 494)] Elaborating module subtract_16b
I: Verilog-0003: [D:/pango/PDS_2020.3-Lite/arch/vendor/pango/arch/cdt/debug_core_rtls_pdir/ips_dbc_compare_256b_v1_0.vp(line number: 494)] Elaborating module subtract_16b
I: Verilog-0003: [D:/pango/PDS_2020.3-Lite/arch/vendor/pango/arch/cdt/debug_core_rtls_pdir/ips_dbc_compare_256b_v1_0.vp(line number: 494)] Elaborating module subtract_16b
I: Verilog-0003: [D:/pango/PDS_2020.3-Lite/arch/vendor/pango/arch/cdt/debug_core_rtls_pdir/ips_dbc_compare_256b_v1_0.vp(line number: 494)] Elaborating module subtract_16b
I: Verilog-0003: [D:/pango/PDS_2020.3-Lite/arch/vendor/pango/arch/cdt/debug_core_rtls_pdir/ips_dbc_compare_256b_v1_0.vp(line number: 494)] Elaborating module subtract_16b
I: Verilog-0003: [D:/pango/PDS_2020.3-Lite/arch/vendor/pango/arch/cdt/debug_core_rtls_pdir/ips_dbc_compare_256b_v1_0.vp(line number: 494)] Elaborating module subtract_16b
I: Verilog-0003: [D:/pango/PDS_2020.3-Lite/arch/vendor/pango/arch/cdt/debug_core_rtls_pdir/ips_dbc_compare_256b_v1_0.vp(line number: 494)] Elaborating module subtract_16b
I: Verilog-0003: [D:/pango/PDS_2020.3-Lite/arch/vendor/pango/arch/cdt/debug_core_rtls_pdir/ips_dbc_compare_256b_v1_0.vp(line number: 494)] Elaborating module subtract_16b
I: Verilog-0003: [D:/pango/PDS_2020.3-Lite/arch/vendor/pango/arch/cdt/debug_core_rtls_pdir/ips_dbc_compare_256b_v1_0.vp(line number: 494)] Elaborating module subtract_16b
I: Verilog-0003: [D:/pango/PDS_2020.3-Lite/arch/vendor/pango/arch/cdt/debug_core_rtls_pdir/ips_dbc_compare_256b_v1_0.vp(line number: 494)] Elaborating module subtract_16b
I: Verilog-0003: [D:/pango/PDS_2020.3-Lite/arch/vendor/pango/arch/cdt/debug_core_rtls_pdir/ips_dbc_compare_256b_v1_0.vp(line number: 494)] Elaborating module subtract_16b
I: Verilog-0003: [D:/pango/PDS_2020.3-Lite/arch/vendor/pango/arch/cdt/debug_core_rtls_pdir/ips_dbc_compare_256b_v1_0.vp(line number: 494)] Elaborating module subtract_16b
I: Verilog-0003: [D:/pango/PDS_2020.3-Lite/arch/vendor/pango/arch/cdt/debug_core_rtls_pdir/ips_dbc_compare_256b_v1_0.vp(line number: 494)] Elaborating module subtract_16b
I: Verilog-0003: [D:/pango/PDS_2020.3-Lite/arch/vendor/pango/arch/cdt/debug_core_rtls_pdir/ips_dbc_compare_256b_v1_0.vp(line number: 494)] Elaborating module subtract_16b
I: Verilog-0003: [D:/pango/PDS_2020.3-Lite/arch/vendor/pango/arch/cdt/debug_core_rtls_pdir/ips_dbc_compare_256b_v1_0.vp(line number: 301)] Elaborating module ips_dbc_compare_256b_v1_0
W: Verilog-2021: [D:/pango/PDS_2020.3-Lite/arch/vendor/pango/arch/cdt/debug_core_rtls_pdir/ips_dbc_trig_unit_v1_3.vp(line number: 459)] Net trigger in module ips_dbc_trig_unit_v1_3 does not have a driver, tie it to 0
W: Verilog-2021: [D:/pango/PDS_2020.3-Lite/arch/vendor/pango/arch/cdt/debug_core_rtls_pdir/ips_dbc_trig_unit_v1_3.vp(line number: 577)] Net value in module ips_dbc_trig_unit_v1_3 does not have a driver, tie it to 0
W: Verilog-2021: [D:/pango/PDS_2020.3-Lite/arch/vendor/pango/arch/cdt/debug_core_rtls_pdir/ips_dbc_trig_unit_v1_3.vp(line number: 578)] Net value2 in module ips_dbc_trig_unit_v1_3 does not have a driver, tie it to 0
W: Verilog-2021: [D:/pango/PDS_2020.3-Lite/arch/vendor/pango/arch/cdt/debug_core_rtls_pdir/ips_dbc_trig_unit_v1_3.vp(line number: 625)] Net genblk4.G_MATCH_NO_EDGE[0].mu_bit_single in module ips_dbc_trig_unit_v1_3 does not have a driver, tie it to 0
W: Verilog-2021: [D:/pango/PDS_2020.3-Lite/arch/vendor/pango/arch/cdt/debug_core_rtls_pdir/ips_dbc_trig_unit_v1_3.vp(line number: 626)] Net genblk4.G_MATCH_NO_EDGE[0].signal_single in module ips_dbc_trig_unit_v1_3 does not have a driver, tie it to 0
W: Verilog-2021: [D:/pango/PDS_2020.3-Lite/arch/vendor/pango/arch/cdt/debug_core_rtls_pdir/ips_dbc_trig_unit_v1_3.vp(line number: 625)] Net genblk4.G_MATCH_NO_EDGE[1].mu_bit_single in module ips_dbc_trig_unit_v1_3 does not have a driver, tie it to 0
W: Verilog-2021: [D:/pango/PDS_2020.3-Lite/arch/vendor/pango/arch/cdt/debug_core_rtls_pdir/ips_dbc_trig_unit_v1_3.vp(line number: 626)] Net genblk4.G_MATCH_NO_EDGE[1].signal_single in module ips_dbc_trig_unit_v1_3 does not have a driver, tie it to 0
W: Verilog-2021: [D:/pango/PDS_2020.3-Lite/arch/vendor/pango/arch/cdt/debug_core_rtls_pdir/ips_dbc_trig_unit_v1_3.vp(line number: 625)] Net genblk4.G_MATCH_NO_EDGE[2].mu_bit_single in module ips_dbc_trig_unit_v1_3 does not have a driver, tie it to 0
W: Verilog-2021: [D:/pango/PDS_2020.3-Lite/arch/vendor/pango/arch/cdt/debug_core_rtls_pdir/ips_dbc_trig_unit_v1_3.vp(line number: 626)] Net genblk4.G_MATCH_NO_EDGE[2].signal_single in module ips_dbc_trig_unit_v1_3 does not have a driver, tie it to 0
W: Verilog-2021: [D:/pango/PDS_2020.3-Lite/arch/vendor/pango/arch/cdt/debug_core_rtls_pdir/ips_dbc_trig_unit_v1_3.vp(line number: 625)] Net genblk4.G_MATCH_NO_EDGE[3].mu_bit_single in module ips_dbc_trig_unit_v1_3 does not have a driver, tie it to 0
W: Verilog-2021: [D:/pango/PDS_2020.3-Lite/arch/vendor/pango/arch/cdt/debug_core_rtls_pdir/ips_dbc_trig_unit_v1_3.vp(line number: 626)] Net genblk4.G_MATCH_NO_EDGE[3].signal_single in module ips_dbc_trig_unit_v1_3 does not have a driver, tie it to 0
W: Verilog-2021: [D:/pango/PDS_2020.3-Lite/arch/vendor/pango/arch/cdt/debug_core_rtls_pdir/ips_dbc_trig_unit_v1_3.vp(line number: 625)] Net genblk4.G_MATCH_NO_EDGE[4].mu_bit_single in module ips_dbc_trig_unit_v1_3 does not have a driver, tie it to 0
W: Verilog-2021: [D:/pango/PDS_2020.3-Lite/arch/vendor/pango/arch/cdt/debug_core_rtls_pdir/ips_dbc_trig_unit_v1_3.vp(line number: 626)] Net genblk4.G_MATCH_NO_EDGE[4].signal_single in module ips_dbc_trig_unit_v1_3 does not have a driver, tie it to 0
W: Verilog-2021: [D:/pango/PDS_2020.3-Lite/arch/vendor/pango/arch/cdt/debug_core_rtls_pdir/ips_dbc_trig_unit_v1_3.vp(line number: 804)] Net G_MATCH_OPTIMIZE_BALANCED.match_comb_ff in module ips_dbc_trig_unit_v1_3 does not have a driver, tie it to 0
W: Verilog-2021: [D:/pango/PDS_2020.3-Lite/arch/vendor/pango/arch/cdt/debug_core_rtls_pdir/ips_dbc_trig_unit_v1_3.vp(line number: 819)] Net G_MATCH_OPTIMIZE_SPEED.match_comb_ff in module ips_dbc_trig_unit_v1_3 does not have a driver, tie it to 0
W: Verilog-2021: [D:/pango/PDS_2020.3-Lite/arch/vendor/pango/arch/cdt/debug_core_rtls_pdir/ips_dbc_trig_unit_v1_3.vp(line number: 866)] Net G_MATCH_COUNTER.mu_cnt_mode in module ips_dbc_trig_unit_v1_3 does not have a driver, tie it to 0
W: Verilog-2021: [D:/pango/PDS_2020.3-Lite/arch/vendor/pango/arch/cdt/debug_core_rtls_pdir/ips_dbc_trig_unit_v1_3.vp(line number: 869)] Net G_MATCH_COUNTER.mu_cnt_value in module ips_dbc_trig_unit_v1_3 does not have a driver, tie it to 0
W: Verilog-2021: [D:/pango/PDS_2020.3-Lite/arch/vendor/pango/arch/cdt/debug_core_rtls_pdir/ips_dbc_trig_unit_v1_3.vp(line number: 872)] Net G_MATCH_COUNTER.mu_counter in module ips_dbc_trig_unit_v1_3 does not have a driver, tie it to 0
W: Verilog-2021: [D:/pango/PDS_2020.3-Lite/arch/vendor/pango/arch/cdt/debug_core_rtls_pdir/ips_dbc_trig_unit_v1_3.vp(line number: 873)] Net G_MATCH_COUNTER.mu_counter_plus in module ips_dbc_trig_unit_v1_3 does not have a driver, tie it to 0
W: Verilog-2021: [D:/pango/PDS_2020.3-Lite/arch/vendor/pango/arch/cdt/debug_core_rtls_pdir/ips_dbc_trig_unit_v1_3.vp(line number: 875)] Net G_MATCH_COUNTER.match_src_w in module ips_dbc_trig_unit_v1_3 does not have a driver, tie it to 0
W: Verilog-2021: [D:/pango/PDS_2020.3-Lite/arch/vendor/pango/arch/cdt/debug_core_rtls_pdir/ips_dbc_trig_unit_v1_3.vp(line number: 892)] Net G_MATCH_COUNTER.match_enable in module ips_dbc_trig_unit_v1_3 does not have a driver, tie it to 0
I: Verilog-0003: [D:/pango/PDS_2020.3-Lite/arch/vendor/pango/arch/cdt/debug_core_rtls_pdir/ips_dbc_trigger_condition_v1_3.vp(line number: 278)] Elaborating module ips_dbc_trigger_condition_v1_3
I: Verilog-0003: [D:/pango/PDS_2020.3-Lite/arch/vendor/pango/arch/cdt/debug_core_rtls_pdir/ips_dbc_cfg_reg_file_v1_0.vp(line number: 90)] Elaborating module ips_dbc_cfg_reg_file_v1_0
W: Verilog-2021: [D:/pango/PDS_2020.3-Lite/arch/vendor/pango/arch/cdt/debug_core_rtls_pdir/ips_dbc_trigger_condition_v1_3.vp(line number: 408)] Net trig_neg_whole in module ips_dbc_trigger_condition_v1_3 does not have a driver, tie it to 0
W: Verilog-2021: [D:/pango/PDS_2020.3-Lite/arch/vendor/pango/arch/cdt/debug_core_rtls_pdir/ips_dbc_trigger_condition_v1_3.vp(line number: 412)] Net trig_contiguous in module ips_dbc_trigger_condition_v1_3 does not have a driver, tie it to 0
W: Verilog-2021: [D:/pango/PDS_2020.3-Lite/arch/vendor/pango/arch/cdt/debug_core_rtls_pdir/ips_dbc_trigger_condition_v1_3.vp(line number: 413)] Net trig_seq_level in module ips_dbc_trigger_condition_v1_3 does not have a driver, tie it to 0
W: Verilog-2021: [D:/pango/PDS_2020.3-Lite/arch/vendor/pango/arch/cdt/debug_core_rtls_pdir/ips_dbc_trigger_condition_v1_3.vp(line number: 415)] Net trig_seq_neg in module ips_dbc_trigger_condition_v1_3 does not have a driver, tie it to 0
W: Verilog-2021: [D:/pango/PDS_2020.3-Lite/arch/vendor/pango/arch/cdt/debug_core_rtls_pdir/ips_dbc_trigger_condition_v1_3.vp(line number: 416)] Net trig_mode in module ips_dbc_trigger_condition_v1_3 does not have a driver, tie it to 0
W: Verilog-2021: [D:/pango/PDS_2020.3-Lite/arch/vendor/pango/arch/cdt/debug_core_rtls_pdir/ips_dbc_trigger_condition_v1_3.vp(line number: 513)] Net seq_match_s in module ips_dbc_trigger_condition_v1_3 does not have a driver, tie it to 0
W: Verilog-2021: [D:/pango/PDS_2020.3-Lite/arch/vendor/pango/arch/cdt/debug_core_rtls_pdir/ips_dbc_trigger_condition_v1_3.vp(line number: 531)] Net trig_seq_pipeline in module ips_dbc_trigger_condition_v1_3 does not have a driver, tie it to 0
W: Verilog-2021: [D:/pango/PDS_2020.3-Lite/arch/vendor/pango/arch/cdt/debug_core_rtls_pdir/ips_dbc_trigger_condition_v1_3.vp(line number: 537)] Net G_TRIG_SEQ_PIPELINEBASE.trig_seq_pipeline_reg in module ips_dbc_trigger_condition_v1_3 does not have a driver, tie it to 0
W: Verilog-2021: [D:/pango/PDS_2020.3-Lite/arch/vendor/pango/arch/cdt/debug_core_rtls_pdir/ips_dbc_trigger_condition_v1_3.vp(line number: 552)] Net trig_seq in module ips_dbc_trigger_condition_v1_3 does not have a driver, tie it to 0
W: Verilog-2021: [D:/pango/PDS_2020.3-Lite/arch/vendor/pango/arch/cdt/debug_core_rtls_pdir/ips_dbc_trigger_condition_v1_3.vp(line number: 575)] Net genblk10.G_TRIG_NOMUX_BALANCED.trigger_reg in module ips_dbc_trigger_condition_v1_3 does not have a driver, tie it to 0
W: Verilog-2021: [D:/pango/PDS_2020.3-Lite/arch/vendor/pango/arch/cdt/debug_core_rtls_pdir/ips_dbc_trigger_condition_v1_3.vp(line number: 587)] Net genblk10.G_TRIG_NOMUX_SPEED.trigger_en in module ips_dbc_trigger_condition_v1_3 does not have a driver, tie it to 0
W: Verilog-2021: [D:/pango/PDS_2020.3-Lite/arch/vendor/pango/arch/cdt/debug_core_rtls_pdir/ips_dbc_trigger_condition_v1_3.vp(line number: 588)] Net genblk10.G_TRIG_NOMUX_SPEED.trigger_en_next in module ips_dbc_trigger_condition_v1_3 does not have a driver, tie it to 0
W: Verilog-2021: [D:/pango/PDS_2020.3-Lite/arch/vendor/pango/arch/cdt/debug_core_rtls_pdir/ips_dbc_trigger_condition_v1_3.vp(line number: 598)] Net genblk10.G_TRIG_NOMUX_SPEED.trigger_reg in module ips_dbc_trigger_condition_v1_3 does not have a driver, tie it to 0
W: Verilog-2021: [D:/pango/PDS_2020.3-Lite/arch/vendor/pango/arch/cdt/debug_core_rtls_pdir/ips_dbc_trigger_condition_v1_3.vp(line number: 615)] Net G_TRIG_MUX_BALANCED.trigger_reg in module ips_dbc_trigger_condition_v1_3 does not have a driver, tie it to 0
W: Verilog-2021: [D:/pango/PDS_2020.3-Lite/arch/vendor/pango/arch/cdt/debug_core_rtls_pdir/ips_dbc_trigger_condition_v1_3.vp(line number: 627)] Net G_TRIG_MUX_SPEED.trigger_en in module ips_dbc_trigger_condition_v1_3 does not have a driver, tie it to 0
W: Verilog-2021: [D:/pango/PDS_2020.3-Lite/arch/vendor/pango/arch/cdt/debug_core_rtls_pdir/ips_dbc_trigger_condition_v1_3.vp(line number: 628)] Net G_TRIG_MUX_SPEED.trigger_en_next in module ips_dbc_trigger_condition_v1_3 does not have a driver, tie it to 0
W: Verilog-2021: [D:/pango/PDS_2020.3-Lite/arch/vendor/pango/arch/cdt/debug_core_rtls_pdir/ips_dbc_trigger_condition_v1_3.vp(line number: 638)] Net G_TRIG_MUX_SPEED.trigger_reg in module ips_dbc_trigger_condition_v1_3 does not have a driver, tie it to 0
I: Verilog-0003: [D:/pango/PDS_2020.3-Lite/arch/vendor/pango/arch/cdt/debug_core_rtls_pdir/ips_dbc_storage_condition_v1_3.vp(line number: 489)] Elaborating module ips_dbc_storage_condition_v1_3
I: Verilog-0003: [D:/pango/PDS_2020.3-Lite/arch/vendor/pango/arch/cdt/debug_core_rtls_pdir/ips_dbc_cfg_reg_file_v1_0.vp(line number: 90)] Elaborating module ips_dbc_cfg_reg_file_v1_0
W: Verilog-2020: [D:/pango/PDS_2020.3-Lite/arch/vendor/pango/arch/cdt/debug_core_rtls_pdir/ips_dbc_storage_condition_v1_3.vp(line number: 900)] Net counter_nsa[0] in module ips_dbc_storage_condition_v1_3 does not have a driver, tie it to 0
W: Verilog-2020: [D:/pango/PDS_2020.3-Lite/arch/vendor/pango/arch/cdt/debug_core_rtls_pdir/ips_dbc_storage_condition_v1_3.vp(line number: 900)] Net counter_nsa[1] in module ips_dbc_storage_condition_v1_3 does not have a driver, tie it to 0
W: Verilog-2020: [D:/pango/PDS_2020.3-Lite/arch/vendor/pango/arch/cdt/debug_core_rtls_pdir/ips_dbc_storage_condition_v1_3.vp(line number: 900)] Net counter_nsa[2] in module ips_dbc_storage_condition_v1_3 does not have a driver, tie it to 0
W: Verilog-2020: [D:/pango/PDS_2020.3-Lite/arch/vendor/pango/arch/cdt/debug_core_rtls_pdir/ips_dbc_storage_condition_v1_3.vp(line number: 900)] Net counter_nsa[3] in module ips_dbc_storage_condition_v1_3 does not have a driver, tie it to 0
W: Verilog-2020: [D:/pango/PDS_2020.3-Lite/arch/vendor/pango/arch/cdt/debug_core_rtls_pdir/ips_dbc_storage_condition_v1_3.vp(line number: 900)] Net counter_nsa[4] in module ips_dbc_storage_condition_v1_3 does not have a driver, tie it to 0
W: Verilog-2020: [D:/pango/PDS_2020.3-Lite/arch/vendor/pango/arch/cdt/debug_core_rtls_pdir/ips_dbc_storage_condition_v1_3.vp(line number: 900)] Net counter_nsa[5] in module ips_dbc_storage_condition_v1_3 does not have a driver, tie it to 0
W: Verilog-2020: [D:/pango/PDS_2020.3-Lite/arch/vendor/pango/arch/cdt/debug_core_rtls_pdir/ips_dbc_storage_condition_v1_3.vp(line number: 900)] Net counter_nsa[6] in module ips_dbc_storage_condition_v1_3 does not have a driver, tie it to 0
W: Verilog-2020: [D:/pango/PDS_2020.3-Lite/arch/vendor/pango/arch/cdt/debug_core_rtls_pdir/ips_dbc_storage_condition_v1_3.vp(line number: 900)] Net counter_nsa[7] in module ips_dbc_storage_condition_v1_3 does not have a driver, tie it to 0
W: Verilog-2020: [D:/pango/PDS_2020.3-Lite/arch/vendor/pango/arch/cdt/debug_core_rtls_pdir/ips_dbc_storage_condition_v1_3.vp(line number: 900)] Net counter_nsa[8] in module ips_dbc_storage_condition_v1_3 does not have a driver, tie it to 0
W: Verilog-2020: [D:/pango/PDS_2020.3-Lite/arch/vendor/pango/arch/cdt/debug_core_rtls_pdir/ips_dbc_storage_condition_v1_3.vp(line number: 900)] Net counter_nsa[9] in module ips_dbc_storage_condition_v1_3 does not have a driver, tie it to 0
I: Verilog-0003: [D:/pango/PDS_2020.3-Lite/arch/vendor/pango/arch/cdt/debug_core_rtls_pdir/ips_dbc_data_capture_mem_v1_1.vp(line number: 89)] Elaborating module ips_dbc_data_capture_mem_v1_1
I: Verilog-0003: [D:/pango/PDS_2020.3-Lite/arch/vendor/pango/arch/cdt/debug_core_rtls_pdir/ips_dbc_rd_addr_gen_v1_3.vp(line number: 251)] Elaborating module ips_dbc_rd_addr_gen_v1_3
W: Verilog-2021: [D:/pango/PDS_2020.3-Lite/arch/vendor/pango/arch/cdt/debug_core_rtls_pdir/ips_dbc_debug_core_v1_4.vp(line number: 4126)] Net DATA_SYNC.DATA_SYNC_PIPELINE.i in module ips_dbc_debug_core_v1_4 does not have a driver, tie it to 0
W: Verilog-2020: [D:/pango/PDS_2020.3-Lite/arch/vendor/pango/arch/cdt/debug_core_rtls_pdir/ips_dbc_debug_core_v1_4.vp(line number: 5037)] Net conf_rdlast[1] in module ips_dbc_debug_core_v1_4 does not have a driver, tie it to 0
W: Verilog-2020: [D:/pango/PDS_2020.3-Lite/arch/vendor/pango/arch/cdt/debug_core_rtls_pdir/ips_dbc_debug_core_v1_4.vp(line number: 5037)] Net conf_rdlast[2] in module ips_dbc_debug_core_v1_4 does not have a driver, tie it to 0
W: Verilog-2020: [D:/pango/PDS_2020.3-Lite/arch/vendor/pango/arch/cdt/debug_core_rtls_pdir/ips_dbc_debug_core_v1_4.vp(line number: 5037)] Net conf_rdlast[3] in module ips_dbc_debug_core_v1_4 does not have a driver, tie it to 0
W: Verilog-2020: [D:/pango/PDS_2020.3-Lite/arch/vendor/pango/arch/cdt/debug_core_rtls_pdir/ips_dbc_debug_core_v1_4.vp(line number: 5037)] Net conf_rdlast[4] in module ips_dbc_debug_core_v1_4 does not have a driver, tie it to 0
W: Verilog-2020: [D:/pango/PDS_2020.3-Lite/arch/vendor/pango/arch/cdt/debug_core_rtls_pdir/ips_dbc_debug_core_v1_4.vp(line number: 5037)] Net conf_rdlast[5] in module ips_dbc_debug_core_v1_4 does not have a driver, tie it to 0
W: Verilog-2020: [D:/pango/PDS_2020.3-Lite/arch/vendor/pango/arch/cdt/debug_core_rtls_pdir/ips_dbc_debug_core_v1_4.vp(line number: 5037)] Net conf_rdlast[6] in module ips_dbc_debug_core_v1_4 does not have a driver, tie it to 0
W: Verilog-2020: [D:/pango/PDS_2020.3-Lite/arch/vendor/pango/arch/cdt/debug_core_rtls_pdir/ips_dbc_debug_core_v1_4.vp(line number: 5037)] Net conf_rdlast[7] in module ips_dbc_debug_core_v1_4 does not have a driver, tie it to 0
W: Verilog-2020: [D:/pango/PDS_2020.3-Lite/arch/vendor/pango/arch/cdt/debug_core_rtls_pdir/ips_dbc_debug_core_v1_4.vp(line number: 5037)] Net conf_rdlast[8] in module ips_dbc_debug_core_v1_4 does not have a driver, tie it to 0
W: Verilog-2020: [D:/pango/PDS_2020.3-Lite/arch/vendor/pango/arch/cdt/debug_core_rtls_pdir/ips_dbc_debug_core_v1_4.vp(line number: 5037)] Net conf_rdlast[9] in module ips_dbc_debug_core_v1_4 does not have a driver, tie it to 0
W: Verilog-2020: [D:/pango/PDS_2020.3-Lite/arch/vendor/pango/arch/cdt/debug_core_rtls_pdir/ips_dbc_debug_core_v1_4.vp(line number: 5037)] Net conf_rdlast[10] in module ips_dbc_debug_core_v1_4 does not have a driver, tie it to 0
W: Verilog-2020: [D:/pango/PDS_2020.3-Lite/arch/vendor/pango/arch/cdt/debug_core_rtls_pdir/ips_dbc_debug_core_v1_4.vp(line number: 5037)] Net conf_rdlast[11] in module ips_dbc_debug_core_v1_4 does not have a driver, tie it to 0
W: Verilog-2020: [D:/pango/PDS_2020.3-Lite/arch/vendor/pango/arch/cdt/debug_core_rtls_pdir/ips_dbc_debug_core_v1_4.vp(line number: 5037)] Net conf_rdlast[12] in module ips_dbc_debug_core_v1_4 does not have a driver, tie it to 0
W: Verilog-2020: [D:/pango/PDS_2020.3-Lite/arch/vendor/pango/arch/cdt/debug_core_rtls_pdir/ips_dbc_debug_core_v1_4.vp(line number: 5037)] Net conf_rdlast[13] in module ips_dbc_debug_core_v1_4 does not have a driver, tie it to 0
W: Verilog-2020: [D:/pango/PDS_2020.3-Lite/arch/vendor/pango/arch/cdt/debug_core_rtls_pdir/ips_dbc_debug_core_v1_4.vp(line number: 5037)] Net conf_rdlast[14] in module ips_dbc_debug_core_v1_4 does not have a driver, tie it to 0
W: Verilog-2020: [D:/pango/PDS_2020.3-Lite/arch/vendor/pango/arch/cdt/debug_core_rtls_pdir/ips_dbc_debug_core_v1_4.vp(line number: 5037)] Net conf_rdlast[15] in module ips_dbc_debug_core_v1_4 does not have a driver, tie it to 0
W: Verilog-2020: [D:/pango/PDS_2020.3-Lite/arch/vendor/pango/arch/cdt/debug_core_rtls_pdir/ips_dbc_debug_core_v1_4.vp(line number: 5037)] Net conf_rdlast[17] in module ips_dbc_debug_core_v1_4 does not have a driver, tie it to 0
W: Verilog-2020: [D:/pango/PDS_2020.3-Lite/arch/vendor/pango/arch/cdt/debug_core_rtls_pdir/ips_dbc_debug_core_v1_4.vp(line number: 5037)] Net conf_rdlast[19] in module ips_dbc_debug_core_v1_4 does not have a driver, tie it to 0
W: Verilog-2020: [D:/pango/PDS_2020.3-Lite/arch/vendor/pango/arch/cdt/debug_core_rtls_pdir/ips_dbc_debug_core_v1_4.vp(line number: 5038)] Net conf_rdata[1] in module ips_dbc_debug_core_v1_4 does not have a driver, tie it to 0
W: Verilog-2020: [D:/pango/PDS_2020.3-Lite/arch/vendor/pango/arch/cdt/debug_core_rtls_pdir/ips_dbc_debug_core_v1_4.vp(line number: 5038)] Net conf_rdata[2] in module ips_dbc_debug_core_v1_4 does not have a driver, tie it to 0
W: Verilog-2020: [D:/pango/PDS_2020.3-Lite/arch/vendor/pango/arch/cdt/debug_core_rtls_pdir/ips_dbc_debug_core_v1_4.vp(line number: 5038)] Net conf_rdata[3] in module ips_dbc_debug_core_v1_4 does not have a driver, tie it to 0
W: Verilog-2020: [D:/pango/PDS_2020.3-Lite/arch/vendor/pango/arch/cdt/debug_core_rtls_pdir/ips_dbc_debug_core_v1_4.vp(line number: 5038)] Net conf_rdata[4] in module ips_dbc_debug_core_v1_4 does not have a driver, tie it to 0
W: Verilog-2020: [D:/pango/PDS_2020.3-Lite/arch/vendor/pango/arch/cdt/debug_core_rtls_pdir/ips_dbc_debug_core_v1_4.vp(line number: 5038)] Net conf_rdata[5] in module ips_dbc_debug_core_v1_4 does not have a driver, tie it to 0
W: Verilog-2020: [D:/pango/PDS_2020.3-Lite/arch/vendor/pango/arch/cdt/debug_core_rtls_pdir/ips_dbc_debug_core_v1_4.vp(line number: 5038)] Net conf_rdata[6] in module ips_dbc_debug_core_v1_4 does not have a driver, tie it to 0
W: Verilog-2020: [D:/pango/PDS_2020.3-Lite/arch/vendor/pango/arch/cdt/debug_core_rtls_pdir/ips_dbc_debug_core_v1_4.vp(line number: 5038)] Net conf_rdata[7] in module ips_dbc_debug_core_v1_4 does not have a driver, tie it to 0
W: Verilog-2020: [D:/pango/PDS_2020.3-Lite/arch/vendor/pango/arch/cdt/debug_core_rtls_pdir/ips_dbc_debug_core_v1_4.vp(line number: 5038)] Net conf_rdata[8] in module ips_dbc_debug_core_v1_4 does not have a driver, tie it to 0
W: Verilog-2020: [D:/pango/PDS_2020.3-Lite/arch/vendor/pango/arch/cdt/debug_core_rtls_pdir/ips_dbc_debug_core_v1_4.vp(line number: 5038)] Net conf_rdata[9] in module ips_dbc_debug_core_v1_4 does not have a driver, tie it to 0
W: Verilog-2020: [D:/pango/PDS_2020.3-Lite/arch/vendor/pango/arch/cdt/debug_core_rtls_pdir/ips_dbc_debug_core_v1_4.vp(line number: 5038)] Net conf_rdata[10] in module ips_dbc_debug_core_v1_4 does not have a driver, tie it to 0
W: Verilog-2020: [D:/pango/PDS_2020.3-Lite/arch/vendor/pango/arch/cdt/debug_core_rtls_pdir/ips_dbc_debug_core_v1_4.vp(line number: 5038)] Net conf_rdata[11] in module ips_dbc_debug_core_v1_4 does not have a driver, tie it to 0
W: Verilog-2020: [D:/pango/PDS_2020.3-Lite/arch/vendor/pango/arch/cdt/debug_core_rtls_pdir/ips_dbc_debug_core_v1_4.vp(line number: 5038)] Net conf_rdata[12] in module ips_dbc_debug_core_v1_4 does not have a driver, tie it to 0
W: Verilog-2020: [D:/pango/PDS_2020.3-Lite/arch/vendor/pango/arch/cdt/debug_core_rtls_pdir/ips_dbc_debug_core_v1_4.vp(line number: 5038)] Net conf_rdata[13] in module ips_dbc_debug_core_v1_4 does not have a driver, tie it to 0
W: Verilog-2020: [D:/pango/PDS_2020.3-Lite/arch/vendor/pango/arch/cdt/debug_core_rtls_pdir/ips_dbc_debug_core_v1_4.vp(line number: 5038)] Net conf_rdata[14] in module ips_dbc_debug_core_v1_4 does not have a driver, tie it to 0
W: Verilog-2020: [D:/pango/PDS_2020.3-Lite/arch/vendor/pango/arch/cdt/debug_core_rtls_pdir/ips_dbc_debug_core_v1_4.vp(line number: 5038)] Net conf_rdata[15] in module ips_dbc_debug_core_v1_4 does not have a driver, tie it to 0
W: Verilog-2020: [D:/pango/PDS_2020.3-Lite/arch/vendor/pango/arch/cdt/debug_core_rtls_pdir/ips_dbc_debug_core_v1_4.vp(line number: 5038)] Net conf_rdata[17] in module ips_dbc_debug_core_v1_4 does not have a driver, tie it to 0
W: Verilog-2020: [D:/pango/PDS_2020.3-Lite/arch/vendor/pango/arch/cdt/debug_core_rtls_pdir/ips_dbc_debug_core_v1_4.vp(line number: 5038)] Net conf_rdata[19] in module ips_dbc_debug_core_v1_4 does not have a driver, tie it to 0
W: Verilog-2021: [D:/pango/PDS_2020.3-Lite/arch/vendor/pango/arch/cdt/debug_core_rtls_pdir/ips_dbc_debug_core_v1_4.vp(line number: 5215)] Net G_M_1.mu_signal_concat_1 in module ips_dbc_debug_core_v1_4 does not have a driver, tie it to 0
W: Verilog-2021: [D:/pango/PDS_2020.3-Lite/arch/vendor/pango/arch/cdt/debug_core_rtls_pdir/ips_dbc_debug_core_v1_4.vp(line number: 5218)] Net G_M_1.mu_signal_combine_1 in module ips_dbc_debug_core_v1_4 does not have a driver, tie it to 0
W: Verilog-2021: [D:/pango/PDS_2020.3-Lite/arch/vendor/pango/arch/cdt/debug_core_rtls_pdir/ips_dbc_debug_core_v1_4.vp(line number: 5221)] Net G_M_1.signal_combine_1 in module ips_dbc_debug_core_v1_4 does not have a driver, tie it to 0
W: Verilog-2021: [D:/pango/PDS_2020.3-Lite/arch/vendor/pango/arch/cdt/debug_core_rtls_pdir/ips_dbc_debug_core_v1_4.vp(line number: 5255)] Net G_M_2.mu_signal_concat_2 in module ips_dbc_debug_core_v1_4 does not have a driver, tie it to 0
W: Verilog-2021: [D:/pango/PDS_2020.3-Lite/arch/vendor/pango/arch/cdt/debug_core_rtls_pdir/ips_dbc_debug_core_v1_4.vp(line number: 5258)] Net G_M_2.mu_signal_combine_2 in module ips_dbc_debug_core_v1_4 does not have a driver, tie it to 0
W: Verilog-2021: [D:/pango/PDS_2020.3-Lite/arch/vendor/pango/arch/cdt/debug_core_rtls_pdir/ips_dbc_debug_core_v1_4.vp(line number: 5261)] Net G_M_2.signal_combine_2 in module ips_dbc_debug_core_v1_4 does not have a driver, tie it to 0
W: Verilog-2021: [D:/pango/PDS_2020.3-Lite/arch/vendor/pango/arch/cdt/debug_core_rtls_pdir/ips_dbc_debug_core_v1_4.vp(line number: 5295)] Net G_M_3.mu_signal_concat_3 in module ips_dbc_debug_core_v1_4 does not have a driver, tie it to 0
W: Verilog-2021: [D:/pango/PDS_2020.3-Lite/arch/vendor/pango/arch/cdt/debug_core_rtls_pdir/ips_dbc_debug_core_v1_4.vp(line number: 5298)] Net G_M_3.mu_signal_combine_3 in module ips_dbc_debug_core_v1_4 does not have a driver, tie it to 0
W: Verilog-2021: [D:/pango/PDS_2020.3-Lite/arch/vendor/pango/arch/cdt/debug_core_rtls_pdir/ips_dbc_debug_core_v1_4.vp(line number: 5301)] Net G_M_3.signal_combine_3 in module ips_dbc_debug_core_v1_4 does not have a driver, tie it to 0
W: Verilog-2021: [D:/pango/PDS_2020.3-Lite/arch/vendor/pango/arch/cdt/debug_core_rtls_pdir/ips_dbc_debug_core_v1_4.vp(line number: 5335)] Net G_M_4.mu_signal_concat_4 in module ips_dbc_debug_core_v1_4 does not have a driver, tie it to 0
W: Verilog-2021: [D:/pango/PDS_2020.3-Lite/arch/vendor/pango/arch/cdt/debug_core_rtls_pdir/ips_dbc_debug_core_v1_4.vp(line number: 5338)] Net G_M_4.mu_signal_combine_4 in module ips_dbc_debug_core_v1_4 does not have a driver, tie it to 0
W: Verilog-2021: [D:/pango/PDS_2020.3-Lite/arch/vendor/pango/arch/cdt/debug_core_rtls_pdir/ips_dbc_debug_core_v1_4.vp(line number: 5341)] Net G_M_4.signal_combine_4 in module ips_dbc_debug_core_v1_4 does not have a driver, tie it to 0
W: Verilog-2021: [D:/pango/PDS_2020.3-Lite/arch/vendor/pango/arch/cdt/debug_core_rtls_pdir/ips_dbc_debug_core_v1_4.vp(line number: 5375)] Net G_M_5.mu_signal_concat_5 in module ips_dbc_debug_core_v1_4 does not have a driver, tie it to 0
W: Verilog-2021: [D:/pango/PDS_2020.3-Lite/arch/vendor/pango/arch/cdt/debug_core_rtls_pdir/ips_dbc_debug_core_v1_4.vp(line number: 5378)] Net G_M_5.mu_signal_combine_5 in module ips_dbc_debug_core_v1_4 does not have a driver, tie it to 0
W: Verilog-2021: [D:/pango/PDS_2020.3-Lite/arch/vendor/pango/arch/cdt/debug_core_rtls_pdir/ips_dbc_debug_core_v1_4.vp(line number: 5381)] Net G_M_5.signal_combine_5 in module ips_dbc_debug_core_v1_4 does not have a driver, tie it to 0
W: Verilog-2021: [D:/pango/PDS_2020.3-Lite/arch/vendor/pango/arch/cdt/debug_core_rtls_pdir/ips_dbc_debug_core_v1_4.vp(line number: 5415)] Net G_M_6.mu_signal_concat_6 in module ips_dbc_debug_core_v1_4 does not have a driver, tie it to 0
W: Verilog-2021: [D:/pango/PDS_2020.3-Lite/arch/vendor/pango/arch/cdt/debug_core_rtls_pdir/ips_dbc_debug_core_v1_4.vp(line number: 5418)] Net G_M_6.mu_signal_combine_6 in module ips_dbc_debug_core_v1_4 does not have a driver, tie it to 0
W: Verilog-2021: [D:/pango/PDS_2020.3-Lite/arch/vendor/pango/arch/cdt/debug_core_rtls_pdir/ips_dbc_debug_core_v1_4.vp(line number: 5421)] Net G_M_6.signal_combine_6 in module ips_dbc_debug_core_v1_4 does not have a driver, tie it to 0
W: Verilog-2021: [D:/pango/PDS_2020.3-Lite/arch/vendor/pango/arch/cdt/debug_core_rtls_pdir/ips_dbc_debug_core_v1_4.vp(line number: 5455)] Net G_M_7.mu_signal_concat_7 in module ips_dbc_debug_core_v1_4 does not have a driver, tie it to 0
W: Verilog-2021: [D:/pango/PDS_2020.3-Lite/arch/vendor/pango/arch/cdt/debug_core_rtls_pdir/ips_dbc_debug_core_v1_4.vp(line number: 5458)] Net G_M_7.mu_signal_combine_7 in module ips_dbc_debug_core_v1_4 does not have a driver, tie it to 0
W: Verilog-2021: [D:/pango/PDS_2020.3-Lite/arch/vendor/pango/arch/cdt/debug_core_rtls_pdir/ips_dbc_debug_core_v1_4.vp(line number: 5461)] Net G_M_7.signal_combine_7 in module ips_dbc_debug_core_v1_4 does not have a driver, tie it to 0
W: Verilog-2021: [D:/pango/PDS_2020.3-Lite/arch/vendor/pango/arch/cdt/debug_core_rtls_pdir/ips_dbc_debug_core_v1_4.vp(line number: 5495)] Net G_M_8.mu_signal_concat_8 in module ips_dbc_debug_core_v1_4 does not have a driver, tie it to 0
W: Verilog-2021: [D:/pango/PDS_2020.3-Lite/arch/vendor/pango/arch/cdt/debug_core_rtls_pdir/ips_dbc_debug_core_v1_4.vp(line number: 5498)] Net G_M_8.mu_signal_combine_8 in module ips_dbc_debug_core_v1_4 does not have a driver, tie it to 0
W: Verilog-2021: [D:/pango/PDS_2020.3-Lite/arch/vendor/pango/arch/cdt/debug_core_rtls_pdir/ips_dbc_debug_core_v1_4.vp(line number: 5501)] Net G_M_8.signal_combine_8 in module ips_dbc_debug_core_v1_4 does not have a driver, tie it to 0
W: Verilog-2021: [D:/pango/PDS_2020.3-Lite/arch/vendor/pango/arch/cdt/debug_core_rtls_pdir/ips_dbc_debug_core_v1_4.vp(line number: 5535)] Net G_M_9.mu_signal_concat_9 in module ips_dbc_debug_core_v1_4 does not have a driver, tie it to 0
W: Verilog-2021: [D:/pango/PDS_2020.3-Lite/arch/vendor/pango/arch/cdt/debug_core_rtls_pdir/ips_dbc_debug_core_v1_4.vp(line number: 5538)] Net G_M_9.mu_signal_combine_9 in module ips_dbc_debug_core_v1_4 does not have a driver, tie it to 0
W: Verilog-2021: [D:/pango/PDS_2020.3-Lite/arch/vendor/pango/arch/cdt/debug_core_rtls_pdir/ips_dbc_debug_core_v1_4.vp(line number: 5541)] Net G_M_9.signal_combine_9 in module ips_dbc_debug_core_v1_4 does not have a driver, tie it to 0
W: Verilog-2021: [D:/pango/PDS_2020.3-Lite/arch/vendor/pango/arch/cdt/debug_core_rtls_pdir/ips_dbc_debug_core_v1_4.vp(line number: 5575)] Net G_M_10.mu_signal_concat_10 in module ips_dbc_debug_core_v1_4 does not have a driver, tie it to 0
W: Verilog-2021: [D:/pango/PDS_2020.3-Lite/arch/vendor/pango/arch/cdt/debug_core_rtls_pdir/ips_dbc_debug_core_v1_4.vp(line number: 5578)] Net G_M_10.mu_signal_combine_10 in module ips_dbc_debug_core_v1_4 does not have a driver, tie it to 0
W: Verilog-2021: [D:/pango/PDS_2020.3-Lite/arch/vendor/pango/arch/cdt/debug_core_rtls_pdir/ips_dbc_debug_core_v1_4.vp(line number: 5581)] Net G_M_10.signal_combine_10 in module ips_dbc_debug_core_v1_4 does not have a driver, tie it to 0
W: Verilog-2021: [D:/pango/PDS_2020.3-Lite/arch/vendor/pango/arch/cdt/debug_core_rtls_pdir/ips_dbc_debug_core_v1_4.vp(line number: 5615)] Net G_M_11.mu_signal_concat_11 in module ips_dbc_debug_core_v1_4 does not have a driver, tie it to 0
W: Verilog-2021: [D:/pango/PDS_2020.3-Lite/arch/vendor/pango/arch/cdt/debug_core_rtls_pdir/ips_dbc_debug_core_v1_4.vp(line number: 5618)] Net G_M_11.mu_signal_combine_11 in module ips_dbc_debug_core_v1_4 does not have a driver, tie it to 0
W: Verilog-2021: [D:/pango/PDS_2020.3-Lite/arch/vendor/pango/arch/cdt/debug_core_rtls_pdir/ips_dbc_debug_core_v1_4.vp(line number: 5621)] Net G_M_11.signal_combine_11 in module ips_dbc_debug_core_v1_4 does not have a driver, tie it to 0
W: Verilog-2021: [D:/pango/PDS_2020.3-Lite/arch/vendor/pango/arch/cdt/debug_core_rtls_pdir/ips_dbc_debug_core_v1_4.vp(line number: 5655)] Net G_M_12.mu_signal_concat_12 in module ips_dbc_debug_core_v1_4 does not have a driver, tie it to 0
W: Verilog-2021: [D:/pango/PDS_2020.3-Lite/arch/vendor/pango/arch/cdt/debug_core_rtls_pdir/ips_dbc_debug_core_v1_4.vp(line number: 5658)] Net G_M_12.mu_signal_combine_12 in module ips_dbc_debug_core_v1_4 does not have a driver, tie it to 0
W: Verilog-2021: [D:/pango/PDS_2020.3-Lite/arch/vendor/pango/arch/cdt/debug_core_rtls_pdir/ips_dbc_debug_core_v1_4.vp(line number: 5661)] Net G_M_12.signal_combine_12 in module ips_dbc_debug_core_v1_4 does not have a driver, tie it to 0
W: Verilog-2021: [D:/pango/PDS_2020.3-Lite/arch/vendor/pango/arch/cdt/debug_core_rtls_pdir/ips_dbc_debug_core_v1_4.vp(line number: 5695)] Net G_M_13.mu_signal_concat_13 in module ips_dbc_debug_core_v1_4 does not have a driver, tie it to 0
W: Verilog-2021: [D:/pango/PDS_2020.3-Lite/arch/vendor/pango/arch/cdt/debug_core_rtls_pdir/ips_dbc_debug_core_v1_4.vp(line number: 5698)] Net G_M_13.mu_signal_combine_13 in module ips_dbc_debug_core_v1_4 does not have a driver, tie it to 0
W: Verilog-2021: [D:/pango/PDS_2020.3-Lite/arch/vendor/pango/arch/cdt/debug_core_rtls_pdir/ips_dbc_debug_core_v1_4.vp(line number: 5701)] Net G_M_13.signal_combine_13 in module ips_dbc_debug_core_v1_4 does not have a driver, tie it to 0
W: Verilog-2021: [D:/pango/PDS_2020.3-Lite/arch/vendor/pango/arch/cdt/debug_core_rtls_pdir/ips_dbc_debug_core_v1_4.vp(line number: 5735)] Net G_M_14.mu_signal_concat_14 in module ips_dbc_debug_core_v1_4 does not have a driver, tie it to 0
W: Verilog-2021: [D:/pango/PDS_2020.3-Lite/arch/vendor/pango/arch/cdt/debug_core_rtls_pdir/ips_dbc_debug_core_v1_4.vp(line number: 5738)] Net G_M_14.mu_signal_combine_14 in module ips_dbc_debug_core_v1_4 does not have a driver, tie it to 0
W: Verilog-2021: [D:/pango/PDS_2020.3-Lite/arch/vendor/pango/arch/cdt/debug_core_rtls_pdir/ips_dbc_debug_core_v1_4.vp(line number: 5741)] Net G_M_14.signal_combine_14 in module ips_dbc_debug_core_v1_4 does not have a driver, tie it to 0
W: Verilog-2021: [D:/pango/PDS_2020.3-Lite/arch/vendor/pango/arch/cdt/debug_core_rtls_pdir/ips_dbc_debug_core_v1_4.vp(line number: 5775)] Net G_M_15.mu_signal_concat_15 in module ips_dbc_debug_core_v1_4 does not have a driver, tie it to 0
W: Verilog-2021: [D:/pango/PDS_2020.3-Lite/arch/vendor/pango/arch/cdt/debug_core_rtls_pdir/ips_dbc_debug_core_v1_4.vp(line number: 5778)] Net G_M_15.mu_signal_combine_15 in module ips_dbc_debug_core_v1_4 does not have a driver, tie it to 0
W: Verilog-2021: [D:/pango/PDS_2020.3-Lite/arch/vendor/pango/arch/cdt/debug_core_rtls_pdir/ips_dbc_debug_core_v1_4.vp(line number: 5781)] Net G_M_15.signal_combine_15 in module ips_dbc_debug_core_v1_4 does not have a driver, tie it to 0
I: Verilog-0003: [D:/pango/PDS_2020.3-Lite/arch/vendor/pango/arch/cdt/debug_core_rtls_pdir/ips_dbc_debug_core_v1_4.vp(line number: 2822)] Elaborating module ips_dbc_debug_core_v1_4
I: Verilog-0003: [D:/pango/PDS_2020.3-Lite/arch/vendor/pango/arch/cdt/debug_core_rtls_pdir/ips_dbc_hub_decode_v1_2.vp(line number: 271)] Elaborating module ips_dbc_hub_decode_v1_2
I: Verilog-0003: [D:/pango/PDS_2020.3-Lite/arch/vendor/pango/arch/cdt/debug_core_rtls_pdir/ips_dbc_trig_unit_v1_3.vp(line number: 409)] Elaborating module ips_dbc_trig_unit_v1_3
W: Sdm-2008: The attribute named register_balancing is not legal, then it has no effect, ignore its value.
I: Verilog-0003: [D:/pango/PDS_2020.3-Lite/arch/vendor/pango/arch/cdt/debug_core_rtls_pdir/ips_dbc_cfg_reg_file_v1_0.vp(line number: 90)] Elaborating module ips_dbc_cfg_reg_file_v1_0
I: Verilog-0003: [D:/pango/PDS_2020.3-Lite/arch/vendor/pango/arch/cdt/debug_core_rtls_pdir/ips_dbc_compare_256b_v1_0.vp(line number: 301)] Elaborating module ips_dbc_compare_256b_v1_0
I: Verilog-0003: [D:/pango/PDS_2020.3-Lite/arch/vendor/pango/arch/cdt/debug_core_rtls_pdir/ips_dbc_compare_256b_v1_0.vp(line number: 301)] Elaborating module ips_dbc_compare_256b_v1_0
W: Verilog-2021: [D:/pango/PDS_2020.3-Lite/arch/vendor/pango/arch/cdt/debug_core_rtls_pdir/ips_dbc_trig_unit_v1_3.vp(line number: 459)] Net trigger in module ips_dbc_trig_unit_v1_4 does not have a driver, tie it to 0
W: Verilog-2021: [D:/pango/PDS_2020.3-Lite/arch/vendor/pango/arch/cdt/debug_core_rtls_pdir/ips_dbc_trig_unit_v1_3.vp(line number: 577)] Net value in module ips_dbc_trig_unit_v1_4 does not have a driver, tie it to 0
W: Verilog-2021: [D:/pango/PDS_2020.3-Lite/arch/vendor/pango/arch/cdt/debug_core_rtls_pdir/ips_dbc_trig_unit_v1_3.vp(line number: 578)] Net value2 in module ips_dbc_trig_unit_v1_4 does not have a driver, tie it to 0
W: Verilog-2021: [D:/pango/PDS_2020.3-Lite/arch/vendor/pango/arch/cdt/debug_core_rtls_pdir/ips_dbc_trig_unit_v1_3.vp(line number: 625)] Net genblk4.G_MATCH_NO_EDGE[0].mu_bit_single in module ips_dbc_trig_unit_v1_4 does not have a driver, tie it to 0
W: Verilog-2021: [D:/pango/PDS_2020.3-Lite/arch/vendor/pango/arch/cdt/debug_core_rtls_pdir/ips_dbc_trig_unit_v1_3.vp(line number: 626)] Net genblk4.G_MATCH_NO_EDGE[0].signal_single in module ips_dbc_trig_unit_v1_4 does not have a driver, tie it to 0
W: Verilog-2021: [D:/pango/PDS_2020.3-Lite/arch/vendor/pango/arch/cdt/debug_core_rtls_pdir/ips_dbc_trig_unit_v1_3.vp(line number: 625)] Net genblk4.G_MATCH_NO_EDGE[1].mu_bit_single in module ips_dbc_trig_unit_v1_4 does not have a driver, tie it to 0
W: Verilog-2021: [D:/pango/PDS_2020.3-Lite/arch/vendor/pango/arch/cdt/debug_core_rtls_pdir/ips_dbc_trig_unit_v1_3.vp(line number: 626)] Net genblk4.G_MATCH_NO_EDGE[1].signal_single in module ips_dbc_trig_unit_v1_4 does not have a driver, tie it to 0
W: Verilog-2021: [D:/pango/PDS_2020.3-Lite/arch/vendor/pango/arch/cdt/debug_core_rtls_pdir/ips_dbc_trig_unit_v1_3.vp(line number: 625)] Net genblk4.G_MATCH_NO_EDGE[2].mu_bit_single in module ips_dbc_trig_unit_v1_4 does not have a driver, tie it to 0
W: Verilog-2021: [D:/pango/PDS_2020.3-Lite/arch/vendor/pango/arch/cdt/debug_core_rtls_pdir/ips_dbc_trig_unit_v1_3.vp(line number: 626)] Net genblk4.G_MATCH_NO_EDGE[2].signal_single in module ips_dbc_trig_unit_v1_4 does not have a driver, tie it to 0
W: Verilog-2021: [D:/pango/PDS_2020.3-Lite/arch/vendor/pango/arch/cdt/debug_core_rtls_pdir/ips_dbc_trig_unit_v1_3.vp(line number: 625)] Net genblk4.G_MATCH_NO_EDGE[3].mu_bit_single in module ips_dbc_trig_unit_v1_4 does not have a driver, tie it to 0
W: Verilog-2021: [D:/pango/PDS_2020.3-Lite/arch/vendor/pango/arch/cdt/debug_core_rtls_pdir/ips_dbc_trig_unit_v1_3.vp(line number: 626)] Net genblk4.G_MATCH_NO_EDGE[3].signal_single in module ips_dbc_trig_unit_v1_4 does not have a driver, tie it to 0
W: Verilog-2021: [D:/pango/PDS_2020.3-Lite/arch/vendor/pango/arch/cdt/debug_core_rtls_pdir/ips_dbc_trig_unit_v1_3.vp(line number: 625)] Net genblk4.G_MATCH_NO_EDGE[4].mu_bit_single in module ips_dbc_trig_unit_v1_4 does not have a driver, tie it to 0
W: Verilog-2021: [D:/pango/PDS_2020.3-Lite/arch/vendor/pango/arch/cdt/debug_core_rtls_pdir/ips_dbc_trig_unit_v1_3.vp(line number: 626)] Net genblk4.G_MATCH_NO_EDGE[4].signal_single in module ips_dbc_trig_unit_v1_4 does not have a driver, tie it to 0
W: Verilog-2021: [D:/pango/PDS_2020.3-Lite/arch/vendor/pango/arch/cdt/debug_core_rtls_pdir/ips_dbc_trig_unit_v1_3.vp(line number: 625)] Net genblk4.G_MATCH_NO_EDGE[5].mu_bit_single in module ips_dbc_trig_unit_v1_4 does not have a driver, tie it to 0
W: Verilog-2021: [D:/pango/PDS_2020.3-Lite/arch/vendor/pango/arch/cdt/debug_core_rtls_pdir/ips_dbc_trig_unit_v1_3.vp(line number: 626)] Net genblk4.G_MATCH_NO_EDGE[5].signal_single in module ips_dbc_trig_unit_v1_4 does not have a driver, tie it to 0
W: Verilog-2021: [D:/pango/PDS_2020.3-Lite/arch/vendor/pango/arch/cdt/debug_core_rtls_pdir/ips_dbc_trig_unit_v1_3.vp(line number: 625)] Net genblk4.G_MATCH_NO_EDGE[6].mu_bit_single in module ips_dbc_trig_unit_v1_4 does not have a driver, tie it to 0
W: Verilog-2021: [D:/pango/PDS_2020.3-Lite/arch/vendor/pango/arch/cdt/debug_core_rtls_pdir/ips_dbc_trig_unit_v1_3.vp(line number: 626)] Net genblk4.G_MATCH_NO_EDGE[6].signal_single in module ips_dbc_trig_unit_v1_4 does not have a driver, tie it to 0
W: Verilog-2021: [D:/pango/PDS_2020.3-Lite/arch/vendor/pango/arch/cdt/debug_core_rtls_pdir/ips_dbc_trig_unit_v1_3.vp(line number: 625)] Net genblk4.G_MATCH_NO_EDGE[7].mu_bit_single in module ips_dbc_trig_unit_v1_4 does not have a driver, tie it to 0
W: Verilog-2021: [D:/pango/PDS_2020.3-Lite/arch/vendor/pango/arch/cdt/debug_core_rtls_pdir/ips_dbc_trig_unit_v1_3.vp(line number: 626)] Net genblk4.G_MATCH_NO_EDGE[7].signal_single in module ips_dbc_trig_unit_v1_4 does not have a driver, tie it to 0
W: Verilog-2021: [D:/pango/PDS_2020.3-Lite/arch/vendor/pango/arch/cdt/debug_core_rtls_pdir/ips_dbc_trig_unit_v1_3.vp(line number: 625)] Net genblk4.G_MATCH_NO_EDGE[8].mu_bit_single in module ips_dbc_trig_unit_v1_4 does not have a driver, tie it to 0
W: Verilog-2021: [D:/pango/PDS_2020.3-Lite/arch/vendor/pango/arch/cdt/debug_core_rtls_pdir/ips_dbc_trig_unit_v1_3.vp(line number: 626)] Net genblk4.G_MATCH_NO_EDGE[8].signal_single in module ips_dbc_trig_unit_v1_4 does not have a driver, tie it to 0
W: Verilog-2021: [D:/pango/PDS_2020.3-Lite/arch/vendor/pango/arch/cdt/debug_core_rtls_pdir/ips_dbc_trig_unit_v1_3.vp(line number: 625)] Net genblk4.G_MATCH_NO_EDGE[9].mu_bit_single in module ips_dbc_trig_unit_v1_4 does not have a driver, tie it to 0
W: Verilog-2021: [D:/pango/PDS_2020.3-Lite/arch/vendor/pango/arch/cdt/debug_core_rtls_pdir/ips_dbc_trig_unit_v1_3.vp(line number: 626)] Net genblk4.G_MATCH_NO_EDGE[9].signal_single in module ips_dbc_trig_unit_v1_4 does not have a driver, tie it to 0
W: Verilog-2021: [D:/pango/PDS_2020.3-Lite/arch/vendor/pango/arch/cdt/debug_core_rtls_pdir/ips_dbc_trig_unit_v1_3.vp(line number: 625)] Net genblk4.G_MATCH_NO_EDGE[10].mu_bit_single in module ips_dbc_trig_unit_v1_4 does not have a driver, tie it to 0
W: Verilog-2021: [D:/pango/PDS_2020.3-Lite/arch/vendor/pango/arch/cdt/debug_core_rtls_pdir/ips_dbc_trig_unit_v1_3.vp(line number: 626)] Net genblk4.G_MATCH_NO_EDGE[10].signal_single in module ips_dbc_trig_unit_v1_4 does not have a driver, tie it to 0
W: Verilog-2021: [D:/pango/PDS_2020.3-Lite/arch/vendor/pango/arch/cdt/debug_core_rtls_pdir/ips_dbc_trig_unit_v1_3.vp(line number: 625)] Net genblk4.G_MATCH_NO_EDGE[11].mu_bit_single in module ips_dbc_trig_unit_v1_4 does not have a driver, tie it to 0
W: Verilog-2021: [D:/pango/PDS_2020.3-Lite/arch/vendor/pango/arch/cdt/debug_core_rtls_pdir/ips_dbc_trig_unit_v1_3.vp(line number: 626)] Net genblk4.G_MATCH_NO_EDGE[11].signal_single in module ips_dbc_trig_unit_v1_4 does not have a driver, tie it to 0
W: Verilog-2021: [D:/pango/PDS_2020.3-Lite/arch/vendor/pango/arch/cdt/debug_core_rtls_pdir/ips_dbc_trig_unit_v1_3.vp(line number: 625)] Net genblk4.G_MATCH_NO_EDGE[12].mu_bit_single in module ips_dbc_trig_unit_v1_4 does not have a driver, tie it to 0
W: Verilog-2021: [D:/pango/PDS_2020.3-Lite/arch/vendor/pango/arch/cdt/debug_core_rtls_pdir/ips_dbc_trig_unit_v1_3.vp(line number: 626)] Net genblk4.G_MATCH_NO_EDGE[12].signal_single in module ips_dbc_trig_unit_v1_4 does not have a driver, tie it to 0
W: Verilog-2021: [D:/pango/PDS_2020.3-Lite/arch/vendor/pango/arch/cdt/debug_core_rtls_pdir/ips_dbc_trig_unit_v1_3.vp(line number: 625)] Net genblk4.G_MATCH_NO_EDGE[13].mu_bit_single in module ips_dbc_trig_unit_v1_4 does not have a driver, tie it to 0
W: Verilog-2021: [D:/pango/PDS_2020.3-Lite/arch/vendor/pango/arch/cdt/debug_core_rtls_pdir/ips_dbc_trig_unit_v1_3.vp(line number: 626)] Net genblk4.G_MATCH_NO_EDGE[13].signal_single in module ips_dbc_trig_unit_v1_4 does not have a driver, tie it to 0
W: Verilog-2021: [D:/pango/PDS_2020.3-Lite/arch/vendor/pango/arch/cdt/debug_core_rtls_pdir/ips_dbc_trig_unit_v1_3.vp(line number: 625)] Net genblk4.G_MATCH_NO_EDGE[14].mu_bit_single in module ips_dbc_trig_unit_v1_4 does not have a driver, tie it to 0
W: Verilog-2021: [D:/pango/PDS_2020.3-Lite/arch/vendor/pango/arch/cdt/debug_core_rtls_pdir/ips_dbc_trig_unit_v1_3.vp(line number: 626)] Net genblk4.G_MATCH_NO_EDGE[14].signal_single in module ips_dbc_trig_unit_v1_4 does not have a driver, tie it to 0
W: Verilog-2021: [D:/pango/PDS_2020.3-Lite/arch/vendor/pango/arch/cdt/debug_core_rtls_pdir/ips_dbc_trig_unit_v1_3.vp(line number: 625)] Net genblk4.G_MATCH_NO_EDGE[15].mu_bit_single in module ips_dbc_trig_unit_v1_4 does not have a driver, tie it to 0
W: Verilog-2021: [D:/pango/PDS_2020.3-Lite/arch/vendor/pango/arch/cdt/debug_core_rtls_pdir/ips_dbc_trig_unit_v1_3.vp(line number: 626)] Net genblk4.G_MATCH_NO_EDGE[15].signal_single in module ips_dbc_trig_unit_v1_4 does not have a driver, tie it to 0
W: Verilog-2021: [D:/pango/PDS_2020.3-Lite/arch/vendor/pango/arch/cdt/debug_core_rtls_pdir/ips_dbc_trig_unit_v1_3.vp(line number: 625)] Net genblk4.G_MATCH_NO_EDGE[16].mu_bit_single in module ips_dbc_trig_unit_v1_4 does not have a driver, tie it to 0
W: Verilog-2021: [D:/pango/PDS_2020.3-Lite/arch/vendor/pango/arch/cdt/debug_core_rtls_pdir/ips_dbc_trig_unit_v1_3.vp(line number: 626)] Net genblk4.G_MATCH_NO_EDGE[16].signal_single in module ips_dbc_trig_unit_v1_4 does not have a driver, tie it to 0
W: Verilog-2021: [D:/pango/PDS_2020.3-Lite/arch/vendor/pango/arch/cdt/debug_core_rtls_pdir/ips_dbc_trig_unit_v1_3.vp(line number: 625)] Net genblk4.G_MATCH_NO_EDGE[17].mu_bit_single in module ips_dbc_trig_unit_v1_4 does not have a driver, tie it to 0
W: Verilog-2021: [D:/pango/PDS_2020.3-Lite/arch/vendor/pango/arch/cdt/debug_core_rtls_pdir/ips_dbc_trig_unit_v1_3.vp(line number: 626)] Net genblk4.G_MATCH_NO_EDGE[17].signal_single in module ips_dbc_trig_unit_v1_4 does not have a driver, tie it to 0
W: Verilog-2021: [D:/pango/PDS_2020.3-Lite/arch/vendor/pango/arch/cdt/debug_core_rtls_pdir/ips_dbc_trig_unit_v1_3.vp(line number: 625)] Net genblk4.G_MATCH_NO_EDGE[18].mu_bit_single in module ips_dbc_trig_unit_v1_4 does not have a driver, tie it to 0
W: Verilog-2021: [D:/pango/PDS_2020.3-Lite/arch/vendor/pango/arch/cdt/debug_core_rtls_pdir/ips_dbc_trig_unit_v1_3.vp(line number: 626)] Net genblk4.G_MATCH_NO_EDGE[18].signal_single in module ips_dbc_trig_unit_v1_4 does not have a driver, tie it to 0
W: Verilog-2021: [D:/pango/PDS_2020.3-Lite/arch/vendor/pango/arch/cdt/debug_core_rtls_pdir/ips_dbc_trig_unit_v1_3.vp(line number: 625)] Net genblk4.G_MATCH_NO_EDGE[19].mu_bit_single in module ips_dbc_trig_unit_v1_4 does not have a driver, tie it to 0
W: Verilog-2021: [D:/pango/PDS_2020.3-Lite/arch/vendor/pango/arch/cdt/debug_core_rtls_pdir/ips_dbc_trig_unit_v1_3.vp(line number: 626)] Net genblk4.G_MATCH_NO_EDGE[19].signal_single in module ips_dbc_trig_unit_v1_4 does not have a driver, tie it to 0
W: Verilog-2021: [D:/pango/PDS_2020.3-Lite/arch/vendor/pango/arch/cdt/debug_core_rtls_pdir/ips_dbc_trig_unit_v1_3.vp(line number: 625)] Net genblk4.G_MATCH_NO_EDGE[20].mu_bit_single in module ips_dbc_trig_unit_v1_4 does not have a driver, tie it to 0
W: Verilog-2021: [D:/pango/PDS_2020.3-Lite/arch/vendor/pango/arch/cdt/debug_core_rtls_pdir/ips_dbc_trig_unit_v1_3.vp(line number: 626)] Net genblk4.G_MATCH_NO_EDGE[20].signal_single in module ips_dbc_trig_unit_v1_4 does not have a driver, tie it to 0
W: Verilog-2021: [D:/pango/PDS_2020.3-Lite/arch/vendor/pango/arch/cdt/debug_core_rtls_pdir/ips_dbc_trig_unit_v1_3.vp(line number: 625)] Net genblk4.G_MATCH_NO_EDGE[21].mu_bit_single in module ips_dbc_trig_unit_v1_4 does not have a driver, tie it to 0
W: Verilog-2021: [D:/pango/PDS_2020.3-Lite/arch/vendor/pango/arch/cdt/debug_core_rtls_pdir/ips_dbc_trig_unit_v1_3.vp(line number: 626)] Net genblk4.G_MATCH_NO_EDGE[21].signal_single in module ips_dbc_trig_unit_v1_4 does not have a driver, tie it to 0
W: Verilog-2021: [D:/pango/PDS_2020.3-Lite/arch/vendor/pango/arch/cdt/debug_core_rtls_pdir/ips_dbc_trig_unit_v1_3.vp(line number: 625)] Net genblk4.G_MATCH_NO_EDGE[22].mu_bit_single in module ips_dbc_trig_unit_v1_4 does not have a driver, tie it to 0
W: Verilog-2021: [D:/pango/PDS_2020.3-Lite/arch/vendor/pango/arch/cdt/debug_core_rtls_pdir/ips_dbc_trig_unit_v1_3.vp(line number: 626)] Net genblk4.G_MATCH_NO_EDGE[22].signal_single in module ips_dbc_trig_unit_v1_4 does not have a driver, tie it to 0
W: Verilog-2021: [D:/pango/PDS_2020.3-Lite/arch/vendor/pango/arch/cdt/debug_core_rtls_pdir/ips_dbc_trig_unit_v1_3.vp(line number: 625)] Net genblk4.G_MATCH_NO_EDGE[23].mu_bit_single in module ips_dbc_trig_unit_v1_4 does not have a driver, tie it to 0
W: Verilog-2021: [D:/pango/PDS_2020.3-Lite/arch/vendor/pango/arch/cdt/debug_core_rtls_pdir/ips_dbc_trig_unit_v1_3.vp(line number: 626)] Net genblk4.G_MATCH_NO_EDGE[23].signal_single in module ips_dbc_trig_unit_v1_4 does not have a driver, tie it to 0
W: Verilog-2021: [D:/pango/PDS_2020.3-Lite/arch/vendor/pango/arch/cdt/debug_core_rtls_pdir/ips_dbc_trig_unit_v1_3.vp(line number: 804)] Net G_MATCH_OPTIMIZE_BALANCED.match_comb_ff in module ips_dbc_trig_unit_v1_4 does not have a driver, tie it to 0
W: Verilog-2021: [D:/pango/PDS_2020.3-Lite/arch/vendor/pango/arch/cdt/debug_core_rtls_pdir/ips_dbc_trig_unit_v1_3.vp(line number: 819)] Net G_MATCH_OPTIMIZE_SPEED.match_comb_ff in module ips_dbc_trig_unit_v1_4 does not have a driver, tie it to 0
W: Verilog-2021: [D:/pango/PDS_2020.3-Lite/arch/vendor/pango/arch/cdt/debug_core_rtls_pdir/ips_dbc_trig_unit_v1_3.vp(line number: 866)] Net G_MATCH_COUNTER.mu_cnt_mode in module ips_dbc_trig_unit_v1_4 does not have a driver, tie it to 0
W: Verilog-2021: [D:/pango/PDS_2020.3-Lite/arch/vendor/pango/arch/cdt/debug_core_rtls_pdir/ips_dbc_trig_unit_v1_3.vp(line number: 869)] Net G_MATCH_COUNTER.mu_cnt_value in module ips_dbc_trig_unit_v1_4 does not have a driver, tie it to 0
W: Verilog-2021: [D:/pango/PDS_2020.3-Lite/arch/vendor/pango/arch/cdt/debug_core_rtls_pdir/ips_dbc_trig_unit_v1_3.vp(line number: 872)] Net G_MATCH_COUNTER.mu_counter in module ips_dbc_trig_unit_v1_4 does not have a driver, tie it to 0
W: Verilog-2021: [D:/pango/PDS_2020.3-Lite/arch/vendor/pango/arch/cdt/debug_core_rtls_pdir/ips_dbc_trig_unit_v1_3.vp(line number: 873)] Net G_MATCH_COUNTER.mu_counter_plus in module ips_dbc_trig_unit_v1_4 does not have a driver, tie it to 0
W: Verilog-2021: [D:/pango/PDS_2020.3-Lite/arch/vendor/pango/arch/cdt/debug_core_rtls_pdir/ips_dbc_trig_unit_v1_3.vp(line number: 875)] Net G_MATCH_COUNTER.match_src_w in module ips_dbc_trig_unit_v1_4 does not have a driver, tie it to 0
W: Verilog-2021: [D:/pango/PDS_2020.3-Lite/arch/vendor/pango/arch/cdt/debug_core_rtls_pdir/ips_dbc_trig_unit_v1_3.vp(line number: 892)] Net G_MATCH_COUNTER.match_enable in module ips_dbc_trig_unit_v1_4 does not have a driver, tie it to 0
I: Verilog-0003: [D:/pango/PDS_2020.3-Lite/arch/vendor/pango/arch/cdt/debug_core_rtls_pdir/ips_dbc_trigger_condition_v1_3.vp(line number: 278)] Elaborating module ips_dbc_trigger_condition_v1_3
I: Verilog-0003: [D:/pango/PDS_2020.3-Lite/arch/vendor/pango/arch/cdt/debug_core_rtls_pdir/ips_dbc_storage_condition_v1_3.vp(line number: 489)] Elaborating module ips_dbc_storage_condition_v1_3
I: Verilog-0003: [D:/pango/PDS_2020.3-Lite/arch/vendor/pango/arch/cdt/debug_core_rtls_pdir/ips_dbc_data_capture_mem_v1_1.vp(line number: 89)] Elaborating module ips_dbc_data_capture_mem_v1_1
I: Verilog-0003: [D:/pango/PDS_2020.3-Lite/arch/vendor/pango/arch/cdt/debug_core_rtls_pdir/ips_dbc_rd_addr_gen_v1_3.vp(line number: 251)] Elaborating module ips_dbc_rd_addr_gen_v1_3
W: Verilog-2021: [D:/pango/PDS_2020.3-Lite/arch/vendor/pango/arch/cdt/debug_core_rtls_pdir/ips_dbc_debug_core_v1_4.vp(line number: 4126)] Net DATA_SYNC.DATA_SYNC_PIPELINE.i in module ips_dbc_debug_core_v1_5 does not have a driver, tie it to 0
W: Verilog-2020: [D:/pango/PDS_2020.3-Lite/arch/vendor/pango/arch/cdt/debug_core_rtls_pdir/ips_dbc_debug_core_v1_4.vp(line number: 5037)] Net conf_rdlast[1] in module ips_dbc_debug_core_v1_5 does not have a driver, tie it to 0
W: Verilog-2020: [D:/pango/PDS_2020.3-Lite/arch/vendor/pango/arch/cdt/debug_core_rtls_pdir/ips_dbc_debug_core_v1_4.vp(line number: 5037)] Net conf_rdlast[2] in module ips_dbc_debug_core_v1_5 does not have a driver, tie it to 0
W: Verilog-2020: [D:/pango/PDS_2020.3-Lite/arch/vendor/pango/arch/cdt/debug_core_rtls_pdir/ips_dbc_debug_core_v1_4.vp(line number: 5037)] Net conf_rdlast[3] in module ips_dbc_debug_core_v1_5 does not have a driver, tie it to 0
W: Verilog-2020: [D:/pango/PDS_2020.3-Lite/arch/vendor/pango/arch/cdt/debug_core_rtls_pdir/ips_dbc_debug_core_v1_4.vp(line number: 5037)] Net conf_rdlast[4] in module ips_dbc_debug_core_v1_5 does not have a driver, tie it to 0
W: Verilog-2020: [D:/pango/PDS_2020.3-Lite/arch/vendor/pango/arch/cdt/debug_core_rtls_pdir/ips_dbc_debug_core_v1_4.vp(line number: 5037)] Net conf_rdlast[5] in module ips_dbc_debug_core_v1_5 does not have a driver, tie it to 0
W: Verilog-2020: [D:/pango/PDS_2020.3-Lite/arch/vendor/pango/arch/cdt/debug_core_rtls_pdir/ips_dbc_debug_core_v1_4.vp(line number: 5037)] Net conf_rdlast[6] in module ips_dbc_debug_core_v1_5 does not have a driver, tie it to 0
W: Verilog-2020: [D:/pango/PDS_2020.3-Lite/arch/vendor/pango/arch/cdt/debug_core_rtls_pdir/ips_dbc_debug_core_v1_4.vp(line number: 5037)] Net conf_rdlast[7] in module ips_dbc_debug_core_v1_5 does not have a driver, tie it to 0
W: Verilog-2020: [D:/pango/PDS_2020.3-Lite/arch/vendor/pango/arch/cdt/debug_core_rtls_pdir/ips_dbc_debug_core_v1_4.vp(line number: 5037)] Net conf_rdlast[8] in module ips_dbc_debug_core_v1_5 does not have a driver, tie it to 0
W: Verilog-2020: [D:/pango/PDS_2020.3-Lite/arch/vendor/pango/arch/cdt/debug_core_rtls_pdir/ips_dbc_debug_core_v1_4.vp(line number: 5037)] Net conf_rdlast[9] in module ips_dbc_debug_core_v1_5 does not have a driver, tie it to 0
W: Verilog-2020: [D:/pango/PDS_2020.3-Lite/arch/vendor/pango/arch/cdt/debug_core_rtls_pdir/ips_dbc_debug_core_v1_4.vp(line number: 5037)] Net conf_rdlast[10] in module ips_dbc_debug_core_v1_5 does not have a driver, tie it to 0
W: Verilog-2020: [D:/pango/PDS_2020.3-Lite/arch/vendor/pango/arch/cdt/debug_core_rtls_pdir/ips_dbc_debug_core_v1_4.vp(line number: 5037)] Net conf_rdlast[11] in module ips_dbc_debug_core_v1_5 does not have a driver, tie it to 0
W: Verilog-2020: [D:/pango/PDS_2020.3-Lite/arch/vendor/pango/arch/cdt/debug_core_rtls_pdir/ips_dbc_debug_core_v1_4.vp(line number: 5037)] Net conf_rdlast[12] in module ips_dbc_debug_core_v1_5 does not have a driver, tie it to 0
W: Verilog-2020: [D:/pango/PDS_2020.3-Lite/arch/vendor/pango/arch/cdt/debug_core_rtls_pdir/ips_dbc_debug_core_v1_4.vp(line number: 5037)] Net conf_rdlast[13] in module ips_dbc_debug_core_v1_5 does not have a driver, tie it to 0
W: Verilog-2020: [D:/pango/PDS_2020.3-Lite/arch/vendor/pango/arch/cdt/debug_core_rtls_pdir/ips_dbc_debug_core_v1_4.vp(line number: 5037)] Net conf_rdlast[14] in module ips_dbc_debug_core_v1_5 does not have a driver, tie it to 0
W: Verilog-2020: [D:/pango/PDS_2020.3-Lite/arch/vendor/pango/arch/cdt/debug_core_rtls_pdir/ips_dbc_debug_core_v1_4.vp(line number: 5037)] Net conf_rdlast[15] in module ips_dbc_debug_core_v1_5 does not have a driver, tie it to 0
W: Verilog-2020: [D:/pango/PDS_2020.3-Lite/arch/vendor/pango/arch/cdt/debug_core_rtls_pdir/ips_dbc_debug_core_v1_4.vp(line number: 5037)] Net conf_rdlast[17] in module ips_dbc_debug_core_v1_5 does not have a driver, tie it to 0
W: Verilog-2020: [D:/pango/PDS_2020.3-Lite/arch/vendor/pango/arch/cdt/debug_core_rtls_pdir/ips_dbc_debug_core_v1_4.vp(line number: 5037)] Net conf_rdlast[19] in module ips_dbc_debug_core_v1_5 does not have a driver, tie it to 0
W: Verilog-2020: [D:/pango/PDS_2020.3-Lite/arch/vendor/pango/arch/cdt/debug_core_rtls_pdir/ips_dbc_debug_core_v1_4.vp(line number: 5038)] Net conf_rdata[1] in module ips_dbc_debug_core_v1_5 does not have a driver, tie it to 0
W: Verilog-2020: [D:/pango/PDS_2020.3-Lite/arch/vendor/pango/arch/cdt/debug_core_rtls_pdir/ips_dbc_debug_core_v1_4.vp(line number: 5038)] Net conf_rdata[2] in module ips_dbc_debug_core_v1_5 does not have a driver, tie it to 0
W: Verilog-2020: [D:/pango/PDS_2020.3-Lite/arch/vendor/pango/arch/cdt/debug_core_rtls_pdir/ips_dbc_debug_core_v1_4.vp(line number: 5038)] Net conf_rdata[3] in module ips_dbc_debug_core_v1_5 does not have a driver, tie it to 0
W: Verilog-2020: [D:/pango/PDS_2020.3-Lite/arch/vendor/pango/arch/cdt/debug_core_rtls_pdir/ips_dbc_debug_core_v1_4.vp(line number: 5038)] Net conf_rdata[4] in module ips_dbc_debug_core_v1_5 does not have a driver, tie it to 0
W: Verilog-2020: [D:/pango/PDS_2020.3-Lite/arch/vendor/pango/arch/cdt/debug_core_rtls_pdir/ips_dbc_debug_core_v1_4.vp(line number: 5038)] Net conf_rdata[5] in module ips_dbc_debug_core_v1_5 does not have a driver, tie it to 0
W: Verilog-2020: [D:/pango/PDS_2020.3-Lite/arch/vendor/pango/arch/cdt/debug_core_rtls_pdir/ips_dbc_debug_core_v1_4.vp(line number: 5038)] Net conf_rdata[6] in module ips_dbc_debug_core_v1_5 does not have a driver, tie it to 0
W: Verilog-2020: [D:/pango/PDS_2020.3-Lite/arch/vendor/pango/arch/cdt/debug_core_rtls_pdir/ips_dbc_debug_core_v1_4.vp(line number: 5038)] Net conf_rdata[7] in module ips_dbc_debug_core_v1_5 does not have a driver, tie it to 0
W: Verilog-2020: [D:/pango/PDS_2020.3-Lite/arch/vendor/pango/arch/cdt/debug_core_rtls_pdir/ips_dbc_debug_core_v1_4.vp(line number: 5038)] Net conf_rdata[8] in module ips_dbc_debug_core_v1_5 does not have a driver, tie it to 0
W: Verilog-2020: [D:/pango/PDS_2020.3-Lite/arch/vendor/pango/arch/cdt/debug_core_rtls_pdir/ips_dbc_debug_core_v1_4.vp(line number: 5038)] Net conf_rdata[9] in module ips_dbc_debug_core_v1_5 does not have a driver, tie it to 0
W: Verilog-2020: [D:/pango/PDS_2020.3-Lite/arch/vendor/pango/arch/cdt/debug_core_rtls_pdir/ips_dbc_debug_core_v1_4.vp(line number: 5038)] Net conf_rdata[10] in module ips_dbc_debug_core_v1_5 does not have a driver, tie it to 0
W: Verilog-2020: [D:/pango/PDS_2020.3-Lite/arch/vendor/pango/arch/cdt/debug_core_rtls_pdir/ips_dbc_debug_core_v1_4.vp(line number: 5038)] Net conf_rdata[11] in module ips_dbc_debug_core_v1_5 does not have a driver, tie it to 0
W: Verilog-2020: [D:/pango/PDS_2020.3-Lite/arch/vendor/pango/arch/cdt/debug_core_rtls_pdir/ips_dbc_debug_core_v1_4.vp(line number: 5038)] Net conf_rdata[12] in module ips_dbc_debug_core_v1_5 does not have a driver, tie it to 0
W: Verilog-2020: [D:/pango/PDS_2020.3-Lite/arch/vendor/pango/arch/cdt/debug_core_rtls_pdir/ips_dbc_debug_core_v1_4.vp(line number: 5038)] Net conf_rdata[13] in module ips_dbc_debug_core_v1_5 does not have a driver, tie it to 0
W: Verilog-2020: [D:/pango/PDS_2020.3-Lite/arch/vendor/pango/arch/cdt/debug_core_rtls_pdir/ips_dbc_debug_core_v1_4.vp(line number: 5038)] Net conf_rdata[14] in module ips_dbc_debug_core_v1_5 does not have a driver, tie it to 0
W: Verilog-2020: [D:/pango/PDS_2020.3-Lite/arch/vendor/pango/arch/cdt/debug_core_rtls_pdir/ips_dbc_debug_core_v1_4.vp(line number: 5038)] Net conf_rdata[15] in module ips_dbc_debug_core_v1_5 does not have a driver, tie it to 0
W: Verilog-2020: [D:/pango/PDS_2020.3-Lite/arch/vendor/pango/arch/cdt/debug_core_rtls_pdir/ips_dbc_debug_core_v1_4.vp(line number: 5038)] Net conf_rdata[17] in module ips_dbc_debug_core_v1_5 does not have a driver, tie it to 0
W: Verilog-2020: [D:/pango/PDS_2020.3-Lite/arch/vendor/pango/arch/cdt/debug_core_rtls_pdir/ips_dbc_debug_core_v1_4.vp(line number: 5038)] Net conf_rdata[19] in module ips_dbc_debug_core_v1_5 does not have a driver, tie it to 0
W: Verilog-2021: [D:/pango/PDS_2020.3-Lite/arch/vendor/pango/arch/cdt/debug_core_rtls_pdir/ips_dbc_debug_core_v1_4.vp(line number: 5215)] Net G_M_1.mu_signal_concat_1 in module ips_dbc_debug_core_v1_5 does not have a driver, tie it to 0
W: Verilog-2021: [D:/pango/PDS_2020.3-Lite/arch/vendor/pango/arch/cdt/debug_core_rtls_pdir/ips_dbc_debug_core_v1_4.vp(line number: 5218)] Net G_M_1.mu_signal_combine_1 in module ips_dbc_debug_core_v1_5 does not have a driver, tie it to 0
W: Verilog-2021: [D:/pango/PDS_2020.3-Lite/arch/vendor/pango/arch/cdt/debug_core_rtls_pdir/ips_dbc_debug_core_v1_4.vp(line number: 5221)] Net G_M_1.signal_combine_1 in module ips_dbc_debug_core_v1_5 does not have a driver, tie it to 0
W: Verilog-2021: [D:/pango/PDS_2020.3-Lite/arch/vendor/pango/arch/cdt/debug_core_rtls_pdir/ips_dbc_debug_core_v1_4.vp(line number: 5255)] Net G_M_2.mu_signal_concat_2 in module ips_dbc_debug_core_v1_5 does not have a driver, tie it to 0
W: Verilog-2021: [D:/pango/PDS_2020.3-Lite/arch/vendor/pango/arch/cdt/debug_core_rtls_pdir/ips_dbc_debug_core_v1_4.vp(line number: 5258)] Net G_M_2.mu_signal_combine_2 in module ips_dbc_debug_core_v1_5 does not have a driver, tie it to 0
W: Verilog-2021: [D:/pango/PDS_2020.3-Lite/arch/vendor/pango/arch/cdt/debug_core_rtls_pdir/ips_dbc_debug_core_v1_4.vp(line number: 5261)] Net G_M_2.signal_combine_2 in module ips_dbc_debug_core_v1_5 does not have a driver, tie it to 0
W: Verilog-2021: [D:/pango/PDS_2020.3-Lite/arch/vendor/pango/arch/cdt/debug_core_rtls_pdir/ips_dbc_debug_core_v1_4.vp(line number: 5295)] Net G_M_3.mu_signal_concat_3 in module ips_dbc_debug_core_v1_5 does not have a driver, tie it to 0
W: Verilog-2021: [D:/pango/PDS_2020.3-Lite/arch/vendor/pango/arch/cdt/debug_core_rtls_pdir/ips_dbc_debug_core_v1_4.vp(line number: 5298)] Net G_M_3.mu_signal_combine_3 in module ips_dbc_debug_core_v1_5 does not have a driver, tie it to 0
W: Verilog-2021: [D:/pango/PDS_2020.3-Lite/arch/vendor/pango/arch/cdt/debug_core_rtls_pdir/ips_dbc_debug_core_v1_4.vp(line number: 5301)] Net G_M_3.signal_combine_3 in module ips_dbc_debug_core_v1_5 does not have a driver, tie it to 0
W: Verilog-2021: [D:/pango/PDS_2020.3-Lite/arch/vendor/pango/arch/cdt/debug_core_rtls_pdir/ips_dbc_debug_core_v1_4.vp(line number: 5335)] Net G_M_4.mu_signal_concat_4 in module ips_dbc_debug_core_v1_5 does not have a driver, tie it to 0
W: Verilog-2021: [D:/pango/PDS_2020.3-Lite/arch/vendor/pango/arch/cdt/debug_core_rtls_pdir/ips_dbc_debug_core_v1_4.vp(line number: 5338)] Net G_M_4.mu_signal_combine_4 in module ips_dbc_debug_core_v1_5 does not have a driver, tie it to 0
W: Verilog-2021: [D:/pango/PDS_2020.3-Lite/arch/vendor/pango/arch/cdt/debug_core_rtls_pdir/ips_dbc_debug_core_v1_4.vp(line number: 5341)] Net G_M_4.signal_combine_4 in module ips_dbc_debug_core_v1_5 does not have a driver, tie it to 0
W: Verilog-2021: [D:/pango/PDS_2020.3-Lite/arch/vendor/pango/arch/cdt/debug_core_rtls_pdir/ips_dbc_debug_core_v1_4.vp(line number: 5375)] Net G_M_5.mu_signal_concat_5 in module ips_dbc_debug_core_v1_5 does not have a driver, tie it to 0
W: Verilog-2021: [D:/pango/PDS_2020.3-Lite/arch/vendor/pango/arch/cdt/debug_core_rtls_pdir/ips_dbc_debug_core_v1_4.vp(line number: 5378)] Net G_M_5.mu_signal_combine_5 in module ips_dbc_debug_core_v1_5 does not have a driver, tie it to 0
W: Verilog-2021: [D:/pango/PDS_2020.3-Lite/arch/vendor/pango/arch/cdt/debug_core_rtls_pdir/ips_dbc_debug_core_v1_4.vp(line number: 5381)] Net G_M_5.signal_combine_5 in module ips_dbc_debug_core_v1_5 does not have a driver, tie it to 0
W: Verilog-2021: [D:/pango/PDS_2020.3-Lite/arch/vendor/pango/arch/cdt/debug_core_rtls_pdir/ips_dbc_debug_core_v1_4.vp(line number: 5415)] Net G_M_6.mu_signal_concat_6 in module ips_dbc_debug_core_v1_5 does not have a driver, tie it to 0
W: Verilog-2021: [D:/pango/PDS_2020.3-Lite/arch/vendor/pango/arch/cdt/debug_core_rtls_pdir/ips_dbc_debug_core_v1_4.vp(line number: 5418)] Net G_M_6.mu_signal_combine_6 in module ips_dbc_debug_core_v1_5 does not have a driver, tie it to 0
W: Verilog-2021: [D:/pango/PDS_2020.3-Lite/arch/vendor/pango/arch/cdt/debug_core_rtls_pdir/ips_dbc_debug_core_v1_4.vp(line number: 5421)] Net G_M_6.signal_combine_6 in module ips_dbc_debug_core_v1_5 does not have a driver, tie it to 0
W: Verilog-2021: [D:/pango/PDS_2020.3-Lite/arch/vendor/pango/arch/cdt/debug_core_rtls_pdir/ips_dbc_debug_core_v1_4.vp(line number: 5455)] Net G_M_7.mu_signal_concat_7 in module ips_dbc_debug_core_v1_5 does not have a driver, tie it to 0
W: Verilog-2021: [D:/pango/PDS_2020.3-Lite/arch/vendor/pango/arch/cdt/debug_core_rtls_pdir/ips_dbc_debug_core_v1_4.vp(line number: 5458)] Net G_M_7.mu_signal_combine_7 in module ips_dbc_debug_core_v1_5 does not have a driver, tie it to 0
W: Verilog-2021: [D:/pango/PDS_2020.3-Lite/arch/vendor/pango/arch/cdt/debug_core_rtls_pdir/ips_dbc_debug_core_v1_4.vp(line number: 5461)] Net G_M_7.signal_combine_7 in module ips_dbc_debug_core_v1_5 does not have a driver, tie it to 0
W: Verilog-2021: [D:/pango/PDS_2020.3-Lite/arch/vendor/pango/arch/cdt/debug_core_rtls_pdir/ips_dbc_debug_core_v1_4.vp(line number: 5495)] Net G_M_8.mu_signal_concat_8 in module ips_dbc_debug_core_v1_5 does not have a driver, tie it to 0
W: Verilog-2021: [D:/pango/PDS_2020.3-Lite/arch/vendor/pango/arch/cdt/debug_core_rtls_pdir/ips_dbc_debug_core_v1_4.vp(line number: 5498)] Net G_M_8.mu_signal_combine_8 in module ips_dbc_debug_core_v1_5 does not have a driver, tie it to 0
W: Verilog-2021: [D:/pango/PDS_2020.3-Lite/arch/vendor/pango/arch/cdt/debug_core_rtls_pdir/ips_dbc_debug_core_v1_4.vp(line number: 5501)] Net G_M_8.signal_combine_8 in module ips_dbc_debug_core_v1_5 does not have a driver, tie it to 0
W: Verilog-2021: [D:/pango/PDS_2020.3-Lite/arch/vendor/pango/arch/cdt/debug_core_rtls_pdir/ips_dbc_debug_core_v1_4.vp(line number: 5535)] Net G_M_9.mu_signal_concat_9 in module ips_dbc_debug_core_v1_5 does not have a driver, tie it to 0
W: Verilog-2021: [D:/pango/PDS_2020.3-Lite/arch/vendor/pango/arch/cdt/debug_core_rtls_pdir/ips_dbc_debug_core_v1_4.vp(line number: 5538)] Net G_M_9.mu_signal_combine_9 in module ips_dbc_debug_core_v1_5 does not have a driver, tie it to 0
W: Verilog-2021: [D:/pango/PDS_2020.3-Lite/arch/vendor/pango/arch/cdt/debug_core_rtls_pdir/ips_dbc_debug_core_v1_4.vp(line number: 5541)] Net G_M_9.signal_combine_9 in module ips_dbc_debug_core_v1_5 does not have a driver, tie it to 0
W: Verilog-2021: [D:/pango/PDS_2020.3-Lite/arch/vendor/pango/arch/cdt/debug_core_rtls_pdir/ips_dbc_debug_core_v1_4.vp(line number: 5575)] Net G_M_10.mu_signal_concat_10 in module ips_dbc_debug_core_v1_5 does not have a driver, tie it to 0
W: Verilog-2021: [D:/pango/PDS_2020.3-Lite/arch/vendor/pango/arch/cdt/debug_core_rtls_pdir/ips_dbc_debug_core_v1_4.vp(line number: 5578)] Net G_M_10.mu_signal_combine_10 in module ips_dbc_debug_core_v1_5 does not have a driver, tie it to 0
W: Verilog-2021: [D:/pango/PDS_2020.3-Lite/arch/vendor/pango/arch/cdt/debug_core_rtls_pdir/ips_dbc_debug_core_v1_4.vp(line number: 5581)] Net G_M_10.signal_combine_10 in module ips_dbc_debug_core_v1_5 does not have a driver, tie it to 0
W: Verilog-2021: [D:/pango/PDS_2020.3-Lite/arch/vendor/pango/arch/cdt/debug_core_rtls_pdir/ips_dbc_debug_core_v1_4.vp(line number: 5615)] Net G_M_11.mu_signal_concat_11 in module ips_dbc_debug_core_v1_5 does not have a driver, tie it to 0
W: Verilog-2021: [D:/pango/PDS_2020.3-Lite/arch/vendor/pango/arch/cdt/debug_core_rtls_pdir/ips_dbc_debug_core_v1_4.vp(line number: 5618)] Net G_M_11.mu_signal_combine_11 in module ips_dbc_debug_core_v1_5 does not have a driver, tie it to 0
W: Verilog-2021: [D:/pango/PDS_2020.3-Lite/arch/vendor/pango/arch/cdt/debug_core_rtls_pdir/ips_dbc_debug_core_v1_4.vp(line number: 5621)] Net G_M_11.signal_combine_11 in module ips_dbc_debug_core_v1_5 does not have a driver, tie it to 0
W: Verilog-2021: [D:/pango/PDS_2020.3-Lite/arch/vendor/pango/arch/cdt/debug_core_rtls_pdir/ips_dbc_debug_core_v1_4.vp(line number: 5655)] Net G_M_12.mu_signal_concat_12 in module ips_dbc_debug_core_v1_5 does not have a driver, tie it to 0
W: Verilog-2021: [D:/pango/PDS_2020.3-Lite/arch/vendor/pango/arch/cdt/debug_core_rtls_pdir/ips_dbc_debug_core_v1_4.vp(line number: 5658)] Net G_M_12.mu_signal_combine_12 in module ips_dbc_debug_core_v1_5 does not have a driver, tie it to 0
W: Verilog-2021: [D:/pango/PDS_2020.3-Lite/arch/vendor/pango/arch/cdt/debug_core_rtls_pdir/ips_dbc_debug_core_v1_4.vp(line number: 5661)] Net G_M_12.signal_combine_12 in module ips_dbc_debug_core_v1_5 does not have a driver, tie it to 0
W: Verilog-2021: [D:/pango/PDS_2020.3-Lite/arch/vendor/pango/arch/cdt/debug_core_rtls_pdir/ips_dbc_debug_core_v1_4.vp(line number: 5695)] Net G_M_13.mu_signal_concat_13 in module ips_dbc_debug_core_v1_5 does not have a driver, tie it to 0
W: Verilog-2021: [D:/pango/PDS_2020.3-Lite/arch/vendor/pango/arch/cdt/debug_core_rtls_pdir/ips_dbc_debug_core_v1_4.vp(line number: 5698)] Net G_M_13.mu_signal_combine_13 in module ips_dbc_debug_core_v1_5 does not have a driver, tie it to 0
W: Verilog-2021: [D:/pango/PDS_2020.3-Lite/arch/vendor/pango/arch/cdt/debug_core_rtls_pdir/ips_dbc_debug_core_v1_4.vp(line number: 5701)] Net G_M_13.signal_combine_13 in module ips_dbc_debug_core_v1_5 does not have a driver, tie it to 0
W: Verilog-2021: [D:/pango/PDS_2020.3-Lite/arch/vendor/pango/arch/cdt/debug_core_rtls_pdir/ips_dbc_debug_core_v1_4.vp(line number: 5735)] Net G_M_14.mu_signal_concat_14 in module ips_dbc_debug_core_v1_5 does not have a driver, tie it to 0
W: Verilog-2021: [D:/pango/PDS_2020.3-Lite/arch/vendor/pango/arch/cdt/debug_core_rtls_pdir/ips_dbc_debug_core_v1_4.vp(line number: 5738)] Net G_M_14.mu_signal_combine_14 in module ips_dbc_debug_core_v1_5 does not have a driver, tie it to 0
W: Verilog-2021: [D:/pango/PDS_2020.3-Lite/arch/vendor/pango/arch/cdt/debug_core_rtls_pdir/ips_dbc_debug_core_v1_4.vp(line number: 5741)] Net G_M_14.signal_combine_14 in module ips_dbc_debug_core_v1_5 does not have a driver, tie it to 0
W: Verilog-2021: [D:/pango/PDS_2020.3-Lite/arch/vendor/pango/arch/cdt/debug_core_rtls_pdir/ips_dbc_debug_core_v1_4.vp(line number: 5775)] Net G_M_15.mu_signal_concat_15 in module ips_dbc_debug_core_v1_5 does not have a driver, tie it to 0
W: Verilog-2021: [D:/pango/PDS_2020.3-Lite/arch/vendor/pango/arch/cdt/debug_core_rtls_pdir/ips_dbc_debug_core_v1_4.vp(line number: 5778)] Net G_M_15.mu_signal_combine_15 in module ips_dbc_debug_core_v1_5 does not have a driver, tie it to 0
W: Verilog-2021: [D:/pango/PDS_2020.3-Lite/arch/vendor/pango/arch/cdt/debug_core_rtls_pdir/ips_dbc_debug_core_v1_4.vp(line number: 5781)] Net G_M_15.signal_combine_15 in module ips_dbc_debug_core_v1_5 does not have a driver, tie it to 0
W: Verilog-2023: [E:/Arm/purple_light/ddr3_hdmi/device_map/ins_rev/cores.v(line number: 230)] Give initial value 0 for the no drive pin TCK in module instance
W: Verilog-2023: [E:/Arm/purple_light/ddr3_hdmi/device_map/ins_rev/cores.v(line number: 230)] Give initial value 0 for the no drive pin TDI in module instance
W: Verilog-2023: [E:/Arm/purple_light/ddr3_hdmi/device_map/ins_rev/cores.v(line number: 230)] Give initial value 0 for the no drive pin TMS in module instance
W: Verilog-2020: [E:/Arm/purple_light/ddr3_hdmi/device_map/ins_rev/cores.v(line number: 244)] Net hub_tdo[2] in module CORES does not have a driver, tie it to 0
W: Verilog-2020: [E:/Arm/purple_light/ddr3_hdmi/device_map/ins_rev/cores.v(line number: 244)] Net hub_tdo[3] in module CORES does not have a driver, tie it to 0
W: Verilog-2020: [E:/Arm/purple_light/ddr3_hdmi/device_map/ins_rev/cores.v(line number: 244)] Net hub_tdo[4] in module CORES does not have a driver, tie it to 0
W: Verilog-2020: [E:/Arm/purple_light/ddr3_hdmi/device_map/ins_rev/cores.v(line number: 244)] Net hub_tdo[5] in module CORES does not have a driver, tie it to 0
W: Verilog-2020: [E:/Arm/purple_light/ddr3_hdmi/device_map/ins_rev/cores.v(line number: 244)] Net hub_tdo[6] in module CORES does not have a driver, tie it to 0
W: Verilog-2020: [E:/Arm/purple_light/ddr3_hdmi/device_map/ins_rev/cores.v(line number: 244)] Net hub_tdo[7] in module CORES does not have a driver, tie it to 0
W: Verilog-2020: [E:/Arm/purple_light/ddr3_hdmi/device_map/ins_rev/cores.v(line number: 244)] Net hub_tdo[8] in module CORES does not have a driver, tie it to 0
W: Verilog-2020: [E:/Arm/purple_light/ddr3_hdmi/device_map/ins_rev/cores.v(line number: 244)] Net hub_tdo[9] in module CORES does not have a driver, tie it to 0
W: Verilog-2020: [E:/Arm/purple_light/ddr3_hdmi/device_map/ins_rev/cores.v(line number: 244)] Net hub_tdo[10] in module CORES does not have a driver, tie it to 0
W: Verilog-2020: [E:/Arm/purple_light/ddr3_hdmi/device_map/ins_rev/cores.v(line number: 244)] Net hub_tdo[11] in module CORES does not have a driver, tie it to 0
W: Verilog-2020: [E:/Arm/purple_light/ddr3_hdmi/device_map/ins_rev/cores.v(line number: 244)] Net hub_tdo[12] in module CORES does not have a driver, tie it to 0
W: Verilog-2020: [E:/Arm/purple_light/ddr3_hdmi/device_map/ins_rev/cores.v(line number: 244)] Net hub_tdo[13] in module CORES does not have a driver, tie it to 0
W: Verilog-2020: [E:/Arm/purple_light/ddr3_hdmi/device_map/ins_rev/cores.v(line number: 244)] Net hub_tdo[14] in module CORES does not have a driver, tie it to 0
W: Verilog-2020: [E:/Arm/purple_light/ddr3_hdmi/device_map/ins_rev/cores.v(line number: 244)] Net hub_tdo[15] in module CORES does not have a driver, tie it to 0
Executing : rtl-elaborate successfully.
Start rtl-prep.
Executing : rtl-prep successfully.
Start rtl-infer.
I: Removed inst tu_sig_dly that is redundant to signal_dly[4:0].
I: Sdm-0001: Found Ram block_ram.ram_data, depth=512, width=6.
I: Removed inst tu_sig_dly that is redundant to signal_dly[23:0].
I: Sdm-0001: Found Ram block_ram.ram_data, depth=512, width=25.
Executing : rtl-infer successfully.
Start rtl-control-opt.
Executing : rtl-control-opt successfully.
Start rtl-data-opt.
Executing : rtl-data-opt successfully.
Start FSM inference.
Executing : FSM inference successfully.
Start sdm2adm.
I: Constant propagation done on N359 (bmsWIDEMUX).
I: Constant propagation done on N360 (bmsWIDEMUX).
I: Constant propagation done on N361 (bmsWIDEMUX).
I: Constant propagation done on N362 (bmsWIDEMUX).
I: Constant propagation done on N363 (bmsWIDEMUX).
I: Constant propagation done on N364 (bmsWIDEMUX).
I: Constant propagation done on N365 (bmsWIDEMUX).
I: Constant propagation done on N366 (bmsWIDEMUX).
I: Constant propagation done on N367 (bmsWIDEMUX).
I: Constant propagation done on N368 (bmsWIDEMUX).
Executing : sdm2adm successfully.
Saving design to DB.
Action compile: Real time elapsed is 8.000 sec
Action compile: CPU time elapsed is 7.766 sec
Current time: Thu Oct 13 21:38:50 2022
Action compile: Peak memory pool usage is 136,990,720 bytes
